
19:17:Sphere Version 0.56b-Nightly [WIN32] by www.sphereserver.com, compiled at Sep  9 2008 (16:35:28)
19:17:WARNING: --- WARNING ---

This is a nightly build of SphereServer. This build is to be used
for testing and/or bug reporting ONLY. DO NOT run this build on a
live shard unless you know what you are doing!
Nightly builds are automatically made every night from source and
might contain errors, might be unstable or even destroy your
shard as they are mostly untested!
 ---------------------------------

19:17:Expansion maps supported: T2A, LBR, AOS, SE
19:17:Allocating map sectors: 0=6144 1=6144 2=900 3=1280 4=32761
19:17:Indexing 259 scripts...
19:17:Loading scripts/sphere_defs.scp
19:17:Loading scripts/sphere_types.scp
19:17:Loading scripts/sphere_book.scp
19:17:Loading scripts/sphere_backward_compatibility.scp
19:17:Loading scripts/sphere_events_human.scp
19:17:Loading scripts/sphere_events_npcs.scp
19:17:Loading scripts/npcs/spherechar_se.scp
19:17:Loading scripts/npcs/spherechar_new_mounts.scp
19:17:Loading scripts/npcs/spherechar_mondains_legacy.scp
19:17:Loading scripts/npcs/spherechar_misc.scp
19:17:Loading scripts/npcs/spherechar_lbr.scp
19:17:Loading scripts/npcs/spherechar_human.scp
19:17:Loading scripts/npcs/spherechar_evil.scp
19:17:Loading scripts/npcs/spherechar_aos.scp
19:17:Loading scripts/npcs/spherechar_anim.scp
19:17:Loading scripts/npcs/spherechar.scp
19:17:Loading scripts/sphere_admin.scp
19:17:Loading scripts/sphere_dialog.scp
19:17:Loading scripts/items/sphere_item_resources.scp
19:17:Loading scripts/items/sphere_minor_artifacts.scp
19:17:Loading scripts/items/sphere_item_vegetation.scp
19:17:Loading scripts/items/sphere_item_unsorted.scp
19:17:Loading scripts/items/sphere_item_treasure_maps.scp
19:17:Loading scripts/items/sphere_item_ship_parts.scp
19:17:Loading scripts/items/sphere_item_provisions_weapons_se.scp
19:17:Loading scripts/items/sphere_item_provisions_weapons_ml.scp
19:17:Loading scripts/items/sphere_item_provisions_weapons_aos.scp
19:17:Loading scripts/items/sphere_item_provisions_weapons.scp
19:17:Loading scripts/items/sphere_item_provisions_potions.scp
19:17:Loading scripts/items/sphere_item_provisions_ore.scp
19:17:Loading scripts/items/sphere_item_provisions_misc.scp
19:17:Loading scripts/items/sphere_item_provisions_jewelry.scp
19:17:Loading scripts/items/sphere_item_provisions_deeds.scp
19:17:Loading scripts/items/sphere_item_provisions_deed.scp
19:17:Loading scripts/items/sphere_item_provisions_clothing_ml.scp
19:17:Loading scripts/items/sphere_item_provisions_clothing.scp
19:17:Loading scripts/items/sphere_item_provisions_beers.scp
19:17:Loading scripts/items/sphere_item_provisions_armor_se.scp
19:17:Loading scripts/items/sphere_item_provisions_armor_ml.scp
19:17:Loading scripts/items/sphere_item_provisions_armor_color.scp
19:17:Loading scripts/items/sphere_item_provisions_armor_aos.scp
19:17:Loading scripts/items/sphere_item_provisions_armor.scp
19:17:Loading scripts/items/sphere_item_provisions_alchemy_magic.scp
19:17:Loading scripts/items/sphere_item_profession_tailor_tanner.scp
19:17:Loading scripts/items/sphere_item_profession_cook_barkeep_baker.scp
19:17:Loading scripts/items/sphere_item_profession_cartographer.scp
19:17:Loading scripts/items/sphere_item_profession_barber.scp
19:17:Loading scripts/items/sphere_item_profession_alchemist_mage.scp
19:17:Loading scripts/items/sphere_item_profession.scp
19:17:Loading scripts/items/sphere_item_multis_stairs.scp
19:17:Loading scripts/items/sphere_item_multis_houses_ships.scp
19:17:Loading scripts/items/sphere_item_multis_foundations.scp
19:17:Loading scripts/items/sphere_item_ml_misc.scp
19:17:Loading scripts/items/sphere_item_ml_floor_wall.scp
19:17:Loading scripts/items/sphere_item_ml.scp
19:17:Loading scripts/items/sphere_item_misc_se.scp
19:17:Loading scripts/items/sphere_item_misc.scp
19:17:Loading scripts/items/sphere_item_magic_weapon.scp
19:17:Loading scripts/items/sphere_item_magic_wands.scp
19:17:Loading scripts/items/sphere_item_magic_necromancer_aos.scp
19:17:Loading scripts/items/sphere_item_magic_leather.scp
19:17:Loading scripts/items/sphere_item_magic_armor.scp
19:17:Loading scripts/items/sphere_item_icons_new.scp
19:17:Loading scripts/items/sphere_item_ground_tiles.scp
19:17:Loading scripts/items/sphere_item_eight_age.scp
19:17:Loading scripts/items/sphere_item_deco_signs.scp
19:17:Loading scripts/items/sphere_item_deco_misc.scp
19:17:Loading scripts/items/sphere_item_deco_mini_houses.scp
19:17:Loading scripts/items/sphere_item_deco_lightsources.scp
19:17:Loading scripts/items/sphere_item_deco_furniture.scp
19:17:Loading scripts/items/sphere_item_deco_fireplace_chimney_oven.scp
19:17:Loading scripts/items/sphere_item_deco_evilitem.scp
19:17:Loading scripts/items/sphere_item_deco_dungeons_traps_dead.scp
19:17:Loading scripts/items/sphere_item_deco_curtains_banners_tapestries.scp
19:17:Loading scripts/items/sphere_item_deco_carvings_statues.scp
19:17:Loading scripts/items/sphere_item_deco_carpet_rugs.scp
19:17:Loading scripts/items/sphere_item_christimas.scp
19:17:Loading scripts/items/sphere_item_char_icons.scp
19:17:Loading scripts/items/sphere_item_building_walls_se.scp
19:17:Loading scripts/items/sphere_item_building_walls.scp
19:17:Loading scripts/items/sphere_item_building_stairs_ml.scp
19:17:Loading scripts/items/sphere_item_building_stairs.scp
19:17:Loading scripts/items/sphere_item_building_roofs_se.scp
19:17:Loading scripts/items/sphere_item_building_roofs_ml.scp
19:17:Loading scripts/items/sphere_item_building_roofs_aos.scp
19:17:Loading scripts/items/sphere_item_building_roofs.scp
19:17:Loading scripts/items/sphere_item_building_other.scp
19:17:Loading scripts/items/sphere_item_building_floors_se.scp
19:17:Loading scripts/items/sphere_item_building_floors.scp
19:17:Loading scripts/items/sphere_item_building_fence.scp
19:17:Loading scripts/items/sphere_item_building_doors.scp
19:17:Loading scripts/items/sphere_item_boulders_rocks.scp
19:17:Loading scripts/items/sphere_item_aos_se.scp
19:17:Loading scripts/items/sphere_item_animations.scp
19:17:Loading scripts/sphere_region.scp
19:17:Loading scripts/maps/sphere_map0.scp
19:17:Loading scripts/maps/sphere_map1.scp
19:17:Loading scripts/maps/sphere_map_points0.scp
19:17:Loading scripts/maps/sphere_map_points1.scp
19:17:Loading scripts/sphere_menu.scp
19:17:Loading scripts/sphere_name.scp
19:17:Loading scripts/sphere_skillmenu.scp
19:17:Loading scripts/sphere_spawns.scp
19:17:Loading scripts/sphere_speech.scp
19:17:Loading scripts/sphere_skills.scp
19:17:Loading scripts/sphere_spells.scp
19:17:Loading scripts/sphere_newb.scp
19:17:Loading scripts/sphere_template.scp
19:17:Loading scripts/sphere_template_loot.scp
19:17:Loading scripts/sphere_template_vend.scp
19:17:Loading scripts/sphere_triggers.scp
19:17:Loading scripts/sphere_serv_triggers.scp
19:17:Loading scripts/speech/townyew.scp
19:17:Loading scripts/speech/townwind.scp
19:17:Loading scripts/speech/townvesper.scp
19:17:Loading scripts/speech/towntrinsic.scp
19:17:Loading scripts/speech/townskarabrae.scp
19:17:Loading scripts/speech/townserphold.scp
19:17:Loading scripts/speech/townnujelm.scp
19:17:Loading scripts/speech/townmoonglow.scp
19:17:Loading scripts/speech/townminoc.scp
19:17:Loading scripts/speech/townmagincia.scp
19:17:Loading scripts/speech/townjhelom.scp
19:17:Loading scripts/speech/towncove.scp
19:17:Loading scripts/speech/townbucsden.scp
19:17:Loading scripts/speech/townbritain.scp
19:17:Loading scripts/speech/spherespee.scp
19:17:Loading scripts/speech/speakshopkeep.scp
19:17:Loading scripts/speech/speakrehello.scp
19:17:Loading scripts/speech/speakorc.scp
19:17:Loading scripts/speech/speakneeds.scp
19:17:Loading scripts/speech/speakmaster.scp
19:17:Loading scripts/speech/speakhuman.scp
19:17:Loading scripts/speech/speakhorse.scp
19:17:Loading scripts/speech/jobweaver.scp
19:17:Loading scripts/speech/jobweaponstrainer.scp
19:17:Loading scripts/speech/jobweaponsmith.scp
19:17:Loading scripts/speech/jobwaiter.scp
19:17:Loading scripts/speech/jobvet.scp
19:17:Loading scripts/speech/jobveggie.scp
19:17:Loading scripts/speech/jobtinker.scp
19:17:Loading scripts/speech/jobthief.scp
19:17:Loading scripts/speech/jobtavernkeeper.scp
19:17:Loading scripts/speech/jobtanner.scp
19:17:Loading scripts/speech/jobshipwright.scp
19:17:Loading scripts/speech/jobshepherd.scp
19:17:Loading scripts/speech/jobservant.scp
19:17:Loading scripts/speech/jobsculptor.scp
19:17:Loading scripts/speech/jobscribe.scp
19:17:Loading scripts/speech/jobscholar.scp
19:17:Loading scripts/speech/jobsailor.scp
19:17:Loading scripts/speech/jobrunner.scp
19:17:Loading scripts/speech/jobrealtor.scp
19:17:Loading scripts/speech/jobranger.scp
19:17:Loading scripts/speech/jobrancher.scp
19:17:Loading scripts/speech/jobprovisioner.scp
19:17:Loading scripts/speech/jobprisoner.scp
19:17:Loading scripts/speech/jobpriest.scp
19:17:Loading scripts/speech/jobpirate.scp
19:17:Loading scripts/speech/jobparliament.scp
19:17:Loading scripts/speech/jobpaladin.scp
19:17:Loading scripts/speech/joboverseer.scp
19:17:Loading scripts/speech/jobnoble.scp
19:17:Loading scripts/speech/jobmonk.scp
19:17:Loading scripts/speech/jobminter.scp
19:17:Loading scripts/speech/jobminer.scp
19:17:Loading scripts/speech/jobmiller.scp
19:17:Loading scripts/speech/jobmayor.scp
19:17:Loading scripts/speech/jobmapmaker.scp
19:17:Loading scripts/speech/jobMageShop.scp
19:17:Loading scripts/speech/jobMageEvil.scp
19:17:Loading scripts/speech/jobMage.scp
19:17:Loading scripts/speech/joblaborer.scp
19:17:Loading scripts/speech/jobjudge.scp
19:17:Loading scripts/speech/jobjeweller.scp
19:17:Loading scripts/speech/jobjailor.scp
19:17:Loading scripts/speech/jobinnkeeper.scp
19:17:Loading scripts/speech/jobherbalist.scp
19:17:Loading scripts/speech/jobhealwand.scp
19:17:Loading scripts/speech/jobhealer.scp
19:17:Loading scripts/speech/jobGuard.scp
19:17:Loading scripts/speech/jobglassblower.scp
19:17:Loading scripts/speech/jobgambler.scp
19:17:Loading scripts/speech/jobfurtrader.scp
19:17:Loading scripts/speech/jobfarmer.scp
19:17:Loading scripts/speech/jobcobbler.scp
19:17:Loading scripts/speech/jobcashual.scp
19:17:Loading scripts/speech/jobcarpenter.scp
19:17:Loading scripts/speech/jobbutcher.scp
19:17:Loading scripts/speech/jobBrigand.scp
19:17:Loading scripts/speech/jobbowyer.scp
19:17:Loading scripts/speech/jobblacksmith.scp
19:17:Loading scripts/speech/jobbeggar.scp
19:17:Loading scripts/speech/jobbeekeeper.scp
19:17:Loading scripts/speech/jobbard.scp
19:17:Loading scripts/speech/jobbanker.scp
19:17:Loading scripts/speech/jobbaker.scp
19:17:Loading scripts/speech/jobartist.scp
19:17:Loading scripts/speech/jobarmourer.scp
19:17:Loading scripts/speech/jobarchitect.scp
19:17:Loading scripts/speech/jobanimal.scp
19:17:Loading scripts/speech/jobalchemist.scp
19:17:Loading scripts/speech/jobactor.scp
19:17:Loading scripts/sphere_msgs.scp
19:17:Loading scripts/stones/sphere_genericstone_types.scp
19:17:Loading scripts/stones/sphere_genericstone_items.scp
19:17:Loading scripts/stones/sphere_genericstone_functions.scp
19:17:Loading scripts/stones/sphere_genericstone_config.scp
19:17:Loading scripts/stones/guilds/sphere_guild_types.scp
19:17:Loading scripts/stones/guilds/sphere_guild_speech.scp
19:17:Loading scripts/stones/guilds/sphere_guild_promptconsole.scp
19:17:Loading scripts/stones/guilds/sphere_guild_items.scp
19:17:Loading scripts/stones/guilds/sphere_guild_functions_player.scp
19:17:Loading scripts/stones/guilds/sphere_guild_functions.scp
19:17:Loading scripts/stones/guilds/sphere_guild_events.scp
19:17:Loading scripts/stones/guilds/sphere_guild_dlg_warfarestatus.scp
19:17:Loading scripts/stones/guilds/sphere_guild_dlg_warfaredeclare.scp
19:17:Loading scripts/stones/guilds/sphere_guild_dlg_warfareadmin.scp
19:17:Loading scripts/stones/guilds/sphere_guild_dlg_master.scp
19:17:Loading scripts/stones/guilds/sphere_guild_dlg_main.scp
19:17:Loading scripts/stones/guilds/sphere_guild_dlg_guildlist.scp
19:17:Loading scripts/stones/guilds/sphere_guild_dlg_charter.scp
19:17:Loading scripts/stones/guilds/sphere_guild_dlg_charlist.scp
19:17:Loading scripts/stones/guilds/sphere_guild_dlg_align.scp
19:17:Loading scripts/stones/guilds/sphere_guild_config.scp
19:17:Loading scripts/stones/towns/sphere_town_types.scp
19:17:Loading scripts/stones/towns/sphere_town_speech.scp
19:17:Loading scripts/stones/towns/sphere_town_promptconsole.scp
19:17:Loading scripts/stones/towns/sphere_town_items.scp
19:17:Loading scripts/stones/towns/sphere_town_functions_player.scp
19:17:Loading scripts/stones/towns/sphere_town_functions.scp
19:17:Loading scripts/stones/towns/sphere_town_events.scp
19:17:Loading scripts/stones/towns/sphere_town_dlg_warfarestatus.scp
19:17:Loading scripts/stones/towns/sphere_town_dlg_warfaredeclare.scp
19:17:Loading scripts/stones/towns/sphere_town_dlg_warfareadmin.scp
19:17:Loading scripts/stones/towns/sphere_town_dlg_townlist.scp
19:17:Loading scripts/stones/towns/sphere_town_dlg_master.scp
19:17:Loading scripts/stones/towns/sphere_town_dlg_main.scp
19:17:Loading scripts/stones/towns/sphere_town_dlg_charter.scp
19:17:Loading scripts/stones/towns/sphere_town_dlg_charlist.scp
19:17:Loading scripts/stones/towns/sphere_town_dlg_align.scp
19:17:Loading scripts/stones/towns/sphere_town_config.scp
19:17:Loading scripts/war script/sistema_runebook.scp
19:17:Loading scripts/war script/sistema_de_news.scp
19:17:Loading scripts/war script/sistema_bandagem.scp
19:17:Loading scripts/war script/sistema_arena_x1.scp
19:17:Loading scripts/war script/roupas.scp
19:17:Loading scripts/war script/plates.scp
19:17:Loading scripts/war script/pisos e gates.scp
19:17:Loading scripts/war script/pedra_votacao.scp
19:17:Loading scripts/war script/pedras.scp
19:17:Loading scripts/war script/Jail Staff.scp
19:17:Loading scripts/war script/itens_uteis.scp
19:17:Loading scripts/war script/itens_pvp.scp
19:17:Loading scripts/war script/events.scp
19:17:Loading scripts/war script/comandos.scp
19:17:Loading scripts/war script/arena_warrior.scp
19:17:Loading scripts/war script/areas.scp
19:17:Loading scripts/war script/accountinfo.scp
19:17:Loaded 54 client encryption keys.
19:17:Server started on 'DESKTOP-DE6N0I2' port 2593.
19:17:Monitoring IP '192.168.0.8'.
19:17:Loading save/spheredata...
19:17:Loading save/spherestatics...
19:17:Loading save/spheremultis...
19:17:Loading save/sphereworld...
19:17:Loading save/spherechars...
19:17:GC: 3064 Objects accounted for
19:17:Auto-complete dictionary loaded (contains 142 words).
19:17:Option flags: CommandSysmessages + NoHouseMuteSpeech
19:17:Admin=me@my.email.com, URL=www.myshard.com, Lang=English, TZ=0
19:17:Startup complete. items=3035, chars=29
19:17:Press '?' for console commands
19:18:4a8:Client connected [Total:1] ('127.0.0.1' 1/1)
19:18:4a8:Login 'rodrigo10'
19:18:4a8:Client disconnected [Total:0] ('127.0.0.1' 0/0)
19:18:4a8:Client connected [Total:1] ('127.0.0.1' 1/1)
19:18:4a8:Login 'rodrigo10'
19:18:4a8:Setup_Start acct='rodrigo10', char='eL DiGuInhO', IP='127.0.0.1'
19:25:4a8:Client disconnected [Total:0] ('127.0.0.1' 0/0)
19:25:FATAL:Server terminated by error 5!
