
11:46:Sphere Version 0.56b-Nightly [WIN32] by www.sphereserver.com, compiled at Sep  9 2008 (16:35:28)
11:46:WARNING: --- WARNING ---

This is a nightly build of SphereServer. This build is to be used
for testing and/or bug reporting ONLY. DO NOT run this build on a
live shard unless you know what you are doing!
Nightly builds are automatically made every night from source and
might contain errors, might be unstable or even destroy your
shard as they are mostly untested!
 ---------------------------------

11:46:Expansion maps supported: T2A, LBR, AOS, SE
11:46:Allocating map sectors: 0=6144 1=6144 2=900 3=1280 4=32761
11:46:Indexing 259 scripts...
11:46:Loading scripts/sphere_defs.scp
11:46:Loading scripts/sphere_types.scp
11:46:Loading scripts/sphere_book.scp
11:46:Loading scripts/sphere_backward_compatibility.scp
11:46:Loading scripts/sphere_events_human.scp
11:46:Loading scripts/sphere_events_npcs.scp
11:46:Loading scripts/npcs/spherechar_se.scp
11:46:Loading scripts/npcs/spherechar_new_mounts.scp
11:46:Loading scripts/npcs/spherechar_mondains_legacy.scp
11:46:Loading scripts/npcs/spherechar_misc.scp
11:46:Loading scripts/npcs/spherechar_lbr.scp
11:46:Loading scripts/npcs/spherechar_human.scp
11:46:Loading scripts/npcs/spherechar_evil.scp
11:46:Loading scripts/npcs/spherechar_aos.scp
11:46:Loading scripts/npcs/spherechar_anim.scp
11:46:Loading scripts/npcs/spherechar.scp
11:46:Loading scripts/sphere_admin.scp
11:46:Loading scripts/sphere_dialog.scp
11:46:Loading scripts/items/sphere_item_resources.scp
11:46:Loading scripts/items/sphere_minor_artifacts.scp
11:46:Loading scripts/items/sphere_item_vegetation.scp
11:46:Loading scripts/items/sphere_item_unsorted.scp
11:46:Loading scripts/items/sphere_item_treasure_maps.scp
11:46:Loading scripts/items/sphere_item_ship_parts.scp
11:46:Loading scripts/items/sphere_item_provisions_weapons_se.scp
11:46:Loading scripts/items/sphere_item_provisions_weapons_ml.scp
11:46:Loading scripts/items/sphere_item_provisions_weapons_aos.scp
11:46:Loading scripts/items/sphere_item_provisions_weapons.scp
11:46:Loading scripts/items/sphere_item_provisions_potions.scp
11:46:Loading scripts/items/sphere_item_provisions_ore.scp
11:46:Loading scripts/items/sphere_item_provisions_misc.scp
11:46:Loading scripts/items/sphere_item_provisions_jewelry.scp
11:46:Loading scripts/items/sphere_item_provisions_deeds.scp
11:46:Loading scripts/items/sphere_item_provisions_deed.scp
11:46:Loading scripts/items/sphere_item_provisions_clothing_ml.scp
11:46:Loading scripts/items/sphere_item_provisions_clothing.scp
11:46:Loading scripts/items/sphere_item_provisions_beers.scp
11:46:Loading scripts/items/sphere_item_provisions_armor_se.scp
11:46:Loading scripts/items/sphere_item_provisions_armor_ml.scp
11:46:Loading scripts/items/sphere_item_provisions_armor_color.scp
11:46:Loading scripts/items/sphere_item_provisions_armor_aos.scp
11:46:Loading scripts/items/sphere_item_provisions_armor.scp
11:46:Loading scripts/items/sphere_item_provisions_alchemy_magic.scp
11:46:Loading scripts/items/sphere_item_profession_tailor_tanner.scp
11:46:Loading scripts/items/sphere_item_profession_cook_barkeep_baker.scp
11:46:Loading scripts/items/sphere_item_profession_cartographer.scp
11:46:Loading scripts/items/sphere_item_profession_barber.scp
11:46:Loading scripts/items/sphere_item_profession_alchemist_mage.scp
11:46:Loading scripts/items/sphere_item_profession.scp
11:46:Loading scripts/items/sphere_item_multis_stairs.scp
11:46:Loading scripts/items/sphere_item_multis_houses_ships.scp
11:46:Loading scripts/items/sphere_item_multis_foundations.scp
11:46:Loading scripts/items/sphere_item_ml_misc.scp
11:46:Loading scripts/items/sphere_item_ml_floor_wall.scp
11:46:Loading scripts/items/sphere_item_ml.scp
11:46:Loading scripts/items/sphere_item_misc_se.scp
11:46:Loading scripts/items/sphere_item_misc.scp
11:46:Loading scripts/items/sphere_item_magic_weapon.scp
11:46:Loading scripts/items/sphere_item_magic_wands.scp
11:46:Loading scripts/items/sphere_item_magic_necromancer_aos.scp
11:46:Loading scripts/items/sphere_item_magic_leather.scp
11:46:Loading scripts/items/sphere_item_magic_armor.scp
11:46:Loading scripts/items/sphere_item_icons_new.scp
11:46:Loading scripts/items/sphere_item_ground_tiles.scp
11:46:Loading scripts/items/sphere_item_eight_age.scp
11:46:Loading scripts/items/sphere_item_deco_signs.scp
11:46:Loading scripts/items/sphere_item_deco_misc.scp
11:46:Loading scripts/items/sphere_item_deco_mini_houses.scp
11:46:Loading scripts/items/sphere_item_deco_lightsources.scp
11:46:Loading scripts/items/sphere_item_deco_furniture.scp
11:46:Loading scripts/items/sphere_item_deco_fireplace_chimney_oven.scp
11:46:Loading scripts/items/sphere_item_deco_evilitem.scp
11:46:Loading scripts/items/sphere_item_deco_dungeons_traps_dead.scp
11:46:Loading scripts/items/sphere_item_deco_curtains_banners_tapestries.scp
11:46:Loading scripts/items/sphere_item_deco_carvings_statues.scp
11:46:Loading scripts/items/sphere_item_deco_carpet_rugs.scp
11:46:Loading scripts/items/sphere_item_christimas.scp
11:46:Loading scripts/items/sphere_item_char_icons.scp
11:46:Loading scripts/items/sphere_item_building_walls_se.scp
11:46:Loading scripts/items/sphere_item_building_walls.scp
11:46:Loading scripts/items/sphere_item_building_stairs_ml.scp
11:46:Loading scripts/items/sphere_item_building_stairs.scp
11:46:Loading scripts/items/sphere_item_building_roofs_se.scp
11:46:Loading scripts/items/sphere_item_building_roofs_ml.scp
11:46:Loading scripts/items/sphere_item_building_roofs_aos.scp
11:46:Loading scripts/items/sphere_item_building_roofs.scp
11:46:Loading scripts/items/sphere_item_building_other.scp
11:46:Loading scripts/items/sphere_item_building_floors_se.scp
11:46:Loading scripts/items/sphere_item_building_floors.scp
11:46:Loading scripts/items/sphere_item_building_fence.scp
11:46:Loading scripts/items/sphere_item_building_doors.scp
11:46:Loading scripts/items/sphere_item_boulders_rocks.scp
11:46:Loading scripts/items/sphere_item_aos_se.scp
11:46:Loading scripts/items/sphere_item_animations.scp
11:46:Loading scripts/sphere_region.scp
11:46:Loading scripts/maps/sphere_map0.scp
11:46:Loading scripts/maps/sphere_map1.scp
11:46:Loading scripts/maps/sphere_map_points0.scp
11:46:Loading scripts/maps/sphere_map_points1.scp
11:46:Loading scripts/sphere_menu.scp
11:46:Loading scripts/sphere_name.scp
11:46:Loading scripts/sphere_skillmenu.scp
11:46:Loading scripts/sphere_spawns.scp
11:46:Loading scripts/sphere_speech.scp
11:46:Loading scripts/sphere_skills.scp
11:46:Loading scripts/sphere_spells.scp
11:46:Loading scripts/sphere_newb.scp
11:46:Loading scripts/sphere_template.scp
11:46:Loading scripts/sphere_template_loot.scp
11:46:Loading scripts/sphere_template_vend.scp
11:46:Loading scripts/sphere_triggers.scp
11:46:Loading scripts/sphere_serv_triggers.scp
11:46:Loading scripts/speech/townyew.scp
11:46:Loading scripts/speech/townwind.scp
11:46:Loading scripts/speech/townvesper.scp
11:46:Loading scripts/speech/towntrinsic.scp
11:46:Loading scripts/speech/townskarabrae.scp
11:46:Loading scripts/speech/townserphold.scp
11:46:Loading scripts/speech/townnujelm.scp
11:46:Loading scripts/speech/townmoonglow.scp
11:46:Loading scripts/speech/townminoc.scp
11:46:Loading scripts/speech/townmagincia.scp
11:46:Loading scripts/speech/townjhelom.scp
11:46:Loading scripts/speech/towncove.scp
11:46:Loading scripts/speech/townbucsden.scp
11:46:Loading scripts/speech/townbritain.scp
11:46:Loading scripts/speech/spherespee.scp
11:46:Loading scripts/speech/speakshopkeep.scp
11:46:Loading scripts/speech/speakrehello.scp
11:46:Loading scripts/speech/speakorc.scp
11:46:Loading scripts/speech/speakneeds.scp
11:46:Loading scripts/speech/speakmaster.scp
11:46:Loading scripts/speech/speakhuman.scp
11:46:Loading scripts/speech/speakhorse.scp
11:46:Loading scripts/speech/jobweaver.scp
11:46:Loading scripts/speech/jobweaponstrainer.scp
11:46:Loading scripts/speech/jobweaponsmith.scp
11:46:Loading scripts/speech/jobwaiter.scp
11:46:Loading scripts/speech/jobvet.scp
11:46:Loading scripts/speech/jobveggie.scp
11:46:Loading scripts/speech/jobtinker.scp
11:46:Loading scripts/speech/jobthief.scp
11:46:Loading scripts/speech/jobtavernkeeper.scp
11:46:Loading scripts/speech/jobtanner.scp
11:46:Loading scripts/speech/jobshipwright.scp
11:46:Loading scripts/speech/jobshepherd.scp
11:46:Loading scripts/speech/jobservant.scp
11:46:Loading scripts/speech/jobsculptor.scp
11:46:Loading scripts/speech/jobscribe.scp
11:46:Loading scripts/speech/jobscholar.scp
11:46:Loading scripts/speech/jobsailor.scp
11:46:Loading scripts/speech/jobrunner.scp
11:46:Loading scripts/speech/jobrealtor.scp
11:46:Loading scripts/speech/jobranger.scp
11:46:Loading scripts/speech/jobrancher.scp
11:46:Loading scripts/speech/jobprovisioner.scp
11:46:Loading scripts/speech/jobprisoner.scp
11:46:Loading scripts/speech/jobpriest.scp
11:46:Loading scripts/speech/jobpirate.scp
11:46:Loading scripts/speech/jobparliament.scp
11:46:Loading scripts/speech/jobpaladin.scp
11:46:Loading scripts/speech/joboverseer.scp
11:46:Loading scripts/speech/jobnoble.scp
11:46:Loading scripts/speech/jobmonk.scp
11:46:Loading scripts/speech/jobminter.scp
11:46:Loading scripts/speech/jobminer.scp
11:46:Loading scripts/speech/jobmiller.scp
11:46:Loading scripts/speech/jobmayor.scp
11:46:Loading scripts/speech/jobmapmaker.scp
11:46:Loading scripts/speech/jobMageShop.scp
11:46:Loading scripts/speech/jobMageEvil.scp
11:46:Loading scripts/speech/jobMage.scp
11:46:Loading scripts/speech/joblaborer.scp
11:46:Loading scripts/speech/jobjudge.scp
11:46:Loading scripts/speech/jobjeweller.scp
11:46:Loading scripts/speech/jobjailor.scp
11:46:Loading scripts/speech/jobinnkeeper.scp
11:46:Loading scripts/speech/jobherbalist.scp
11:46:Loading scripts/speech/jobhealwand.scp
11:46:Loading scripts/speech/jobhealer.scp
11:46:Loading scripts/speech/jobGuard.scp
11:46:Loading scripts/speech/jobglassblower.scp
11:46:Loading scripts/speech/jobgambler.scp
11:46:Loading scripts/speech/jobfurtrader.scp
11:46:Loading scripts/speech/jobfarmer.scp
11:46:Loading scripts/speech/jobcobbler.scp
11:46:Loading scripts/speech/jobcashual.scp
11:46:Loading scripts/speech/jobcarpenter.scp
11:46:Loading scripts/speech/jobbutcher.scp
11:46:Loading scripts/speech/jobBrigand.scp
11:46:Loading scripts/speech/jobbowyer.scp
11:46:Loading scripts/speech/jobblacksmith.scp
11:46:Loading scripts/speech/jobbeggar.scp
11:46:Loading scripts/speech/jobbeekeeper.scp
11:46:Loading scripts/speech/jobbard.scp
11:46:Loading scripts/speech/jobbanker.scp
11:46:Loading scripts/speech/jobbaker.scp
11:46:Loading scripts/speech/jobartist.scp
11:46:Loading scripts/speech/jobarmourer.scp
11:46:Loading scripts/speech/jobarchitect.scp
11:46:Loading scripts/speech/jobanimal.scp
11:46:Loading scripts/speech/jobalchemist.scp
11:46:Loading scripts/speech/jobactor.scp
11:46:Loading scripts/sphere_msgs.scp
11:46:Loading scripts/stones/sphere_genericstone_types.scp
11:46:Loading scripts/stones/sphere_genericstone_items.scp
11:46:Loading scripts/stones/sphere_genericstone_functions.scp
11:46:Loading scripts/stones/sphere_genericstone_config.scp
11:46:Loading scripts/stones/guilds/sphere_guild_types.scp
11:46:Loading scripts/stones/guilds/sphere_guild_speech.scp
11:46:Loading scripts/stones/guilds/sphere_guild_promptconsole.scp
11:46:Loading scripts/stones/guilds/sphere_guild_items.scp
11:46:Loading scripts/stones/guilds/sphere_guild_functions_player.scp
11:46:Loading scripts/stones/guilds/sphere_guild_functions.scp
11:46:Loading scripts/stones/guilds/sphere_guild_events.scp
11:46:Loading scripts/stones/guilds/sphere_guild_dlg_warfarestatus.scp
11:46:Loading scripts/stones/guilds/sphere_guild_dlg_warfaredeclare.scp
11:46:Loading scripts/stones/guilds/sphere_guild_dlg_warfareadmin.scp
11:46:Loading scripts/stones/guilds/sphere_guild_dlg_master.scp
11:46:Loading scripts/stones/guilds/sphere_guild_dlg_main.scp
11:46:Loading scripts/stones/guilds/sphere_guild_dlg_guildlist.scp
11:46:Loading scripts/stones/guilds/sphere_guild_dlg_charter.scp
11:46:Loading scripts/stones/guilds/sphere_guild_dlg_charlist.scp
11:46:Loading scripts/stones/guilds/sphere_guild_dlg_align.scp
11:46:Loading scripts/stones/guilds/sphere_guild_config.scp
11:46:Loading scripts/stones/towns/sphere_town_types.scp
11:46:Loading scripts/stones/towns/sphere_town_speech.scp
11:46:Loading scripts/stones/towns/sphere_town_promptconsole.scp
11:46:Loading scripts/stones/towns/sphere_town_items.scp
11:46:Loading scripts/stones/towns/sphere_town_functions_player.scp
11:46:Loading scripts/stones/towns/sphere_town_functions.scp
11:46:Loading scripts/stones/towns/sphere_town_events.scp
11:46:Loading scripts/stones/towns/sphere_town_dlg_warfarestatus.scp
11:46:Loading scripts/stones/towns/sphere_town_dlg_warfaredeclare.scp
11:46:Loading scripts/stones/towns/sphere_town_dlg_warfareadmin.scp
11:46:Loading scripts/stones/towns/sphere_town_dlg_townlist.scp
11:46:Loading scripts/stones/towns/sphere_town_dlg_master.scp
11:46:Loading scripts/stones/towns/sphere_town_dlg_main.scp
11:46:Loading scripts/stones/towns/sphere_town_dlg_charter.scp
11:46:Loading scripts/stones/towns/sphere_town_dlg_charlist.scp
11:46:Loading scripts/stones/towns/sphere_town_dlg_align.scp
11:46:Loading scripts/stones/towns/sphere_town_config.scp
11:46:Loading scripts/war script/sistema_runebook.scp
11:46:Loading scripts/war script/sistema_de_news.scp
11:46:Loading scripts/war script/sistema_bandagem.scp
11:46:Loading scripts/war script/sistema_arena_x1.scp
11:46:Loading scripts/war script/roupas.scp
11:46:Loading scripts/war script/plates.scp
11:46:Loading scripts/war script/pisos e gates.scp
11:46:Loading scripts/war script/pedra_votacao.scp
11:46:Loading scripts/war script/pedras.scp
11:46:Loading scripts/war script/Jail Staff.scp
11:46:Loading scripts/war script/itens_uteis.scp
11:46:Loading scripts/war script/itens_pvp.scp
11:46:Loading scripts/war script/events.scp
11:46:Loading scripts/war script/comandos.scp
11:46:Loading scripts/war script/arena_warrior.scp
11:46:Loading scripts/war script/areas.scp
11:46:Loading scripts/war script/accountinfo.scp
11:46:Loaded 54 client encryption keys.
11:46:Server started on 'DESKTOP-DE6N0I2' port 2593.
11:46:Monitoring IP '26.175.80.130'.
11:46:Loading save/spheredata...
11:46:Loading save/spherestatics...
11:46:Loading save/spheremultis...
11:46:Loading save/sphereworld...
11:46:Loading save/spherechars...
11:46:GC: 3064 Objects accounted for
11:46:Auto-complete dictionary loaded (contains 142 words).
11:46:Option flags: CommandSysmessages + NoHouseMuteSpeech
11:46:Admin=me@my.email.com, URL=www.myshard.com, Lang=English, TZ=0
11:46:Startup complete. items=3035, chars=29
11:46:Press '?' for console commands

11:46:Sphere Version 0.56b-Nightly [WIN32] by www.sphereserver.com, compiled at Sep  9 2008 (16:35:28)
11:46:WARNING: --- WARNING ---

This is a nightly build of SphereServer. This build is to be used
for testing and/or bug reporting ONLY. DO NOT run this build on a
live shard unless you know what you are doing!
Nightly builds are automatically made every night from source and
might contain errors, might be unstable or even destroy your
shard as they are mostly untested!
 ---------------------------------

11:46:Expansion maps supported: T2A, LBR, AOS, SE
11:46:Allocating map sectors: 0=6144 1=6144 2=900 3=1280 4=32761
11:46:Indexing 259 scripts...
11:46:Loading scripts/sphere_defs.scp
11:46:Loading scripts/sphere_types.scp
11:46:Loading scripts/sphere_book.scp
11:46:Loading scripts/sphere_backward_compatibility.scp
11:46:Loading scripts/sphere_events_human.scp
11:46:Loading scripts/sphere_events_npcs.scp
11:46:Loading scripts/npcs/spherechar_se.scp
11:46:Loading scripts/npcs/spherechar_new_mounts.scp
11:46:Loading scripts/npcs/spherechar_mondains_legacy.scp
11:46:Loading scripts/npcs/spherechar_misc.scp
11:46:Loading scripts/npcs/spherechar_lbr.scp
11:46:Loading scripts/npcs/spherechar_human.scp
11:46:Loading scripts/npcs/spherechar_evil.scp
11:46:Loading scripts/npcs/spherechar_aos.scp
11:46:Loading scripts/npcs/spherechar_anim.scp
11:46:Loading scripts/npcs/spherechar.scp
11:46:Loading scripts/sphere_admin.scp
11:46:Loading scripts/sphere_dialog.scp
11:46:Loading scripts/items/sphere_item_resources.scp
11:46:Loading scripts/items/sphere_minor_artifacts.scp
11:46:Loading scripts/items/sphere_item_vegetation.scp
11:46:Loading scripts/items/sphere_item_unsorted.scp
11:46:Loading scripts/items/sphere_item_treasure_maps.scp
11:46:Loading scripts/items/sphere_item_ship_parts.scp
11:46:Loading scripts/items/sphere_item_provisions_weapons_se.scp
11:46:Loading scripts/items/sphere_item_provisions_weapons_ml.scp
11:46:Loading scripts/items/sphere_item_provisions_weapons_aos.scp
11:46:Loading scripts/items/sphere_item_provisions_weapons.scp
11:46:Loading scripts/items/sphere_item_provisions_potions.scp
11:46:Loading scripts/items/sphere_item_provisions_ore.scp
11:46:Loading scripts/items/sphere_item_provisions_misc.scp
11:46:Loading scripts/items/sphere_item_provisions_jewelry.scp
11:46:Loading scripts/items/sphere_item_provisions_deeds.scp
11:46:Loading scripts/items/sphere_item_provisions_deed.scp
11:46:Loading scripts/items/sphere_item_provisions_clothing_ml.scp
11:46:Loading scripts/items/sphere_item_provisions_clothing.scp
11:46:Loading scripts/items/sphere_item_provisions_beers.scp
11:46:Loading scripts/items/sphere_item_provisions_armor_se.scp
11:46:Loading scripts/items/sphere_item_provisions_armor_ml.scp
11:46:Loading scripts/items/sphere_item_provisions_armor_color.scp
11:46:Loading scripts/items/sphere_item_provisions_armor_aos.scp
11:46:Loading scripts/items/sphere_item_provisions_armor.scp
11:46:Loading scripts/items/sphere_item_provisions_alchemy_magic.scp
11:46:Loading scripts/items/sphere_item_profession_tailor_tanner.scp
11:46:Loading scripts/items/sphere_item_profession_cook_barkeep_baker.scp
11:46:Loading scripts/items/sphere_item_profession_cartographer.scp
11:46:Loading scripts/items/sphere_item_profession_barber.scp
11:46:Loading scripts/items/sphere_item_profession_alchemist_mage.scp
11:46:Loading scripts/items/sphere_item_profession.scp
11:46:Loading scripts/items/sphere_item_multis_stairs.scp
11:46:Loading scripts/items/sphere_item_multis_houses_ships.scp
11:46:Loading scripts/items/sphere_item_multis_foundations.scp
11:46:Loading scripts/items/sphere_item_ml_misc.scp
11:46:Loading scripts/items/sphere_item_ml_floor_wall.scp
11:46:Loading scripts/items/sphere_item_ml.scp
11:46:Loading scripts/items/sphere_item_misc_se.scp
11:46:Loading scripts/items/sphere_item_misc.scp
11:46:Loading scripts/items/sphere_item_magic_weapon.scp
11:46:Loading scripts/items/sphere_item_magic_wands.scp
11:46:Loading scripts/items/sphere_item_magic_necromancer_aos.scp
11:46:Loading scripts/items/sphere_item_magic_leather.scp
11:46:Loading scripts/items/sphere_item_magic_armor.scp
11:46:Loading scripts/items/sphere_item_icons_new.scp
11:46:Loading scripts/items/sphere_item_ground_tiles.scp
11:46:Loading scripts/items/sphere_item_eight_age.scp
11:46:Loading scripts/items/sphere_item_deco_signs.scp
11:46:Loading scripts/items/sphere_item_deco_misc.scp
11:46:Loading scripts/items/sphere_item_deco_mini_houses.scp
11:46:Loading scripts/items/sphere_item_deco_lightsources.scp
11:46:Loading scripts/items/sphere_item_deco_furniture.scp
11:46:Loading scripts/items/sphere_item_deco_fireplace_chimney_oven.scp
11:46:Loading scripts/items/sphere_item_deco_evilitem.scp
11:46:Loading scripts/items/sphere_item_deco_dungeons_traps_dead.scp
11:46:Loading scripts/items/sphere_item_deco_curtains_banners_tapestries.scp
11:46:Loading scripts/items/sphere_item_deco_carvings_statues.scp
11:46:Loading scripts/items/sphere_item_deco_carpet_rugs.scp
11:46:Loading scripts/items/sphere_item_christimas.scp
11:46:Loading scripts/items/sphere_item_char_icons.scp
11:46:Loading scripts/items/sphere_item_building_walls_se.scp
11:46:Loading scripts/items/sphere_item_building_walls.scp
11:46:Loading scripts/items/sphere_item_building_stairs_ml.scp
11:46:Loading scripts/items/sphere_item_building_stairs.scp
11:46:Loading scripts/items/sphere_item_building_roofs_se.scp
11:46:Loading scripts/items/sphere_item_building_roofs_ml.scp
11:46:Loading scripts/items/sphere_item_building_roofs_aos.scp
11:46:Loading scripts/items/sphere_item_building_roofs.scp
11:46:Loading scripts/items/sphere_item_building_other.scp
11:46:Loading scripts/items/sphere_item_building_floors_se.scp
11:46:Loading scripts/items/sphere_item_building_floors.scp
11:46:Loading scripts/items/sphere_item_building_fence.scp
11:46:Loading scripts/items/sphere_item_building_doors.scp
11:46:Loading scripts/items/sphere_item_boulders_rocks.scp
11:46:Loading scripts/items/sphere_item_aos_se.scp
11:46:Loading scripts/items/sphere_item_animations.scp
11:46:Loading scripts/sphere_region.scp
11:46:Loading scripts/maps/sphere_map0.scp
11:46:Loading scripts/maps/sphere_map1.scp
11:46:Loading scripts/maps/sphere_map_points0.scp
11:46:Loading scripts/maps/sphere_map_points1.scp
11:46:Loading scripts/sphere_menu.scp
11:46:Loading scripts/sphere_name.scp
11:46:Loading scripts/sphere_skillmenu.scp
11:46:Loading scripts/sphere_spawns.scp
11:46:Loading scripts/sphere_speech.scp
11:46:Loading scripts/sphere_skills.scp
11:46:Loading scripts/sphere_spells.scp
11:46:Loading scripts/sphere_newb.scp
11:46:Loading scripts/sphere_template.scp
11:46:Loading scripts/sphere_template_loot.scp
11:46:Loading scripts/sphere_template_vend.scp
11:46:Loading scripts/sphere_triggers.scp
11:46:Loading scripts/sphere_serv_triggers.scp
11:46:Loading scripts/speech/townyew.scp
11:46:Loading scripts/speech/townwind.scp
11:46:Loading scripts/speech/townvesper.scp
11:46:Loading scripts/speech/towntrinsic.scp
11:46:Loading scripts/speech/townskarabrae.scp
11:46:Loading scripts/speech/townserphold.scp
11:46:Loading scripts/speech/townnujelm.scp
11:46:Loading scripts/speech/townmoonglow.scp
11:46:Loading scripts/speech/townminoc.scp
11:46:Loading scripts/speech/townmagincia.scp
11:46:Loading scripts/speech/townjhelom.scp
11:46:Loading scripts/speech/towncove.scp
11:46:Loading scripts/speech/townbucsden.scp
11:46:Loading scripts/speech/townbritain.scp
11:46:Loading scripts/speech/spherespee.scp
11:46:Loading scripts/speech/speakshopkeep.scp
11:46:Loading scripts/speech/speakrehello.scp
11:46:Loading scripts/speech/speakorc.scp
11:46:Loading scripts/speech/speakneeds.scp
11:46:Loading scripts/speech/speakmaster.scp
11:46:Loading scripts/speech/speakhuman.scp
11:46:Loading scripts/speech/speakhorse.scp
11:46:Loading scripts/speech/jobweaver.scp
11:46:Loading scripts/speech/jobweaponstrainer.scp
11:46:Loading scripts/speech/jobweaponsmith.scp
11:46:Loading scripts/speech/jobwaiter.scp
11:46:Loading scripts/speech/jobvet.scp
11:46:Loading scripts/speech/jobveggie.scp
11:46:Loading scripts/speech/jobtinker.scp
11:46:Loading scripts/speech/jobthief.scp
11:46:Loading scripts/speech/jobtavernkeeper.scp
11:46:Loading scripts/speech/jobtanner.scp
11:46:Loading scripts/speech/jobshipwright.scp
11:46:Loading scripts/speech/jobshepherd.scp
11:46:Loading scripts/speech/jobservant.scp
11:46:Loading scripts/speech/jobsculptor.scp
11:46:Loading scripts/speech/jobscribe.scp
11:46:Loading scripts/speech/jobscholar.scp
11:46:Loading scripts/speech/jobsailor.scp
11:46:Loading scripts/speech/jobrunner.scp
11:46:Loading scripts/speech/jobrealtor.scp
11:46:Loading scripts/speech/jobranger.scp
11:46:Loading scripts/speech/jobrancher.scp
11:46:Loading scripts/speech/jobprovisioner.scp
11:46:Loading scripts/speech/jobprisoner.scp
11:46:Loading scripts/speech/jobpriest.scp
11:46:Loading scripts/speech/jobpirate.scp
11:46:Loading scripts/speech/jobparliament.scp
11:46:Loading scripts/speech/jobpaladin.scp
11:46:Loading scripts/speech/joboverseer.scp
11:46:Loading scripts/speech/jobnoble.scp
11:46:Loading scripts/speech/jobmonk.scp
11:46:Loading scripts/speech/jobminter.scp
11:46:Loading scripts/speech/jobminer.scp
11:46:Loading scripts/speech/jobmiller.scp
11:46:Loading scripts/speech/jobmayor.scp
11:46:Loading scripts/speech/jobmapmaker.scp
11:46:Loading scripts/speech/jobMageShop.scp
11:46:Loading scripts/speech/jobMageEvil.scp
11:46:Loading scripts/speech/jobMage.scp
11:46:Loading scripts/speech/joblaborer.scp
11:46:Loading scripts/speech/jobjudge.scp
11:46:Loading scripts/speech/jobjeweller.scp
11:46:Loading scripts/speech/jobjailor.scp
11:46:Loading scripts/speech/jobinnkeeper.scp
11:46:Loading scripts/speech/jobherbalist.scp
11:46:Loading scripts/speech/jobhealwand.scp
11:46:Loading scripts/speech/jobhealer.scp
11:46:Loading scripts/speech/jobGuard.scp
11:46:Loading scripts/speech/jobglassblower.scp
11:46:Loading scripts/speech/jobgambler.scp
11:46:Loading scripts/speech/jobfurtrader.scp
11:46:Loading scripts/speech/jobfarmer.scp
11:46:Loading scripts/speech/jobcobbler.scp
11:46:Loading scripts/speech/jobcashual.scp
11:46:Loading scripts/speech/jobcarpenter.scp
11:46:Loading scripts/speech/jobbutcher.scp
11:46:Loading scripts/speech/jobBrigand.scp
11:46:Loading scripts/speech/jobbowyer.scp
11:46:Loading scripts/speech/jobblacksmith.scp
11:46:Loading scripts/speech/jobbeggar.scp
11:46:Loading scripts/speech/jobbeekeeper.scp
11:46:Loading scripts/speech/jobbard.scp
11:46:Loading scripts/speech/jobbanker.scp
11:46:Loading scripts/speech/jobbaker.scp
11:46:Loading scripts/speech/jobartist.scp
11:46:Loading scripts/speech/jobarmourer.scp
11:46:Loading scripts/speech/jobarchitect.scp
11:46:Loading scripts/speech/jobanimal.scp
11:46:Loading scripts/speech/jobalchemist.scp
11:46:Loading scripts/speech/jobactor.scp
11:46:Loading scripts/sphere_msgs.scp
11:46:Loading scripts/stones/sphere_genericstone_types.scp
11:46:Loading scripts/stones/sphere_genericstone_items.scp
11:46:Loading scripts/stones/sphere_genericstone_functions.scp
11:46:Loading scripts/stones/sphere_genericstone_config.scp
11:46:Loading scripts/stones/guilds/sphere_guild_types.scp
11:46:Loading scripts/stones/guilds/sphere_guild_speech.scp
11:46:Loading scripts/stones/guilds/sphere_guild_promptconsole.scp
11:46:Loading scripts/stones/guilds/sphere_guild_items.scp
11:46:Loading scripts/stones/guilds/sphere_guild_functions_player.scp
11:46:Loading scripts/stones/guilds/sphere_guild_functions.scp
11:46:Loading scripts/stones/guilds/sphere_guild_events.scp
11:46:Loading scripts/stones/guilds/sphere_guild_dlg_warfarestatus.scp
11:46:Loading scripts/stones/guilds/sphere_guild_dlg_warfaredeclare.scp
11:46:Loading scripts/stones/guilds/sphere_guild_dlg_warfareadmin.scp
11:46:Loading scripts/stones/guilds/sphere_guild_dlg_master.scp
11:46:Loading scripts/stones/guilds/sphere_guild_dlg_main.scp
11:46:Loading scripts/stones/guilds/sphere_guild_dlg_guildlist.scp
11:46:Loading scripts/stones/guilds/sphere_guild_dlg_charter.scp
11:46:Loading scripts/stones/guilds/sphere_guild_dlg_charlist.scp
11:46:Loading scripts/stones/guilds/sphere_guild_dlg_align.scp
11:46:Loading scripts/stones/guilds/sphere_guild_config.scp
11:46:Loading scripts/stones/towns/sphere_town_types.scp
11:46:Loading scripts/stones/towns/sphere_town_speech.scp
11:46:Loading scripts/stones/towns/sphere_town_promptconsole.scp
11:46:Loading scripts/stones/towns/sphere_town_items.scp
11:46:Loading scripts/stones/towns/sphere_town_functions_player.scp
11:46:Loading scripts/stones/towns/sphere_town_functions.scp
11:46:Loading scripts/stones/towns/sphere_town_events.scp
11:46:Loading scripts/stones/towns/sphere_town_dlg_warfarestatus.scp
11:46:Loading scripts/stones/towns/sphere_town_dlg_warfaredeclare.scp
11:46:Loading scripts/stones/towns/sphere_town_dlg_warfareadmin.scp
11:46:Loading scripts/stones/towns/sphere_town_dlg_townlist.scp
11:46:Loading scripts/stones/towns/sphere_town_dlg_master.scp
11:46:Loading scripts/stones/towns/sphere_town_dlg_main.scp
11:46:Loading scripts/stones/towns/sphere_town_dlg_charter.scp
11:46:Loading scripts/stones/towns/sphere_town_dlg_charlist.scp
11:46:Loading scripts/stones/towns/sphere_town_dlg_align.scp
11:46:Loading scripts/stones/towns/sphere_town_config.scp
11:46:Loading scripts/war script/sistema_runebook.scp
11:46:Loading scripts/war script/sistema_de_news.scp
11:46:Loading scripts/war script/sistema_bandagem.scp
11:46:Loading scripts/war script/sistema_arena_x1.scp
11:46:Loading scripts/war script/roupas.scp
11:46:Loading scripts/war script/plates.scp
11:46:Loading scripts/war script/pisos e gates.scp
11:46:Loading scripts/war script/pedra_votacao.scp
11:46:Loading scripts/war script/pedras.scp
11:46:Loading scripts/war script/Jail Staff.scp
11:46:Loading scripts/war script/itens_uteis.scp
11:46:Loading scripts/war script/itens_pvp.scp
11:46:Loading scripts/war script/events.scp
11:46:Loading scripts/war script/comandos.scp
11:46:Loading scripts/war script/arena_warrior.scp
11:46:Loading scripts/war script/areas.scp
11:46:Loading scripts/war script/accountinfo.scp
11:46:Loaded 54 client encryption keys.
11:46:sphere.pid already exists. Secondary launch or unclean shutdown?
11:46:FATAL:Unable to bind listen socket 26.175.80.130 port 2593 - Error code: -1
11:46:FATAL:Server terminated by error -9!
11:54:46c:Client connected [Total:1] ('26.239.178.177' 1/1)
11:54:46c:Login 'banchero'
11:54:46c:Client disconnected [Total:0] ('26.239.178.177' 0/0)
11:54:434:Client connected [Total:1] ('26.239.178.177' 1/1)
11:54:434:Login 'banchero'
11:54:434:Setup_CreateDialog acct='banchero', char='Teste'
11:54:434:Setup_Start acct='banchero', char='Teste', IP='26.239.178.177'
11:54:434:Client disconnected [Total:0] ('26.239.178.177' 0/0)
12:08:ERROR:UID=040000dd9, id=0203b 'short hair', Invalid code=2227 (Hair/Beard item not equipped / not in a corpse / not in a vendor box)
12:08:GC: 3069 Objects accounted for
12:08:World data saved   (save/sphereworld.scp).
12:08:Player data saved  (save/spherechars.scp).
12:08:Multi data saved   (save/spheremultis.scp).
12:08:Context data saved (save/spheredata.scp).
12:08:World save completed, took 0.8684 seconds
12:08:FATAL:Server terminated by error 5!
