
00:44:Sphere Version 0.56b-Nightly [WIN32] by www.sphereserver.com, compiled at Sep  9 2008 (16:35:28)
00:44:WARNING: --- WARNING ---

This is a nightly build of SphereServer. This build is to be used
for testing and/or bug reporting ONLY. DO NOT run this build on a
live shard unless you know what you are doing!
Nightly builds are automatically made every night from source and
might contain errors, might be unstable or even destroy your
shard as they are mostly untested!
 ---------------------------------

00:44:Expansion maps supported: T2A, LBR, AOS, SE
00:44:Allocating map sectors: 0=6144 1=6144 2=900 3=1280 4=32761
00:44:Indexing 259 scripts...
00:44:Loading scripts/sphere_defs.scp
00:44:Loading scripts/sphere_types.scp
00:44:Loading scripts/sphere_book.scp
00:44:Loading scripts/sphere_backward_compatibility.scp
00:44:Loading scripts/sphere_events_human.scp
00:44:Loading scripts/sphere_events_npcs.scp
00:44:Loading scripts/npcs/spherechar_se.scp
00:44:Loading scripts/npcs/spherechar_new_mounts.scp
00:44:Loading scripts/npcs/spherechar_mondains_legacy.scp
00:44:Loading scripts/npcs/spherechar_misc.scp
00:44:Loading scripts/npcs/spherechar_lbr.scp
00:44:Loading scripts/npcs/spherechar_human.scp
00:44:Loading scripts/npcs/spherechar_evil.scp
00:44:Loading scripts/npcs/spherechar_aos.scp
00:44:Loading scripts/npcs/spherechar_anim.scp
00:44:Loading scripts/npcs/spherechar.scp
00:44:Loading scripts/sphere_admin.scp
00:44:Loading scripts/sphere_dialog.scp
00:44:Loading scripts/items/sphere_item_resources.scp
00:44:Loading scripts/items/sphere_minor_artifacts.scp
00:44:Loading scripts/items/sphere_item_vegetation.scp
00:44:Loading scripts/items/sphere_item_unsorted.scp
00:44:Loading scripts/items/sphere_item_treasure_maps.scp
00:44:Loading scripts/items/sphere_item_ship_parts.scp
00:44:Loading scripts/items/sphere_item_provisions_weapons_se.scp
00:44:Loading scripts/items/sphere_item_provisions_weapons_ml.scp
00:44:Loading scripts/items/sphere_item_provisions_weapons_aos.scp
00:44:Loading scripts/items/sphere_item_provisions_weapons.scp
00:44:Loading scripts/items/sphere_item_provisions_potions.scp
00:44:Loading scripts/items/sphere_item_provisions_ore.scp
00:44:Loading scripts/items/sphere_item_provisions_misc.scp
00:44:Loading scripts/items/sphere_item_provisions_jewelry.scp
00:44:Loading scripts/items/sphere_item_provisions_deeds.scp
00:44:Loading scripts/items/sphere_item_provisions_deed.scp
00:44:Loading scripts/items/sphere_item_provisions_clothing_ml.scp
00:44:Loading scripts/items/sphere_item_provisions_clothing.scp
00:44:Loading scripts/items/sphere_item_provisions_beers.scp
00:44:Loading scripts/items/sphere_item_provisions_armor_se.scp
00:44:Loading scripts/items/sphere_item_provisions_armor_ml.scp
00:44:Loading scripts/items/sphere_item_provisions_armor_color.scp
00:44:Loading scripts/items/sphere_item_provisions_armor_aos.scp
00:44:Loading scripts/items/sphere_item_provisions_armor.scp
00:44:Loading scripts/items/sphere_item_provisions_alchemy_magic.scp
00:44:Loading scripts/items/sphere_item_profession_tailor_tanner.scp
00:44:Loading scripts/items/sphere_item_profession_cook_barkeep_baker.scp
00:44:Loading scripts/items/sphere_item_profession_cartographer.scp
00:44:Loading scripts/items/sphere_item_profession_barber.scp
00:44:Loading scripts/items/sphere_item_profession_alchemist_mage.scp
00:44:Loading scripts/items/sphere_item_profession.scp
00:44:Loading scripts/items/sphere_item_multis_stairs.scp
00:44:Loading scripts/items/sphere_item_multis_houses_ships.scp
00:44:Loading scripts/items/sphere_item_multis_foundations.scp
00:44:Loading scripts/items/sphere_item_ml_misc.scp
00:44:Loading scripts/items/sphere_item_ml_floor_wall.scp
00:44:Loading scripts/items/sphere_item_ml.scp
00:44:Loading scripts/items/sphere_item_misc_se.scp
00:44:Loading scripts/items/sphere_item_misc.scp
00:44:Loading scripts/items/sphere_item_magic_weapon.scp
00:44:Loading scripts/items/sphere_item_magic_wands.scp
00:44:Loading scripts/items/sphere_item_magic_necromancer_aos.scp
00:44:Loading scripts/items/sphere_item_magic_leather.scp
00:44:Loading scripts/items/sphere_item_magic_armor.scp
00:44:Loading scripts/items/sphere_item_icons_new.scp
00:44:Loading scripts/items/sphere_item_ground_tiles.scp
00:44:Loading scripts/items/sphere_item_eight_age.scp
00:44:Loading scripts/items/sphere_item_deco_signs.scp
00:44:Loading scripts/items/sphere_item_deco_misc.scp
00:44:Loading scripts/items/sphere_item_deco_mini_houses.scp
00:44:Loading scripts/items/sphere_item_deco_lightsources.scp
00:44:Loading scripts/items/sphere_item_deco_furniture.scp
00:44:Loading scripts/items/sphere_item_deco_fireplace_chimney_oven.scp
00:44:Loading scripts/items/sphere_item_deco_evilitem.scp
00:44:Loading scripts/items/sphere_item_deco_dungeons_traps_dead.scp
00:44:Loading scripts/items/sphere_item_deco_curtains_banners_tapestries.scp
00:44:Loading scripts/items/sphere_item_deco_carvings_statues.scp
00:44:Loading scripts/items/sphere_item_deco_carpet_rugs.scp
00:44:Loading scripts/items/sphere_item_christimas.scp
00:44:Loading scripts/items/sphere_item_char_icons.scp
00:44:Loading scripts/items/sphere_item_building_walls_se.scp
00:44:Loading scripts/items/sphere_item_building_walls.scp
00:44:Loading scripts/items/sphere_item_building_stairs_ml.scp
00:44:Loading scripts/items/sphere_item_building_stairs.scp
00:44:Loading scripts/items/sphere_item_building_roofs_se.scp
00:44:Loading scripts/items/sphere_item_building_roofs_ml.scp
00:44:Loading scripts/items/sphere_item_building_roofs_aos.scp
00:44:Loading scripts/items/sphere_item_building_roofs.scp
00:44:Loading scripts/items/sphere_item_building_other.scp
00:44:Loading scripts/items/sphere_item_building_floors_se.scp
00:44:Loading scripts/items/sphere_item_building_floors.scp
00:44:Loading scripts/items/sphere_item_building_fence.scp
00:44:Loading scripts/items/sphere_item_building_doors.scp
00:44:Loading scripts/items/sphere_item_boulders_rocks.scp
00:44:Loading scripts/items/sphere_item_aos_se.scp
00:44:Loading scripts/items/sphere_item_animations.scp
00:44:Loading scripts/sphere_region.scp
00:44:Loading scripts/maps/sphere_map0.scp
00:44:Loading scripts/maps/sphere_map1.scp
00:44:Loading scripts/maps/sphere_map_points0.scp
00:44:Loading scripts/maps/sphere_map_points1.scp
00:44:Loading scripts/sphere_menu.scp
00:44:Loading scripts/sphere_name.scp
00:44:Loading scripts/sphere_skillmenu.scp
00:44:Loading scripts/sphere_spawns.scp
00:44:Loading scripts/sphere_speech.scp
00:44:Loading scripts/sphere_skills.scp
00:44:Loading scripts/sphere_spells.scp
00:44:Loading scripts/sphere_newb.scp
00:44:Loading scripts/sphere_template.scp
00:44:Loading scripts/sphere_template_loot.scp
00:44:Loading scripts/sphere_template_vend.scp
00:44:Loading scripts/sphere_triggers.scp
00:44:Loading scripts/sphere_serv_triggers.scp
00:44:Loading scripts/speech/townyew.scp
00:44:Loading scripts/speech/townwind.scp
00:44:Loading scripts/speech/townvesper.scp
00:44:Loading scripts/speech/towntrinsic.scp
00:44:Loading scripts/speech/townskarabrae.scp
00:44:Loading scripts/speech/townserphold.scp
00:44:Loading scripts/speech/townnujelm.scp
00:44:Loading scripts/speech/townmoonglow.scp
00:44:Loading scripts/speech/townminoc.scp
00:44:Loading scripts/speech/townmagincia.scp
00:44:Loading scripts/speech/townjhelom.scp
00:44:Loading scripts/speech/towncove.scp
00:44:Loading scripts/speech/townbucsden.scp
00:44:Loading scripts/speech/townbritain.scp
00:44:Loading scripts/speech/spherespee.scp
00:44:Loading scripts/speech/speakshopkeep.scp
00:44:Loading scripts/speech/speakrehello.scp
00:44:Loading scripts/speech/speakorc.scp
00:44:Loading scripts/speech/speakneeds.scp
00:44:Loading scripts/speech/speakmaster.scp
00:44:Loading scripts/speech/speakhuman.scp
00:44:Loading scripts/speech/speakhorse.scp
00:44:Loading scripts/speech/jobweaver.scp
00:44:Loading scripts/speech/jobweaponstrainer.scp
00:44:Loading scripts/speech/jobweaponsmith.scp
00:44:Loading scripts/speech/jobwaiter.scp
00:44:Loading scripts/speech/jobvet.scp
00:44:Loading scripts/speech/jobveggie.scp
00:44:Loading scripts/speech/jobtinker.scp
00:44:Loading scripts/speech/jobthief.scp
00:44:Loading scripts/speech/jobtavernkeeper.scp
00:44:Loading scripts/speech/jobtanner.scp
00:44:Loading scripts/speech/jobshipwright.scp
00:44:Loading scripts/speech/jobshepherd.scp
00:44:Loading scripts/speech/jobservant.scp
00:44:Loading scripts/speech/jobsculptor.scp
00:44:Loading scripts/speech/jobscribe.scp
00:44:Loading scripts/speech/jobscholar.scp
00:44:Loading scripts/speech/jobsailor.scp
00:44:Loading scripts/speech/jobrunner.scp
00:44:Loading scripts/speech/jobrealtor.scp
00:44:Loading scripts/speech/jobranger.scp
00:44:Loading scripts/speech/jobrancher.scp
00:44:Loading scripts/speech/jobprovisioner.scp
00:44:Loading scripts/speech/jobprisoner.scp
00:44:Loading scripts/speech/jobpriest.scp
00:44:Loading scripts/speech/jobpirate.scp
00:44:Loading scripts/speech/jobparliament.scp
00:44:Loading scripts/speech/jobpaladin.scp
00:44:Loading scripts/speech/joboverseer.scp
00:44:Loading scripts/speech/jobnoble.scp
00:44:Loading scripts/speech/jobmonk.scp
00:44:Loading scripts/speech/jobminter.scp
00:44:Loading scripts/speech/jobminer.scp
00:44:Loading scripts/speech/jobmiller.scp
00:44:Loading scripts/speech/jobmayor.scp
00:44:Loading scripts/speech/jobmapmaker.scp
00:44:Loading scripts/speech/jobMageShop.scp
00:44:Loading scripts/speech/jobMageEvil.scp
00:44:Loading scripts/speech/jobMage.scp
00:44:Loading scripts/speech/joblaborer.scp
00:44:Loading scripts/speech/jobjudge.scp
00:44:Loading scripts/speech/jobjeweller.scp
00:44:Loading scripts/speech/jobjailor.scp
00:44:Loading scripts/speech/jobinnkeeper.scp
00:44:Loading scripts/speech/jobherbalist.scp
00:44:Loading scripts/speech/jobhealwand.scp
00:44:Loading scripts/speech/jobhealer.scp
00:44:Loading scripts/speech/jobGuard.scp
00:44:Loading scripts/speech/jobglassblower.scp
00:44:Loading scripts/speech/jobgambler.scp
00:44:Loading scripts/speech/jobfurtrader.scp
00:44:Loading scripts/speech/jobfarmer.scp
00:44:Loading scripts/speech/jobcobbler.scp
00:44:Loading scripts/speech/jobcashual.scp
00:44:Loading scripts/speech/jobcarpenter.scp
00:44:Loading scripts/speech/jobbutcher.scp
00:44:Loading scripts/speech/jobBrigand.scp
00:44:Loading scripts/speech/jobbowyer.scp
00:44:Loading scripts/speech/jobblacksmith.scp
00:44:Loading scripts/speech/jobbeggar.scp
00:44:Loading scripts/speech/jobbeekeeper.scp
00:44:Loading scripts/speech/jobbard.scp
00:44:Loading scripts/speech/jobbanker.scp
00:44:Loading scripts/speech/jobbaker.scp
00:44:Loading scripts/speech/jobartist.scp
00:44:Loading scripts/speech/jobarmourer.scp
00:44:Loading scripts/speech/jobarchitect.scp
00:44:Loading scripts/speech/jobanimal.scp
00:44:Loading scripts/speech/jobalchemist.scp
00:44:Loading scripts/speech/jobactor.scp
00:44:Loading scripts/sphere_msgs.scp
00:44:Loading scripts/stones/sphere_genericstone_types.scp
00:44:Loading scripts/stones/sphere_genericstone_items.scp
00:44:Loading scripts/stones/sphere_genericstone_functions.scp
00:44:Loading scripts/stones/sphere_genericstone_config.scp
00:44:Loading scripts/stones/guilds/sphere_guild_types.scp
00:44:Loading scripts/stones/guilds/sphere_guild_speech.scp
00:44:Loading scripts/stones/guilds/sphere_guild_promptconsole.scp
00:44:Loading scripts/stones/guilds/sphere_guild_items.scp
00:44:Loading scripts/stones/guilds/sphere_guild_functions_player.scp
00:44:Loading scripts/stones/guilds/sphere_guild_functions.scp
00:44:Loading scripts/stones/guilds/sphere_guild_events.scp
00:44:Loading scripts/stones/guilds/sphere_guild_dlg_warfarestatus.scp
00:44:Loading scripts/stones/guilds/sphere_guild_dlg_warfaredeclare.scp
00:44:Loading scripts/stones/guilds/sphere_guild_dlg_warfareadmin.scp
00:44:Loading scripts/stones/guilds/sphere_guild_dlg_master.scp
00:44:Loading scripts/stones/guilds/sphere_guild_dlg_main.scp
00:44:Loading scripts/stones/guilds/sphere_guild_dlg_guildlist.scp
00:44:Loading scripts/stones/guilds/sphere_guild_dlg_charter.scp
00:44:Loading scripts/stones/guilds/sphere_guild_dlg_charlist.scp
00:44:Loading scripts/stones/guilds/sphere_guild_dlg_align.scp
00:44:Loading scripts/stones/guilds/sphere_guild_config.scp
00:44:Loading scripts/stones/towns/sphere_town_types.scp
00:44:Loading scripts/stones/towns/sphere_town_speech.scp
00:44:Loading scripts/stones/towns/sphere_town_promptconsole.scp
00:44:Loading scripts/stones/towns/sphere_town_items.scp
00:44:Loading scripts/stones/towns/sphere_town_functions_player.scp
00:44:Loading scripts/stones/towns/sphere_town_functions.scp
00:44:Loading scripts/stones/towns/sphere_town_events.scp
00:44:Loading scripts/stones/towns/sphere_town_dlg_warfarestatus.scp
00:44:Loading scripts/stones/towns/sphere_town_dlg_warfaredeclare.scp
00:44:Loading scripts/stones/towns/sphere_town_dlg_warfareadmin.scp
00:44:Loading scripts/stones/towns/sphere_town_dlg_townlist.scp
00:44:Loading scripts/stones/towns/sphere_town_dlg_master.scp
00:44:Loading scripts/stones/towns/sphere_town_dlg_main.scp
00:44:Loading scripts/stones/towns/sphere_town_dlg_charter.scp
00:44:Loading scripts/stones/towns/sphere_town_dlg_charlist.scp
00:44:Loading scripts/stones/towns/sphere_town_dlg_align.scp
00:44:Loading scripts/stones/towns/sphere_town_config.scp
00:44:Loading scripts/war script/sistema_runebook.scp
00:44:Loading scripts/war script/sistema_de_news.scp
00:44:Loading scripts/war script/sistema_bandagem.scp
00:44:Loading scripts/war script/sistema_arena_x1.scp
00:44:Loading scripts/war script/roupas.scp
00:44:Loading scripts/war script/plates.scp
00:44:Loading scripts/war script/pisos e gates.scp
00:44:Loading scripts/war script/pedra_votacao.scp
00:44:Loading scripts/war script/pedras.scp
00:44:Loading scripts/war script/Jail Staff.scp
00:44:Loading scripts/war script/itens_uteis.scp
00:44:Loading scripts/war script/itens_pvp.scp
00:44:Loading scripts/war script/events.scp
00:44:Loading scripts/war script/comandos.scp
00:44:Loading scripts/war script/arena_warrior.scp
00:44:Loading scripts/war script/areas.scp
00:44:Loading scripts/war script/accountinfo.scp
00:44:Loaded 54 client encryption keys.
00:44:Server started on 'Rodrigo-PC' port 2593.
00:44:Monitoring IP '5.208.195.198'.
00:44:Monitoring IP '10.0.0.2'.
00:44:Loading save/spheredata...
00:44:WARNING:'save/spherestatics.scp' not found...
00:44:WARNING:Can't Load save/spherestatics
00:44:Loading save/spheremultis...
00:44:Loading save/sphereworld...
00:44:Loading save/spherechars...
00:44:GC: 2984 Objects accounted for
00:44:Auto-complete dictionary loaded (contains 142 words).
00:44:Option flags: CommandSysmessages + NoHouseMuteSpeech
00:44:Admin=me@my.email.com, URL=www.myshard.com, Lang=English, TZ=0
00:44:Startup complete. items=2959, chars=25
00:44:Press '?' for console commands
00:45:218:Client connected [Total:1] ('5.208.195.198' 1/1)
00:45:218: 'teste' bad password
00:45:ERROR:218:Bad Login 3 (The password entered is not correct)
00:45:218:Client disconnected [Total:0] ('5.208.195.198' 0/0)
00:45:218:Client connected [Total:1] ('5.208.195.198' 1/1)
00:45:218: 'teste' bad password
00:45:ERROR:218:Bad Login 3 (The password entered is not correct)
00:45:218:Client disconnected [Total:0] ('5.208.195.198' 0/0)
00:45:218:Client connected [Total:1] ('5.208.195.198' 1/1)
00:45:218:Login 'teste'
00:46:218:Client disconnected [Total:0] ('5.208.195.198' 0/0)
00:46:218:Client connected [Total:1] ('127.0.0.1' 1/1)
00:46:218:Login 'teste'
00:46:218:Setup_Start acct='teste', char='LeBron James', IP='127.0.0.1'
00:46:218:Client disconnected [Total:0] ('127.0.0.1' 0/0)
00:47:240:Client connected [Total:1] ('5.208.195.198' 1/1)
00:47:240:Login 'teste'
00:47:240:Client disconnected [Total:0] ('5.208.195.198' 0/0)
00:47:240:Client connected [Total:1] ('127.0.0.1' 1/1)
00:47:240:Login 'teste'
00:47:240:Setup_Start acct='teste', char='LeBron James', IP='127.0.0.1'
00:49:240:'teste' commands 'disarm'=1
00:50:240:'teste' commands 'disarm'=1
00:50:240:'teste' commands 'disarm'=1
00:50:240:'teste' commands 'disarm'=1
00:50:ERROR:(sphere_spells.scp,119)Can't resolve <ACT>
00:50:ERROR:(sphere_spells.scp,119)Can't resolve <ACT>
00:52:240:'teste' commands 'drinkheal'=1
00:52:240:'teste' commands 'drinkmana'=1
00:52:240:'teste' commands 'drinkinvisibility'=1
00:52:240:'teste' commands 'drinkinvisibility'=1
00:52:240:'teste' commands 'drinkinvisibility'=1
00:52:240:'teste' commands 'drinkinvisibility'=1
00:52:240:'teste' commands 'drinkinvisibility'=1
00:52:240:'teste' commands 'drinkinvisibility'=1
00:52:240:'teste' commands 'drinkinvisibility'=1
00:52:240:'teste' commands 'drinkinvisibility'=1
00:52:240:'teste' commands 'drinkinvisibility'=1
00:52:240:'teste' commands 'drinkinvisibility'=1
00:52:240:'teste' commands 'disarm'=1
01:04:GC: 2997 Objects accounted for
01:04:World data saved   (save/sphereworld.scp).
01:04:Player data saved  (save/spherechars.scp).
01:04:Multi data saved   (save/spheremultis.scp).
01:04:Context data saved (save/spheredata.scp).
01:04:World save completed, took 0.8163 seconds
01:05:Expansion maps supported: T2A, LBR, AOS, SE
01:05:Indexing 259 scripts...
01:05:WARNING:Resource 'scripts/war script/sistema_bandagem.scp' changed, resync.
01:07:Expansion maps supported: T2A, LBR, AOS, SE
01:07:Indexing 259 scripts...
01:07:WARNING:Resource 'scripts/war script/sistema_bandagem.scp' changed, resync.
01:08:GC: 2996 Objects accounted for
01:08:World data saved   (save/sphereworld.scp).
01:08:Player data saved  (save/spherechars.scp).
01:08:Multi data saved   (save/spheremultis.scp).
01:08:Context data saved (save/spheredata.scp).
01:08:World save completed, took 0.1700 seconds
01:15:240:'teste' commands 'news'=1
01:22:ERROR:(sphere_spells.scp,119)Can't resolve <ACT>
01:22:ERROR:(sphere_spells.scp,119)Can't resolve <ACT>
01:22:ERROR:(sphere_spells.scp,119)Can't resolve <ACT>
01:22:ERROR:(sphere_spells.scp,119)Can't resolve <ACT>
01:22:ERROR:(sphere_spells.scp,119)Can't resolve <ACT>
01:22:ERROR:(sphere_spells.scp,119)Can't resolve <ACT>
01:23:ERROR:(sphere_spells.scp,119)Can't resolve <ACT>
01:23:240:'teste' commands 'spells'=1
01:27:240:'teste' commands 'spells'=1
01:28:GC: 2995 Objects accounted for
01:28:World data saved   (save/sphereworld.scp).
01:28:Player data saved  (save/spherechars.scp).
01:28:Multi data saved   (save/spheremultis.scp).
01:28:Context data saved (save/spheredata.scp).
01:28:World save completed, took 0.4590 seconds
01:30:240:'teste' commands 'disarm'=1
01:31:GC: 2990 Objects accounted for
01:31:World data saved   (save/sphereworld.scp).
01:31:Player data saved  (save/spherechars.scp).
01:31:Multi data saved   (save/spheremultis.scp).
01:31:Context data saved (save/spheredata.scp).
01:31:World save completed, took 0.8580 seconds
01:31:240:Client disconnected [Total:0] ('127.0.0.1' 0/0)
01:31:FATAL:Server terminated by error 5!

22:06:Sphere Version 0.56b-Nightly [WIN32] by www.sphereserver.com, compiled at Sep  9 2008 (16:35:28)
22:06:WARNING: --- WARNING ---

This is a nightly build of SphereServer. This build is to be used
for testing and/or bug reporting ONLY. DO NOT run this build on a
live shard unless you know what you are doing!
Nightly builds are automatically made every night from source and
might contain errors, might be unstable or even destroy your
shard as they are mostly untested!
 ---------------------------------

22:06:Expansion maps supported: T2A, LBR, AOS, SE
22:06:Allocating map sectors: 0=6144 1=6144 2=900 3=1280 4=32761
22:06:Indexing 259 scripts...
22:06:Loading scripts/sphere_defs.scp
22:06:Loading scripts/sphere_types.scp
22:06:Loading scripts/sphere_book.scp
22:06:Loading scripts/sphere_backward_compatibility.scp
22:06:Loading scripts/sphere_events_human.scp
22:06:Loading scripts/sphere_events_npcs.scp
22:06:Loading scripts/npcs/spherechar_se.scp
22:06:Loading scripts/npcs/spherechar_new_mounts.scp
22:06:Loading scripts/npcs/spherechar_mondains_legacy.scp
22:06:Loading scripts/npcs/spherechar_misc.scp
22:06:Loading scripts/npcs/spherechar_lbr.scp
22:06:Loading scripts/npcs/spherechar_human.scp
22:06:Loading scripts/npcs/spherechar_evil.scp
22:06:Loading scripts/npcs/spherechar_aos.scp
22:06:Loading scripts/npcs/spherechar_anim.scp
22:06:Loading scripts/npcs/spherechar.scp
22:06:Loading scripts/sphere_admin.scp
22:06:Loading scripts/sphere_dialog.scp
22:06:Loading scripts/items/sphere_item_resources.scp
22:06:Loading scripts/items/sphere_minor_artifacts.scp
22:06:Loading scripts/items/sphere_item_vegetation.scp
22:06:Loading scripts/items/sphere_item_unsorted.scp
22:06:Loading scripts/items/sphere_item_treasure_maps.scp
22:06:Loading scripts/items/sphere_item_ship_parts.scp
22:06:Loading scripts/items/sphere_item_provisions_weapons_se.scp
22:06:Loading scripts/items/sphere_item_provisions_weapons_ml.scp
22:06:Loading scripts/items/sphere_item_provisions_weapons_aos.scp
22:06:Loading scripts/items/sphere_item_provisions_weapons.scp
22:06:Loading scripts/items/sphere_item_provisions_potions.scp
22:06:Loading scripts/items/sphere_item_provisions_ore.scp
22:06:Loading scripts/items/sphere_item_provisions_misc.scp
22:06:Loading scripts/items/sphere_item_provisions_jewelry.scp
22:06:Loading scripts/items/sphere_item_provisions_deeds.scp
22:06:Loading scripts/items/sphere_item_provisions_deed.scp
22:06:Loading scripts/items/sphere_item_provisions_clothing_ml.scp
22:06:Loading scripts/items/sphere_item_provisions_clothing.scp
22:06:Loading scripts/items/sphere_item_provisions_beers.scp
22:06:Loading scripts/items/sphere_item_provisions_armor_se.scp
22:06:Loading scripts/items/sphere_item_provisions_armor_ml.scp
22:06:Loading scripts/items/sphere_item_provisions_armor_color.scp
22:06:Loading scripts/items/sphere_item_provisions_armor_aos.scp
22:06:Loading scripts/items/sphere_item_provisions_armor.scp
22:06:Loading scripts/items/sphere_item_provisions_alchemy_magic.scp
22:06:Loading scripts/items/sphere_item_profession_tailor_tanner.scp
22:06:Loading scripts/items/sphere_item_profession_cook_barkeep_baker.scp
22:06:Loading scripts/items/sphere_item_profession_cartographer.scp
22:06:Loading scripts/items/sphere_item_profession_barber.scp
22:06:Loading scripts/items/sphere_item_profession_alchemist_mage.scp
22:06:Loading scripts/items/sphere_item_profession.scp
22:06:Loading scripts/items/sphere_item_multis_stairs.scp
22:06:Loading scripts/items/sphere_item_multis_houses_ships.scp
22:06:Loading scripts/items/sphere_item_multis_foundations.scp
22:06:Loading scripts/items/sphere_item_ml_misc.scp
22:06:Loading scripts/items/sphere_item_ml_floor_wall.scp
22:06:Loading scripts/items/sphere_item_ml.scp
22:06:Loading scripts/items/sphere_item_misc_se.scp
22:06:Loading scripts/items/sphere_item_misc.scp
22:06:Loading scripts/items/sphere_item_magic_weapon.scp
22:06:Loading scripts/items/sphere_item_magic_wands.scp
22:06:Loading scripts/items/sphere_item_magic_necromancer_aos.scp
22:06:Loading scripts/items/sphere_item_magic_leather.scp
22:06:Loading scripts/items/sphere_item_magic_armor.scp
22:06:Loading scripts/items/sphere_item_icons_new.scp
22:06:Loading scripts/items/sphere_item_ground_tiles.scp
22:06:Loading scripts/items/sphere_item_eight_age.scp
22:06:Loading scripts/items/sphere_item_deco_signs.scp
22:06:Loading scripts/items/sphere_item_deco_misc.scp
22:06:Loading scripts/items/sphere_item_deco_mini_houses.scp
22:06:Loading scripts/items/sphere_item_deco_lightsources.scp
22:06:Loading scripts/items/sphere_item_deco_furniture.scp
22:06:Loading scripts/items/sphere_item_deco_fireplace_chimney_oven.scp
22:06:Loading scripts/items/sphere_item_deco_evilitem.scp
22:06:Loading scripts/items/sphere_item_deco_dungeons_traps_dead.scp
22:06:Loading scripts/items/sphere_item_deco_curtains_banners_tapestries.scp
22:06:Loading scripts/items/sphere_item_deco_carvings_statues.scp
22:06:Loading scripts/items/sphere_item_deco_carpet_rugs.scp
22:06:Loading scripts/items/sphere_item_christimas.scp
22:06:Loading scripts/items/sphere_item_char_icons.scp
22:06:Loading scripts/items/sphere_item_building_walls_se.scp
22:06:Loading scripts/items/sphere_item_building_walls.scp
22:06:Loading scripts/items/sphere_item_building_stairs_ml.scp
22:06:Loading scripts/items/sphere_item_building_stairs.scp
22:06:Loading scripts/items/sphere_item_building_roofs_se.scp
22:06:Loading scripts/items/sphere_item_building_roofs_ml.scp
22:06:Loading scripts/items/sphere_item_building_roofs_aos.scp
22:06:Loading scripts/items/sphere_item_building_roofs.scp
22:06:Loading scripts/items/sphere_item_building_other.scp
22:06:Loading scripts/items/sphere_item_building_floors_se.scp
22:06:Loading scripts/items/sphere_item_building_floors.scp
22:06:Loading scripts/items/sphere_item_building_fence.scp
22:06:Loading scripts/items/sphere_item_building_doors.scp
22:06:Loading scripts/items/sphere_item_boulders_rocks.scp
22:06:Loading scripts/items/sphere_item_aos_se.scp
22:06:Loading scripts/items/sphere_item_animations.scp
22:06:Loading scripts/sphere_region.scp
22:06:Loading scripts/maps/sphere_map0.scp
22:06:Loading scripts/maps/sphere_map1.scp
22:06:Loading scripts/maps/sphere_map_points0.scp
22:06:Loading scripts/maps/sphere_map_points1.scp
22:06:Loading scripts/sphere_menu.scp
22:06:Loading scripts/sphere_name.scp
22:06:Loading scripts/sphere_skillmenu.scp
22:06:Loading scripts/sphere_spawns.scp
22:06:Loading scripts/sphere_speech.scp
22:06:Loading scripts/sphere_skills.scp
22:06:Loading scripts/sphere_spells.scp
22:06:Loading scripts/sphere_newb.scp
22:06:Loading scripts/sphere_template.scp
22:06:Loading scripts/sphere_template_loot.scp
22:06:Loading scripts/sphere_template_vend.scp
22:06:Loading scripts/sphere_triggers.scp
22:06:Loading scripts/sphere_serv_triggers.scp
22:06:Loading scripts/speech/townyew.scp
22:06:Loading scripts/speech/townwind.scp
22:06:Loading scripts/speech/townvesper.scp
22:06:Loading scripts/speech/towntrinsic.scp
22:06:Loading scripts/speech/townskarabrae.scp
22:06:Loading scripts/speech/townserphold.scp
22:06:Loading scripts/speech/townnujelm.scp
22:06:Loading scripts/speech/townmoonglow.scp
22:06:Loading scripts/speech/townminoc.scp
22:06:Loading scripts/speech/townmagincia.scp
22:06:Loading scripts/speech/townjhelom.scp
22:06:Loading scripts/speech/towncove.scp
22:06:Loading scripts/speech/townbucsden.scp
22:06:Loading scripts/speech/townbritain.scp
22:06:Loading scripts/speech/spherespee.scp
22:06:Loading scripts/speech/speakshopkeep.scp
22:06:Loading scripts/speech/speakrehello.scp
22:06:Loading scripts/speech/speakorc.scp
22:06:Loading scripts/speech/speakneeds.scp
22:06:Loading scripts/speech/speakmaster.scp
22:06:Loading scripts/speech/speakhuman.scp
22:06:Loading scripts/speech/speakhorse.scp
22:06:Loading scripts/speech/jobweaver.scp
22:06:Loading scripts/speech/jobweaponstrainer.scp
22:06:Loading scripts/speech/jobweaponsmith.scp
22:06:Loading scripts/speech/jobwaiter.scp
22:06:Loading scripts/speech/jobvet.scp
22:06:Loading scripts/speech/jobveggie.scp
22:06:Loading scripts/speech/jobtinker.scp
22:06:Loading scripts/speech/jobthief.scp
22:06:Loading scripts/speech/jobtavernkeeper.scp
22:06:Loading scripts/speech/jobtanner.scp
22:06:Loading scripts/speech/jobshipwright.scp
22:06:Loading scripts/speech/jobshepherd.scp
22:06:Loading scripts/speech/jobservant.scp
22:06:Loading scripts/speech/jobsculptor.scp
22:06:Loading scripts/speech/jobscribe.scp
22:06:Loading scripts/speech/jobscholar.scp
22:06:Loading scripts/speech/jobsailor.scp
22:06:Loading scripts/speech/jobrunner.scp
22:06:Loading scripts/speech/jobrealtor.scp
22:06:Loading scripts/speech/jobranger.scp
22:06:Loading scripts/speech/jobrancher.scp
22:06:Loading scripts/speech/jobprovisioner.scp
22:06:Loading scripts/speech/jobprisoner.scp
22:06:Loading scripts/speech/jobpriest.scp
22:06:Loading scripts/speech/jobpirate.scp
22:06:Loading scripts/speech/jobparliament.scp
22:06:Loading scripts/speech/jobpaladin.scp
22:06:Loading scripts/speech/joboverseer.scp
22:06:Loading scripts/speech/jobnoble.scp
22:06:Loading scripts/speech/jobmonk.scp
22:06:Loading scripts/speech/jobminter.scp
22:06:Loading scripts/speech/jobminer.scp
22:06:Loading scripts/speech/jobmiller.scp
22:06:Loading scripts/speech/jobmayor.scp
22:06:Loading scripts/speech/jobmapmaker.scp
22:06:Loading scripts/speech/jobMageShop.scp
22:06:Loading scripts/speech/jobMageEvil.scp
22:06:Loading scripts/speech/jobMage.scp
22:06:Loading scripts/speech/joblaborer.scp
22:06:Loading scripts/speech/jobjudge.scp
22:06:Loading scripts/speech/jobjeweller.scp
22:06:Loading scripts/speech/jobjailor.scp
22:06:Loading scripts/speech/jobinnkeeper.scp
22:06:Loading scripts/speech/jobherbalist.scp
22:06:Loading scripts/speech/jobhealwand.scp
22:06:Loading scripts/speech/jobhealer.scp
22:06:Loading scripts/speech/jobGuard.scp
22:06:Loading scripts/speech/jobglassblower.scp
22:06:Loading scripts/speech/jobgambler.scp
22:06:Loading scripts/speech/jobfurtrader.scp
22:06:Loading scripts/speech/jobfarmer.scp
22:06:Loading scripts/speech/jobcobbler.scp
22:06:Loading scripts/speech/jobcashual.scp
22:06:Loading scripts/speech/jobcarpenter.scp
22:06:Loading scripts/speech/jobbutcher.scp
22:06:Loading scripts/speech/jobBrigand.scp
22:06:Loading scripts/speech/jobbowyer.scp
22:06:Loading scripts/speech/jobblacksmith.scp
22:06:Loading scripts/speech/jobbeggar.scp
22:06:Loading scripts/speech/jobbeekeeper.scp
22:06:Loading scripts/speech/jobbard.scp
22:06:Loading scripts/speech/jobbanker.scp
22:06:Loading scripts/speech/jobbaker.scp
22:06:Loading scripts/speech/jobartist.scp
22:06:Loading scripts/speech/jobarmourer.scp
22:06:Loading scripts/speech/jobarchitect.scp
22:06:Loading scripts/speech/jobanimal.scp
22:06:Loading scripts/speech/jobalchemist.scp
22:06:Loading scripts/speech/jobactor.scp
22:06:Loading scripts/sphere_msgs.scp
22:06:Loading scripts/stones/sphere_genericstone_types.scp
22:06:Loading scripts/stones/sphere_genericstone_items.scp
22:06:Loading scripts/stones/sphere_genericstone_functions.scp
22:06:Loading scripts/stones/sphere_genericstone_config.scp
22:06:Loading scripts/stones/guilds/sphere_guild_types.scp
22:06:Loading scripts/stones/guilds/sphere_guild_speech.scp
22:06:Loading scripts/stones/guilds/sphere_guild_promptconsole.scp
22:06:Loading scripts/stones/guilds/sphere_guild_items.scp
22:06:Loading scripts/stones/guilds/sphere_guild_functions_player.scp
22:06:Loading scripts/stones/guilds/sphere_guild_functions.scp
22:06:Loading scripts/stones/guilds/sphere_guild_events.scp
22:06:Loading scripts/stones/guilds/sphere_guild_dlg_warfarestatus.scp
22:06:Loading scripts/stones/guilds/sphere_guild_dlg_warfaredeclare.scp
22:06:Loading scripts/stones/guilds/sphere_guild_dlg_warfareadmin.scp
22:06:Loading scripts/stones/guilds/sphere_guild_dlg_master.scp
22:06:Loading scripts/stones/guilds/sphere_guild_dlg_main.scp
22:06:Loading scripts/stones/guilds/sphere_guild_dlg_guildlist.scp
22:06:Loading scripts/stones/guilds/sphere_guild_dlg_charter.scp
22:06:Loading scripts/stones/guilds/sphere_guild_dlg_charlist.scp
22:06:Loading scripts/stones/guilds/sphere_guild_dlg_align.scp
22:06:Loading scripts/stones/guilds/sphere_guild_config.scp
22:06:Loading scripts/stones/towns/sphere_town_types.scp
22:06:Loading scripts/stones/towns/sphere_town_speech.scp
22:06:Loading scripts/stones/towns/sphere_town_promptconsole.scp
22:06:Loading scripts/stones/towns/sphere_town_items.scp
22:06:Loading scripts/stones/towns/sphere_town_functions_player.scp
22:06:Loading scripts/stones/towns/sphere_town_functions.scp
22:06:Loading scripts/stones/towns/sphere_town_events.scp
22:06:Loading scripts/stones/towns/sphere_town_dlg_warfarestatus.scp
22:06:Loading scripts/stones/towns/sphere_town_dlg_warfaredeclare.scp
22:06:Loading scripts/stones/towns/sphere_town_dlg_warfareadmin.scp
22:06:Loading scripts/stones/towns/sphere_town_dlg_townlist.scp
22:06:Loading scripts/stones/towns/sphere_town_dlg_master.scp
22:06:Loading scripts/stones/towns/sphere_town_dlg_main.scp
22:06:Loading scripts/stones/towns/sphere_town_dlg_charter.scp
22:06:Loading scripts/stones/towns/sphere_town_dlg_charlist.scp
22:06:Loading scripts/stones/towns/sphere_town_dlg_align.scp
22:06:Loading scripts/stones/towns/sphere_town_config.scp
22:06:Loading scripts/war script/sistema_runebook.scp
22:06:Loading scripts/war script/sistema_de_news.scp
22:06:Loading scripts/war script/sistema_bandagem.scp
22:06:Loading scripts/war script/sistema_arena_x1.scp
22:06:Loading scripts/war script/roupas.scp
22:06:Loading scripts/war script/plates.scp
22:06:Loading scripts/war script/pisos e gates.scp
22:06:Loading scripts/war script/pedra_votacao.scp
22:06:Loading scripts/war script/pedras.scp
22:06:Loading scripts/war script/Jail Staff.scp
22:06:Loading scripts/war script/itens_uteis.scp
22:06:Loading scripts/war script/itens_pvp.scp
22:06:Loading scripts/war script/events.scp
22:06:Loading scripts/war script/comandos.scp
22:06:Loading scripts/war script/arena_warrior.scp
22:06:Loading scripts/war script/areas.scp
22:06:Loading scripts/war script/accountinfo.scp
22:06:Loaded 54 client encryption keys.
22:06:Server started on 'Rodrigo-PC' port 2593.
22:06:Monitoring IP '5.208.195.198'.
22:06:Monitoring IP '10.0.0.2'.
22:06:Loading save/spheredata...
22:06:WARNING:'save/spherestatics.scp' not found...
22:06:WARNING:Can't Load save/spherestatics
22:06:Loading save/spheremultis...
22:06:Loading save/sphereworld...
22:06:Loading save/spherechars...
22:06:GC: 2990 Objects accounted for
22:06:Auto-complete dictionary loaded (contains 142 words).
22:06:Option flags: CommandSysmessages + NoHouseMuteSpeech
22:06:Admin=me@my.email.com, URL=www.myshard.com, Lang=English, TZ=0
22:06:Startup complete. items=2965, chars=25
22:06:Press '?' for console commands
22:27:GC: 2990 Objects accounted for
22:27:World data saved   (save/sphereworld.scp).
22:27:Player data saved  (save/spherechars.scp).
22:27:Multi data saved   (save/spheremultis.scp).
22:27:Context data saved (save/spheredata.scp).
22:27:World save completed, took 0.1397 seconds
22:34:FATAL:Server terminated by error 5!
