
15:06:Sphere Version 0.56b-Nightly [WIN32] by www.sphereserver.com, compiled at Sep  9 2008 (16:35:28)
15:06:WARNING: --- WARNING ---

This is a nightly build of SphereServer. This build is to be used
for testing and/or bug reporting ONLY. DO NOT run this build on a
live shard unless you know what you are doing!
Nightly builds are automatically made every night from source and
might contain errors, might be unstable or even destroy your
shard as they are mostly untested!
 ---------------------------------

15:06:Expansion maps supported: T2A, LBR, AOS, SE
15:06:Allocating map sectors: 0=6144 1=6144 2=900 3=1280 4=32761
15:06:Indexing 259 scripts...
15:06:Loading scripts/sphere_defs.scp
15:06:Loading scripts/sphere_types.scp
15:06:Loading scripts/sphere_book.scp
15:06:Loading scripts/sphere_backward_compatibility.scp
15:06:Loading scripts/sphere_events_human.scp
15:06:Loading scripts/sphere_events_npcs.scp
15:06:Loading scripts/npcs/spherechar_se.scp
15:06:Loading scripts/npcs/spherechar_new_mounts.scp
15:06:Loading scripts/npcs/spherechar_mondains_legacy.scp
15:06:Loading scripts/npcs/spherechar_misc.scp
15:06:Loading scripts/npcs/spherechar_lbr.scp
15:06:Loading scripts/npcs/spherechar_human.scp
15:06:Loading scripts/npcs/spherechar_evil.scp
15:06:Loading scripts/npcs/spherechar_aos.scp
15:06:Loading scripts/npcs/spherechar_anim.scp
15:06:Loading scripts/npcs/spherechar.scp
15:06:Loading scripts/sphere_admin.scp
15:06:Loading scripts/sphere_dialog.scp
15:06:Loading scripts/items/sphere_item_resources.scp
15:06:Loading scripts/items/sphere_minor_artifacts.scp
15:06:Loading scripts/items/sphere_item_vegetation.scp
15:06:Loading scripts/items/sphere_item_unsorted.scp
15:06:Loading scripts/items/sphere_item_treasure_maps.scp
15:06:Loading scripts/items/sphere_item_ship_parts.scp
15:06:Loading scripts/items/sphere_item_provisions_weapons_se.scp
15:06:Loading scripts/items/sphere_item_provisions_weapons_ml.scp
15:06:Loading scripts/items/sphere_item_provisions_weapons_aos.scp
15:06:Loading scripts/items/sphere_item_provisions_weapons.scp
15:06:Loading scripts/items/sphere_item_provisions_potions.scp
15:06:Loading scripts/items/sphere_item_provisions_ore.scp
15:06:Loading scripts/items/sphere_item_provisions_misc.scp
15:06:Loading scripts/items/sphere_item_provisions_jewelry.scp
15:06:Loading scripts/items/sphere_item_provisions_deeds.scp
15:06:Loading scripts/items/sphere_item_provisions_deed.scp
15:06:Loading scripts/items/sphere_item_provisions_clothing_ml.scp
15:06:Loading scripts/items/sphere_item_provisions_clothing.scp
15:06:Loading scripts/items/sphere_item_provisions_beers.scp
15:06:Loading scripts/items/sphere_item_provisions_armor_se.scp
15:06:Loading scripts/items/sphere_item_provisions_armor_ml.scp
15:06:Loading scripts/items/sphere_item_provisions_armor_color.scp
15:06:Loading scripts/items/sphere_item_provisions_armor_aos.scp
15:06:Loading scripts/items/sphere_item_provisions_armor.scp
15:06:Loading scripts/items/sphere_item_provisions_alchemy_magic.scp
15:06:Loading scripts/items/sphere_item_profession_tailor_tanner.scp
15:06:Loading scripts/items/sphere_item_profession_cook_barkeep_baker.scp
15:06:Loading scripts/items/sphere_item_profession_cartographer.scp
15:06:Loading scripts/items/sphere_item_profession_barber.scp
15:06:Loading scripts/items/sphere_item_profession_alchemist_mage.scp
15:06:Loading scripts/items/sphere_item_profession.scp
15:06:Loading scripts/items/sphere_item_multis_stairs.scp
15:06:Loading scripts/items/sphere_item_multis_houses_ships.scp
15:06:Loading scripts/items/sphere_item_multis_foundations.scp
15:06:Loading scripts/items/sphere_item_ml_misc.scp
15:06:Loading scripts/items/sphere_item_ml_floor_wall.scp
15:06:Loading scripts/items/sphere_item_ml.scp
15:06:Loading scripts/items/sphere_item_misc_se.scp
15:06:Loading scripts/items/sphere_item_misc.scp
15:06:Loading scripts/items/sphere_item_magic_weapon.scp
15:06:Loading scripts/items/sphere_item_magic_wands.scp
15:06:Loading scripts/items/sphere_item_magic_necromancer_aos.scp
15:06:Loading scripts/items/sphere_item_magic_leather.scp
15:06:Loading scripts/items/sphere_item_magic_armor.scp
15:06:Loading scripts/items/sphere_item_icons_new.scp
15:06:Loading scripts/items/sphere_item_ground_tiles.scp
15:06:Loading scripts/items/sphere_item_eight_age.scp
15:06:Loading scripts/items/sphere_item_deco_signs.scp
15:06:Loading scripts/items/sphere_item_deco_misc.scp
15:06:Loading scripts/items/sphere_item_deco_mini_houses.scp
15:06:Loading scripts/items/sphere_item_deco_lightsources.scp
15:06:Loading scripts/items/sphere_item_deco_furniture.scp
15:06:Loading scripts/items/sphere_item_deco_fireplace_chimney_oven.scp
15:06:Loading scripts/items/sphere_item_deco_evilitem.scp
15:06:Loading scripts/items/sphere_item_deco_dungeons_traps_dead.scp
15:06:Loading scripts/items/sphere_item_deco_curtains_banners_tapestries.scp
15:06:Loading scripts/items/sphere_item_deco_carvings_statues.scp
15:06:Loading scripts/items/sphere_item_deco_carpet_rugs.scp
15:06:Loading scripts/items/sphere_item_christimas.scp
15:06:Loading scripts/items/sphere_item_char_icons.scp
15:06:Loading scripts/items/sphere_item_building_walls_se.scp
15:06:Loading scripts/items/sphere_item_building_walls.scp
15:06:Loading scripts/items/sphere_item_building_stairs_ml.scp
15:06:Loading scripts/items/sphere_item_building_stairs.scp
15:06:Loading scripts/items/sphere_item_building_roofs_se.scp
15:06:Loading scripts/items/sphere_item_building_roofs_ml.scp
15:06:Loading scripts/items/sphere_item_building_roofs_aos.scp
15:06:Loading scripts/items/sphere_item_building_roofs.scp
15:06:Loading scripts/items/sphere_item_building_other.scp
15:06:Loading scripts/items/sphere_item_building_floors_se.scp
15:06:Loading scripts/items/sphere_item_building_floors.scp
15:06:Loading scripts/items/sphere_item_building_fence.scp
15:06:Loading scripts/items/sphere_item_building_doors.scp
15:06:Loading scripts/items/sphere_item_boulders_rocks.scp
15:06:Loading scripts/items/sphere_item_aos_se.scp
15:06:Loading scripts/items/sphere_item_animations.scp
15:06:Loading scripts/sphere_region.scp
15:06:Loading scripts/maps/sphere_map0.scp
15:06:Loading scripts/maps/sphere_map1.scp
15:06:Loading scripts/maps/sphere_map_points0.scp
15:06:Loading scripts/maps/sphere_map_points1.scp
15:06:Loading scripts/sphere_menu.scp
15:06:Loading scripts/sphere_name.scp
15:06:Loading scripts/sphere_skillmenu.scp
15:06:Loading scripts/sphere_spawns.scp
15:06:Loading scripts/sphere_speech.scp
15:06:Loading scripts/sphere_skills.scp
15:06:Loading scripts/sphere_spells.scp
15:06:Loading scripts/sphere_newb.scp
15:06:Loading scripts/sphere_template.scp
15:06:Loading scripts/sphere_template_loot.scp
15:06:Loading scripts/sphere_template_vend.scp
15:06:Loading scripts/sphere_triggers.scp
15:06:Loading scripts/sphere_serv_triggers.scp
15:06:Loading scripts/speech/townyew.scp
15:06:Loading scripts/speech/townwind.scp
15:06:Loading scripts/speech/townvesper.scp
15:06:Loading scripts/speech/towntrinsic.scp
15:06:Loading scripts/speech/townskarabrae.scp
15:06:Loading scripts/speech/townserphold.scp
15:06:Loading scripts/speech/townnujelm.scp
15:06:Loading scripts/speech/townmoonglow.scp
15:06:Loading scripts/speech/townminoc.scp
15:06:Loading scripts/speech/townmagincia.scp
15:06:Loading scripts/speech/townjhelom.scp
15:06:Loading scripts/speech/towncove.scp
15:06:Loading scripts/speech/townbucsden.scp
15:06:Loading scripts/speech/townbritain.scp
15:06:Loading scripts/speech/spherespee.scp
15:06:Loading scripts/speech/speakshopkeep.scp
15:06:Loading scripts/speech/speakrehello.scp
15:06:Loading scripts/speech/speakorc.scp
15:06:Loading scripts/speech/speakneeds.scp
15:06:Loading scripts/speech/speakmaster.scp
15:06:Loading scripts/speech/speakhuman.scp
15:06:Loading scripts/speech/speakhorse.scp
15:06:Loading scripts/speech/jobweaver.scp
15:06:Loading scripts/speech/jobweaponstrainer.scp
15:06:Loading scripts/speech/jobweaponsmith.scp
15:06:Loading scripts/speech/jobwaiter.scp
15:06:Loading scripts/speech/jobvet.scp
15:06:Loading scripts/speech/jobveggie.scp
15:06:Loading scripts/speech/jobtinker.scp
15:06:Loading scripts/speech/jobthief.scp
15:06:Loading scripts/speech/jobtavernkeeper.scp
15:06:Loading scripts/speech/jobtanner.scp
15:06:Loading scripts/speech/jobshipwright.scp
15:06:Loading scripts/speech/jobshepherd.scp
15:06:Loading scripts/speech/jobservant.scp
15:06:Loading scripts/speech/jobsculptor.scp
15:06:Loading scripts/speech/jobscribe.scp
15:06:Loading scripts/speech/jobscholar.scp
15:06:Loading scripts/speech/jobsailor.scp
15:06:Loading scripts/speech/jobrunner.scp
15:06:Loading scripts/speech/jobrealtor.scp
15:06:Loading scripts/speech/jobranger.scp
15:06:Loading scripts/speech/jobrancher.scp
15:06:Loading scripts/speech/jobprovisioner.scp
15:06:Loading scripts/speech/jobprisoner.scp
15:06:Loading scripts/speech/jobpriest.scp
15:06:Loading scripts/speech/jobpirate.scp
15:06:Loading scripts/speech/jobparliament.scp
15:06:Loading scripts/speech/jobpaladin.scp
15:06:Loading scripts/speech/joboverseer.scp
15:06:Loading scripts/speech/jobnoble.scp
15:06:Loading scripts/speech/jobmonk.scp
15:06:Loading scripts/speech/jobminter.scp
15:06:Loading scripts/speech/jobminer.scp
15:06:Loading scripts/speech/jobmiller.scp
15:06:Loading scripts/speech/jobmayor.scp
15:06:Loading scripts/speech/jobmapmaker.scp
15:06:Loading scripts/speech/jobMageShop.scp
15:06:Loading scripts/speech/jobMageEvil.scp
15:06:Loading scripts/speech/jobMage.scp
15:06:Loading scripts/speech/joblaborer.scp
15:06:Loading scripts/speech/jobjudge.scp
15:06:Loading scripts/speech/jobjeweller.scp
15:06:Loading scripts/speech/jobjailor.scp
15:06:Loading scripts/speech/jobinnkeeper.scp
15:06:Loading scripts/speech/jobherbalist.scp
15:06:Loading scripts/speech/jobhealwand.scp
15:06:Loading scripts/speech/jobhealer.scp
15:06:Loading scripts/speech/jobGuard.scp
15:06:Loading scripts/speech/jobglassblower.scp
15:06:Loading scripts/speech/jobgambler.scp
15:06:Loading scripts/speech/jobfurtrader.scp
15:06:Loading scripts/speech/jobfarmer.scp
15:06:Loading scripts/speech/jobcobbler.scp
15:06:Loading scripts/speech/jobcashual.scp
15:06:Loading scripts/speech/jobcarpenter.scp
15:06:Loading scripts/speech/jobbutcher.scp
15:06:Loading scripts/speech/jobBrigand.scp
15:06:Loading scripts/speech/jobbowyer.scp
15:06:Loading scripts/speech/jobblacksmith.scp
15:06:Loading scripts/speech/jobbeggar.scp
15:06:Loading scripts/speech/jobbeekeeper.scp
15:06:Loading scripts/speech/jobbard.scp
15:06:Loading scripts/speech/jobbanker.scp
15:06:Loading scripts/speech/jobbaker.scp
15:06:Loading scripts/speech/jobartist.scp
15:06:Loading scripts/speech/jobarmourer.scp
15:06:Loading scripts/speech/jobarchitect.scp
15:06:Loading scripts/speech/jobanimal.scp
15:06:Loading scripts/speech/jobalchemist.scp
15:06:Loading scripts/speech/jobactor.scp
15:06:Loading scripts/sphere_msgs.scp
15:06:Loading scripts/stones/sphere_genericstone_types.scp
15:06:Loading scripts/stones/sphere_genericstone_items.scp
15:06:Loading scripts/stones/sphere_genericstone_functions.scp
15:06:Loading scripts/stones/sphere_genericstone_config.scp
15:06:Loading scripts/stones/guilds/sphere_guild_types.scp
15:06:Loading scripts/stones/guilds/sphere_guild_speech.scp
15:06:Loading scripts/stones/guilds/sphere_guild_promptconsole.scp
15:06:Loading scripts/stones/guilds/sphere_guild_items.scp
15:06:Loading scripts/stones/guilds/sphere_guild_functions_player.scp
15:06:Loading scripts/stones/guilds/sphere_guild_functions.scp
15:06:Loading scripts/stones/guilds/sphere_guild_events.scp
15:06:Loading scripts/stones/guilds/sphere_guild_dlg_warfarestatus.scp
15:06:Loading scripts/stones/guilds/sphere_guild_dlg_warfaredeclare.scp
15:06:Loading scripts/stones/guilds/sphere_guild_dlg_warfareadmin.scp
15:06:Loading scripts/stones/guilds/sphere_guild_dlg_master.scp
15:06:Loading scripts/stones/guilds/sphere_guild_dlg_main.scp
15:06:Loading scripts/stones/guilds/sphere_guild_dlg_guildlist.scp
15:06:Loading scripts/stones/guilds/sphere_guild_dlg_charter.scp
15:06:Loading scripts/stones/guilds/sphere_guild_dlg_charlist.scp
15:06:Loading scripts/stones/guilds/sphere_guild_dlg_align.scp
15:06:Loading scripts/stones/guilds/sphere_guild_config.scp
15:06:Loading scripts/stones/towns/sphere_town_types.scp
15:06:Loading scripts/stones/towns/sphere_town_speech.scp
15:06:Loading scripts/stones/towns/sphere_town_promptconsole.scp
15:06:Loading scripts/stones/towns/sphere_town_items.scp
15:06:Loading scripts/stones/towns/sphere_town_functions_player.scp
15:06:Loading scripts/stones/towns/sphere_town_functions.scp
15:06:Loading scripts/stones/towns/sphere_town_events.scp
15:06:Loading scripts/stones/towns/sphere_town_dlg_warfarestatus.scp
15:06:Loading scripts/stones/towns/sphere_town_dlg_warfaredeclare.scp
15:06:Loading scripts/stones/towns/sphere_town_dlg_warfareadmin.scp
15:06:Loading scripts/stones/towns/sphere_town_dlg_townlist.scp
15:06:Loading scripts/stones/towns/sphere_town_dlg_master.scp
15:06:Loading scripts/stones/towns/sphere_town_dlg_main.scp
15:06:Loading scripts/stones/towns/sphere_town_dlg_charter.scp
15:06:Loading scripts/stones/towns/sphere_town_dlg_charlist.scp
15:06:Loading scripts/stones/towns/sphere_town_dlg_align.scp
15:06:Loading scripts/stones/towns/sphere_town_config.scp
15:06:Loading scripts/war script/sistema_runebook.scp
15:06:Loading scripts/war script/sistema_de_news.scp
15:06:Loading scripts/war script/sistema_bandagem.scp
15:06:Loading scripts/war script/sistema_arena_x1.scp
15:06:Loading scripts/war script/roupas.scp
15:06:Loading scripts/war script/plates.scp
15:06:Loading scripts/war script/pisos e gates.scp
15:06:Loading scripts/war script/pedra_votacao.scp
15:06:Loading scripts/war script/pedras.scp
15:06:Loading scripts/war script/Jail Staff.scp
15:06:Loading scripts/war script/itens_uteis.scp
15:06:Loading scripts/war script/itens_pvp.scp
15:06:Loading scripts/war script/events.scp
15:06:Loading scripts/war script/comandos.scp
15:06:Loading scripts/war script/arena_warrior.scp
15:06:Loading scripts/war script/areas.scp
15:06:Loading scripts/war script/accountinfo.scp
15:06:Loaded 54 client encryption keys.
15:06:Server started on 'Rodrigo-PC' port 2593.
15:06:Monitoring IP '5.208.195.198'.
15:06:Monitoring IP '10.0.0.2'.
15:06:Loading save/spheredata...
15:06:WARNING:'save/spherestatics.scp' not found...
15:06:WARNING:Can't Load save/spherestatics
15:06:Loading save/spheremultis...
15:06:Loading save/sphereworld...
15:06:Loading save/spherechars...
15:06:GC: 2990 Objects accounted for
15:06:Auto-complete dictionary loaded (contains 142 words).
15:06:Option flags: CommandSysmessages + NoHouseMuteSpeech
15:06:Admin=me@my.email.com, URL=www.myshard.com, Lang=English, TZ=0
15:06:Startup complete. items=2965, chars=25
15:06:Press '?' for console commands
15:08:200:Client connected [Total:1] ('5.6.248.154' 1/1)
15:08:200:Login 'uorafa'
15:08:200:Client disconnected [Total:0] ('5.6.248.154' 0/0)
15:08:200:Client connected [Total:1] ('5.6.248.154' 1/1)
15:08:200:Login 'uorafa'
15:08:200:Setup_CreateDialog acct='uorafa', char='HiguaiN'
15:08:200:Setup_Start acct='uorafa', char='HiguaiN', IP='5.6.248.154'
15:08:200:Client disconnected [Total:0] ('5.6.248.154' 0/0)
15:10:240:Client connected [Total:1] ('5.6.248.154' 1/1)
15:10:240:Login 'uorafa'
15:10:240:Client disconnected [Total:0] ('5.6.248.154' 0/0)
15:10:240:Client connected [Total:1] ('5.6.248.154' 1/1)
15:10:240:Login 'uorafa'
15:10:240:Setup_Start acct='uorafa', char='HiguaiN', IP='5.6.248.154'
15:13:244:Client connected [Total:2] ('5.208.195.198' 1/1)
15:13:244: 'teste' bad password
15:13:ERROR:244:Bad Login 3 (The password entered is not correct)
15:13:244:Client disconnected [Total:1] ('5.208.195.198' 0/0)
15:13:244:Client connected [Total:2] ('5.208.195.198' 1/1)
15:13:244: 'teste' bad password
15:13:ERROR:244:Bad Login 3 (The password entered is not correct)
15:13:244:Client disconnected [Total:1] ('5.208.195.198' 0/0)
15:14:244:Client connected [Total:2] ('5.208.195.198' 1/1)
15:14:244:Login 'teste'
15:14:244:Client disconnected [Total:1] ('5.208.195.198' 0/0)
15:14:244:Client connected [Total:2] ('127.0.0.1' 1/1)
15:14:244:Login 'teste'
15:14:244:Setup_Start acct='teste', char='LeBron James', IP='127.0.0.1'
15:14:240:'uorafa' commands 'disarm'=1
15:14:240:'uorafa' commands 'disarm'=1
15:15:244:'teste' commands 'disarm'=1
15:15:ERROR:(sphere_spells.scp,119)Can't resolve <ACT>
15:15:244:'teste' commands 'disarm'=1
15:16:244:'teste' commands 'drinkinvisibility'=1
15:16:244:'teste' commands 'drinkheal'=1
15:18:244:'teste' commands 'drinkmana'=1
15:19:244:'teste' commands 'drinkmana'=1
15:19:244:'teste' commands 'drinkmana'=1
15:20:244:'teste' commands 'drinkmana'=1
15:20:244:'teste' commands 'drinkmana'=1
15:21:244:'teste' commands 'drinkmana'=1
15:23:244:'teste' commands 'drinkmana'=1
15:24:244:'teste' commands 'drinkheal'=1
15:24:244:'teste' commands 'drinkmana'=1
15:25:244:'teste' commands 'drinkinvisibility'=1
15:26:244:'teste' commands 'drinkmana'=1
15:26:ERROR:UID=0400015e0, id=0203b 'short hair', Invalid code=2227 (Hair/Beard item not equipped / not in a corpse / not in a vendor box)
15:26:GC: 3027 Objects accounted for
15:26:World data saved   (save/sphereworld.scp).
15:26:Player data saved  (save/spherechars.scp).
15:26:Multi data saved   (save/spheremultis.scp).
15:26:Context data saved (save/spheredata.scp).
15:26:World save completed, took 0.6945 seconds
15:28:244:'teste' commands 'drinkheal'=1
15:29:240:'uorafa' commands 'disarm'=1
15:29:240:'uorafa' commands 'disarm'=1
15:31:244:'teste' commands 'drinkmana'=1
15:31:244:'teste' commands 'drinkmana'=1
15:32:244:'teste' commands 'drinkmana'=1
15:33:244:'teste' commands 'drinkmana'=1
15:34:244:'teste' commands 'drinkmana'=1
15:34:244:'teste' commands 'drinkmana'=1
15:35:244:'teste' commands 'drinkmana'=1
15:36:244:'teste' commands 'drinkheal'=1
15:36:244:'teste' commands 'drinkmana'=1
15:36:244:'teste' commands 'drinkmana'=1
15:37:244:'teste' commands 'drinkheal'=1
15:38:244:'teste' commands 'drinkheal'=1
15:38:244:'teste' commands 'drinkmana'=1
15:39:244:'teste' commands 'drinkheal'=1
15:39:244:'teste' commands 'drinkmana'=1
15:39:244:'teste' commands 'drinkinvisibility'=1
15:40:244:'teste' commands 'drinkmana'=1
15:41:244:'teste' commands 'drinkmana'=1
15:41:244:'teste' commands 'drinkinvisibility'=1
15:41:244:'teste' commands 'drinkmana'=1
15:42:244:'teste' commands 'drinkinvisibility'=1
15:42:244:'teste' commands 'drinkmana'=1
15:43:244:'teste' commands 'drinkmana'=1
15:44:244:'teste' commands 'drinkinvisibility'=1
15:44:244:'teste' commands 'drinkheal'=1
15:45:244:'teste' commands 'drinkmana'=1
15:45:244:'teste' commands 'drinkmana'=1
15:46:GC: 3024 Objects accounted for
15:46:World data saved   (save/sphereworld.scp).
15:46:Player data saved  (save/spherechars.scp).
15:46:Multi data saved   (save/spheremultis.scp).
15:46:Context data saved (save/spheredata.scp).
15:46:World save completed, took 0.5669 seconds
15:48:ERROR:(sphere_spells.scp,119)Can't resolve <ACT>
15:48:ERROR:(sphere_spells.scp,119)Can't resolve <ACT>
15:48:244:'teste' commands 'drinkmana'=1
15:48:244:'teste' commands 'drinkmana'=1
15:48:244:Client disconnected [Total:1] ('127.0.0.1' 0/0)
15:48:244:Client connected [Total:2] ('5.208.195.198' 1/1)
15:48:244:Login 'teste'
15:49:244:Client disconnected [Total:1] ('5.208.195.198' 0/0)
15:49:244:Client connected [Total:2] ('127.0.0.1' 1/1)
15:49:244:Login 'teste'
15:49:244:Setup_Start acct='teste', char='LeBron James', IP='127.0.0.1'
15:49:244:'teste' commands 'disarm'=1
15:49:244:'teste' commands 'disarm'=1
15:49:244:'teste' commands 'drinkmana'=1
15:49:244:'teste' commands 'drink refresh'=0
15:49:240:'uorafa' commands 'disarm'=1
15:49:240:'uorafa' commands 'disarm'=1
15:49:244:'teste' commands 'drinkmana'=1
15:50:ERROR:(sphere_spells.scp,119)Can't resolve <ACT>
15:50:244:Client disconnected [Total:1] ('127.0.0.1' 0/0)
15:50:240:Client disconnected [Total:0] ('5.6.248.154' 0/0)
15:50:240:Client connected [Total:1] ('5.208.195.198' 1/1)
15:50:240:Login 'teste'
15:51:240:Client disconnected [Total:0] ('5.208.195.198' 0/0)
15:51:240:Client connected [Total:1] ('127.0.0.1' 1/1)
15:51:240:Login 'teste'
15:51:240:Setup_Start acct='teste', char='LeBron James', IP='127.0.0.1'
15:51:244:Client connected [Total:2] ('5.6.248.154' 1/1)
15:51:244:Login 'uorafa'
15:51:244:Client disconnected [Total:1] ('5.6.248.154' 0/0)
15:51:244:Client connected [Total:2] ('5.6.248.154' 1/1)
15:51:244:Login 'uorafa'
15:51:244:Setup_Start acct='uorafa', char='HiguaiN', IP='5.6.248.154'
15:51:240:'teste' commands 'drinkheal'=1
15:51:244:'uorafa' commands 'disarm'=1
15:51:240:'teste' commands 'drinkmana'=1
15:51:240:'teste' commands 'drinkmana'=1
15:51:240:'teste' commands 'drinkmana'=1
15:51:240:'teste' commands 'drinkmana'=1
15:51:240:'teste' commands 'drinkmana'=1
15:51:240:'teste' commands 'drinkmana'=1
15:51:240:'teste' commands 'drinkmana'=1
15:51:240:'teste' commands 'drinkmana'=1
15:51:240:'teste' commands 'drinkmana'=1
15:51:240:'teste' commands 'drinkmana'=1
15:51:240:'teste' commands 'drinkmana'=1
15:51:240:'teste' commands 'drinkmana'=1
15:51:240:'teste' commands 'drinkmana'=1
15:51:240:'teste' commands 'drinkmana'=1
15:51:ERROR:(sphere_spells.scp,119)Can't resolve <ACT>
15:51:240:'teste' commands 'disarm'=1
15:51:240:'teste' commands 'disarm'=1
15:51:240:'teste' commands 'disarm'=1
15:51:240:'teste' commands 'drinkheal'=1
15:52:240:'teste' commands 'drinkheal'=1
15:53:244:'uorafa' commands 'disarm'=1
15:53:240:'teste' commands 'drinkmana'=1
15:53:240:'teste' commands 'drinkmana'=1
15:53:ERROR:(sphere_spells.scp,119)Can't resolve <ACT>
15:53:240:'teste' commands 'drinkmana'=1
15:53:240:'teste' commands 'drinkinvisibility'=1
15:53:240:'teste' commands 'drinkinvisibility'=1
15:53:240:'teste' commands 'drinkinvisibility'=1
15:54:240:'teste' commands 'drinkmana'=1
15:54:240:'teste' commands 'drinkheal'=1
15:54:240:'teste' commands 'drinkheal'=1
15:54:240:'teste' commands 'drink refresh'=0
15:55:240:'teste' commands 'drinkmana'=1
15:55:240:'teste' commands 'drinkmana'=1
15:55:240:'teste' commands 'drinkmana'=1
15:55:240:'teste' commands 'drinkmana'=1
15:55:240:'teste' commands 'drinkmana'=1
15:55:P'HiguaiN' was killed by P'LeBron James'.
15:55:240:'teste' commands 'disarm'=1
15:56:244:Client disconnected [Total:1] ('5.6.248.154' 0/0)
15:58:244:Client connected [Total:2] ('5.6.248.154' 1/1)
15:58:244:Login 'uorafa'
15:58:244:Client disconnected [Total:1] ('5.6.248.154' 0/0)
15:58:244:Client connected [Total:2] ('5.6.248.154' 1/1)
15:58:244:Login 'uorafa'
15:58:244:Setup_Start acct='uorafa', char='HiguaiN', IP='5.6.248.154'
15:59:244:'uorafa' commands 'ress'=1
16:01:244:'uorafa' commands 'disarm'=1
16:01:244:'uorafa' commands 'disarm'=1
16:04:240:'teste' commands 'drinkmana'=1
16:04:240:'teste' commands 'drinkheal'=1
16:04:240:'teste' commands 'drinkheal'=1
16:04:240:'teste' commands 'disarm'=1
16:05:240:'teste' commands 'drinkmana'=1
16:05:240:'teste' commands 'drinkmana'=1
16:05:240:'teste' commands 'drinkmana'=1
16:06:240:'teste' commands 'drinkmana'=1
16:06:240:'teste' commands 'drinkmana'=1
16:06:GC: 3034 Objects accounted for
16:06:World data saved   (save/sphereworld.scp).
16:06:Player data saved  (save/spherechars.scp).
16:06:Multi data saved   (save/spheremultis.scp).
16:06:Context data saved (save/spheredata.scp).
16:06:World save completed, took 0.7048 seconds
16:07:240:'teste' commands 'drinkheal'=1
16:07:240:'teste' commands 'drinkheal'=1
16:07:240:'teste' commands 'drinkheal'=1
16:07:240:'teste' commands 'drinkheal'=1
16:07:240:'teste' commands 'drinkheal'=1
16:07:240:'teste' commands 'drinkheal'=1
16:07:240:'teste' commands 'drinkheal'=1
16:08:240:'teste' commands 'drinkmana'=1
16:08:240:'teste' commands 'drinkmana'=1
16:08:240:'teste' commands 'drinkmana'=1
16:09:240:'teste' commands 'drinkmana'=1
16:09:ERROR:(sphere_spells.scp,119)Can't resolve <ACT>
16:09:240:'teste' commands 'drinkmana'=1
16:09:P'HiguaiN' was killed by P'LeBron James'.
16:09:244:'uorafa' commands 'ress'=1
16:09:240:'teste' commands 'disarm'=1
16:12:244:Client disconnected [Total:1] ('5.6.248.154' 0/0)
16:12:240:Client disconnected [Total:0] ('127.0.0.1' 0/0)
16:14:GC: 3020 Objects accounted for
16:14:World data saved   (save/sphereworld.scp).
16:14:Player data saved  (save/spherechars.scp).
16:14:Multi data saved   (save/spheremultis.scp).
16:14:Context data saved (save/spheredata.scp).
16:14:World save completed, took 0.9323 seconds
16:15:FATAL:Server terminated by error 5!

22:28:Sphere Version 0.56b-Nightly [WIN32] by www.sphereserver.com, compiled at Sep  9 2008 (16:35:28)
22:28:WARNING: --- WARNING ---

This is a nightly build of SphereServer. This build is to be used
for testing and/or bug reporting ONLY. DO NOT run this build on a
live shard unless you know what you are doing!
Nightly builds are automatically made every night from source and
might contain errors, might be unstable or even destroy your
shard as they are mostly untested!
 ---------------------------------

22:28:Expansion maps supported: T2A, LBR, AOS, SE
22:28:Allocating map sectors: 0=6144 1=6144 2=900 3=1280 4=32761
22:28:Indexing 259 scripts...
22:28:Loading scripts/sphere_defs.scp
22:28:Loading scripts/sphere_types.scp
22:28:Loading scripts/sphere_book.scp
22:28:Loading scripts/sphere_backward_compatibility.scp
22:28:Loading scripts/sphere_events_human.scp
22:28:Loading scripts/sphere_events_npcs.scp
22:28:Loading scripts/npcs/spherechar_se.scp
22:28:Loading scripts/npcs/spherechar_new_mounts.scp
22:28:Loading scripts/npcs/spherechar_mondains_legacy.scp
22:28:Loading scripts/npcs/spherechar_misc.scp
22:28:Loading scripts/npcs/spherechar_lbr.scp
22:28:Loading scripts/npcs/spherechar_human.scp
22:28:Loading scripts/npcs/spherechar_evil.scp
22:28:Loading scripts/npcs/spherechar_aos.scp
22:28:Loading scripts/npcs/spherechar_anim.scp
22:28:Loading scripts/npcs/spherechar.scp
22:28:Loading scripts/sphere_admin.scp
22:28:Loading scripts/sphere_dialog.scp
22:28:Loading scripts/items/sphere_item_resources.scp
22:28:Loading scripts/items/sphere_minor_artifacts.scp
22:28:Loading scripts/items/sphere_item_vegetation.scp
22:28:Loading scripts/items/sphere_item_unsorted.scp
22:28:Loading scripts/items/sphere_item_treasure_maps.scp
22:28:Loading scripts/items/sphere_item_ship_parts.scp
22:28:Loading scripts/items/sphere_item_provisions_weapons_se.scp
22:28:Loading scripts/items/sphere_item_provisions_weapons_ml.scp
22:28:Loading scripts/items/sphere_item_provisions_weapons_aos.scp
22:28:Loading scripts/items/sphere_item_provisions_weapons.scp
22:28:Loading scripts/items/sphere_item_provisions_potions.scp
22:28:Loading scripts/items/sphere_item_provisions_ore.scp
22:28:Loading scripts/items/sphere_item_provisions_misc.scp
22:28:Loading scripts/items/sphere_item_provisions_jewelry.scp
22:28:Loading scripts/items/sphere_item_provisions_deeds.scp
22:28:Loading scripts/items/sphere_item_provisions_deed.scp
22:28:Loading scripts/items/sphere_item_provisions_clothing_ml.scp
22:28:Loading scripts/items/sphere_item_provisions_clothing.scp
22:28:Loading scripts/items/sphere_item_provisions_beers.scp
22:28:Loading scripts/items/sphere_item_provisions_armor_se.scp
22:28:Loading scripts/items/sphere_item_provisions_armor_ml.scp
22:28:Loading scripts/items/sphere_item_provisions_armor_color.scp
22:28:Loading scripts/items/sphere_item_provisions_armor_aos.scp
22:28:Loading scripts/items/sphere_item_provisions_armor.scp
22:28:Loading scripts/items/sphere_item_provisions_alchemy_magic.scp
22:28:Loading scripts/items/sphere_item_profession_tailor_tanner.scp
22:28:Loading scripts/items/sphere_item_profession_cook_barkeep_baker.scp
22:28:Loading scripts/items/sphere_item_profession_cartographer.scp
22:28:Loading scripts/items/sphere_item_profession_barber.scp
22:28:Loading scripts/items/sphere_item_profession_alchemist_mage.scp
22:28:Loading scripts/items/sphere_item_profession.scp
22:28:Loading scripts/items/sphere_item_multis_stairs.scp
22:28:Loading scripts/items/sphere_item_multis_houses_ships.scp
22:28:Loading scripts/items/sphere_item_multis_foundations.scp
22:28:Loading scripts/items/sphere_item_ml_misc.scp
22:28:Loading scripts/items/sphere_item_ml_floor_wall.scp
22:28:Loading scripts/items/sphere_item_ml.scp
22:28:Loading scripts/items/sphere_item_misc_se.scp
22:28:Loading scripts/items/sphere_item_misc.scp
22:28:Loading scripts/items/sphere_item_magic_weapon.scp
22:28:Loading scripts/items/sphere_item_magic_wands.scp
22:28:Loading scripts/items/sphere_item_magic_necromancer_aos.scp
22:28:Loading scripts/items/sphere_item_magic_leather.scp
22:28:Loading scripts/items/sphere_item_magic_armor.scp
22:28:Loading scripts/items/sphere_item_icons_new.scp
22:28:Loading scripts/items/sphere_item_ground_tiles.scp
22:28:Loading scripts/items/sphere_item_eight_age.scp
22:28:Loading scripts/items/sphere_item_deco_signs.scp
22:28:Loading scripts/items/sphere_item_deco_misc.scp
22:28:Loading scripts/items/sphere_item_deco_mini_houses.scp
22:28:Loading scripts/items/sphere_item_deco_lightsources.scp
22:28:Loading scripts/items/sphere_item_deco_furniture.scp
22:28:Loading scripts/items/sphere_item_deco_fireplace_chimney_oven.scp
22:28:Loading scripts/items/sphere_item_deco_evilitem.scp
22:28:Loading scripts/items/sphere_item_deco_dungeons_traps_dead.scp
22:28:Loading scripts/items/sphere_item_deco_curtains_banners_tapestries.scp
22:28:Loading scripts/items/sphere_item_deco_carvings_statues.scp
22:28:Loading scripts/items/sphere_item_deco_carpet_rugs.scp
22:28:Loading scripts/items/sphere_item_christimas.scp
22:28:Loading scripts/items/sphere_item_char_icons.scp
22:28:Loading scripts/items/sphere_item_building_walls_se.scp
22:28:Loading scripts/items/sphere_item_building_walls.scp
22:28:Loading scripts/items/sphere_item_building_stairs_ml.scp
22:28:Loading scripts/items/sphere_item_building_stairs.scp
22:28:Loading scripts/items/sphere_item_building_roofs_se.scp
22:28:Loading scripts/items/sphere_item_building_roofs_ml.scp
22:28:Loading scripts/items/sphere_item_building_roofs_aos.scp
22:28:Loading scripts/items/sphere_item_building_roofs.scp
22:28:Loading scripts/items/sphere_item_building_other.scp
22:28:Loading scripts/items/sphere_item_building_floors_se.scp
22:28:Loading scripts/items/sphere_item_building_floors.scp
22:28:Loading scripts/items/sphere_item_building_fence.scp
22:28:Loading scripts/items/sphere_item_building_doors.scp
22:28:Loading scripts/items/sphere_item_boulders_rocks.scp
22:28:Loading scripts/items/sphere_item_aos_se.scp
22:28:Loading scripts/items/sphere_item_animations.scp
22:28:Loading scripts/sphere_region.scp
22:28:Loading scripts/maps/sphere_map0.scp
22:28:Loading scripts/maps/sphere_map1.scp
22:28:Loading scripts/maps/sphere_map_points0.scp
22:28:Loading scripts/maps/sphere_map_points1.scp
22:28:Loading scripts/sphere_menu.scp
22:28:Loading scripts/sphere_name.scp
22:28:Loading scripts/sphere_skillmenu.scp
22:28:Loading scripts/sphere_spawns.scp
22:28:Loading scripts/sphere_speech.scp
22:28:Loading scripts/sphere_skills.scp
22:28:Loading scripts/sphere_spells.scp
22:28:Loading scripts/sphere_newb.scp
22:28:Loading scripts/sphere_template.scp
22:28:Loading scripts/sphere_template_loot.scp
22:28:Loading scripts/sphere_template_vend.scp
22:28:Loading scripts/sphere_triggers.scp
22:28:Loading scripts/sphere_serv_triggers.scp
22:28:Loading scripts/speech/townyew.scp
22:28:Loading scripts/speech/townwind.scp
22:28:Loading scripts/speech/townvesper.scp
22:28:Loading scripts/speech/towntrinsic.scp
22:28:Loading scripts/speech/townskarabrae.scp
22:28:Loading scripts/speech/townserphold.scp
22:28:Loading scripts/speech/townnujelm.scp
22:28:Loading scripts/speech/townmoonglow.scp
22:28:Loading scripts/speech/townminoc.scp
22:28:Loading scripts/speech/townmagincia.scp
22:28:Loading scripts/speech/townjhelom.scp
22:28:Loading scripts/speech/towncove.scp
22:28:Loading scripts/speech/townbucsden.scp
22:28:Loading scripts/speech/townbritain.scp
22:28:Loading scripts/speech/spherespee.scp
22:28:Loading scripts/speech/speakshopkeep.scp
22:28:Loading scripts/speech/speakrehello.scp
22:28:Loading scripts/speech/speakorc.scp
22:28:Loading scripts/speech/speakneeds.scp
22:28:Loading scripts/speech/speakmaster.scp
22:28:Loading scripts/speech/speakhuman.scp
22:28:Loading scripts/speech/speakhorse.scp
22:28:Loading scripts/speech/jobweaver.scp
22:28:Loading scripts/speech/jobweaponstrainer.scp
22:28:Loading scripts/speech/jobweaponsmith.scp
22:28:Loading scripts/speech/jobwaiter.scp
22:28:Loading scripts/speech/jobvet.scp
22:28:Loading scripts/speech/jobveggie.scp
22:28:Loading scripts/speech/jobtinker.scp
22:28:Loading scripts/speech/jobthief.scp
22:28:Loading scripts/speech/jobtavernkeeper.scp
22:28:Loading scripts/speech/jobtanner.scp
22:28:Loading scripts/speech/jobshipwright.scp
22:28:Loading scripts/speech/jobshepherd.scp
22:28:Loading scripts/speech/jobservant.scp
22:28:Loading scripts/speech/jobsculptor.scp
22:28:Loading scripts/speech/jobscribe.scp
22:28:Loading scripts/speech/jobscholar.scp
22:28:Loading scripts/speech/jobsailor.scp
22:28:Loading scripts/speech/jobrunner.scp
22:28:Loading scripts/speech/jobrealtor.scp
22:28:Loading scripts/speech/jobranger.scp
22:28:Loading scripts/speech/jobrancher.scp
22:28:Loading scripts/speech/jobprovisioner.scp
22:28:Loading scripts/speech/jobprisoner.scp
22:28:Loading scripts/speech/jobpriest.scp
22:28:Loading scripts/speech/jobpirate.scp
22:28:Loading scripts/speech/jobparliament.scp
22:28:Loading scripts/speech/jobpaladin.scp
22:28:Loading scripts/speech/joboverseer.scp
22:28:Loading scripts/speech/jobnoble.scp
22:28:Loading scripts/speech/jobmonk.scp
22:28:Loading scripts/speech/jobminter.scp
22:28:Loading scripts/speech/jobminer.scp
22:28:Loading scripts/speech/jobmiller.scp
22:28:Loading scripts/speech/jobmayor.scp
22:28:Loading scripts/speech/jobmapmaker.scp
22:28:Loading scripts/speech/jobMageShop.scp
22:28:Loading scripts/speech/jobMageEvil.scp
22:28:Loading scripts/speech/jobMage.scp
22:28:Loading scripts/speech/joblaborer.scp
22:28:Loading scripts/speech/jobjudge.scp
22:28:Loading scripts/speech/jobjeweller.scp
22:28:Loading scripts/speech/jobjailor.scp
22:28:Loading scripts/speech/jobinnkeeper.scp
22:28:Loading scripts/speech/jobherbalist.scp
22:28:Loading scripts/speech/jobhealwand.scp
22:28:Loading scripts/speech/jobhealer.scp
22:28:Loading scripts/speech/jobGuard.scp
22:28:Loading scripts/speech/jobglassblower.scp
22:28:Loading scripts/speech/jobgambler.scp
22:28:Loading scripts/speech/jobfurtrader.scp
22:28:Loading scripts/speech/jobfarmer.scp
22:28:Loading scripts/speech/jobcobbler.scp
22:28:Loading scripts/speech/jobcashual.scp
22:28:Loading scripts/speech/jobcarpenter.scp
22:28:Loading scripts/speech/jobbutcher.scp
22:28:Loading scripts/speech/jobBrigand.scp
22:28:Loading scripts/speech/jobbowyer.scp
22:28:Loading scripts/speech/jobblacksmith.scp
22:28:Loading scripts/speech/jobbeggar.scp
22:28:Loading scripts/speech/jobbeekeeper.scp
22:28:Loading scripts/speech/jobbard.scp
22:28:Loading scripts/speech/jobbanker.scp
22:28:Loading scripts/speech/jobbaker.scp
22:28:Loading scripts/speech/jobartist.scp
22:28:Loading scripts/speech/jobarmourer.scp
22:28:Loading scripts/speech/jobarchitect.scp
22:28:Loading scripts/speech/jobanimal.scp
22:28:Loading scripts/speech/jobalchemist.scp
22:28:Loading scripts/speech/jobactor.scp
22:28:Loading scripts/sphere_msgs.scp
22:28:Loading scripts/stones/sphere_genericstone_types.scp
22:28:Loading scripts/stones/sphere_genericstone_items.scp
22:28:Loading scripts/stones/sphere_genericstone_functions.scp
22:28:Loading scripts/stones/sphere_genericstone_config.scp
22:28:Loading scripts/stones/guilds/sphere_guild_types.scp
22:28:Loading scripts/stones/guilds/sphere_guild_speech.scp
22:28:Loading scripts/stones/guilds/sphere_guild_promptconsole.scp
22:28:Loading scripts/stones/guilds/sphere_guild_items.scp
22:28:Loading scripts/stones/guilds/sphere_guild_functions_player.scp
22:28:Loading scripts/stones/guilds/sphere_guild_functions.scp
22:28:Loading scripts/stones/guilds/sphere_guild_events.scp
22:28:Loading scripts/stones/guilds/sphere_guild_dlg_warfarestatus.scp
22:28:Loading scripts/stones/guilds/sphere_guild_dlg_warfaredeclare.scp
22:28:Loading scripts/stones/guilds/sphere_guild_dlg_warfareadmin.scp
22:28:Loading scripts/stones/guilds/sphere_guild_dlg_master.scp
22:28:Loading scripts/stones/guilds/sphere_guild_dlg_main.scp
22:28:Loading scripts/stones/guilds/sphere_guild_dlg_guildlist.scp
22:28:Loading scripts/stones/guilds/sphere_guild_dlg_charter.scp
22:28:Loading scripts/stones/guilds/sphere_guild_dlg_charlist.scp
22:28:Loading scripts/stones/guilds/sphere_guild_dlg_align.scp
22:28:Loading scripts/stones/guilds/sphere_guild_config.scp
22:28:Loading scripts/stones/towns/sphere_town_types.scp
22:28:Loading scripts/stones/towns/sphere_town_speech.scp
22:28:Loading scripts/stones/towns/sphere_town_promptconsole.scp
22:28:Loading scripts/stones/towns/sphere_town_items.scp
22:28:Loading scripts/stones/towns/sphere_town_functions_player.scp
22:28:Loading scripts/stones/towns/sphere_town_functions.scp
22:28:Loading scripts/stones/towns/sphere_town_events.scp
22:28:Loading scripts/stones/towns/sphere_town_dlg_warfarestatus.scp
22:28:Loading scripts/stones/towns/sphere_town_dlg_warfaredeclare.scp
22:28:Loading scripts/stones/towns/sphere_town_dlg_warfareadmin.scp
22:28:Loading scripts/stones/towns/sphere_town_dlg_townlist.scp
22:28:Loading scripts/stones/towns/sphere_town_dlg_master.scp
22:28:Loading scripts/stones/towns/sphere_town_dlg_main.scp
22:28:Loading scripts/stones/towns/sphere_town_dlg_charter.scp
22:28:Loading scripts/stones/towns/sphere_town_dlg_charlist.scp
22:28:Loading scripts/stones/towns/sphere_town_dlg_align.scp
22:28:Loading scripts/stones/towns/sphere_town_config.scp
22:28:Loading scripts/war script/sistema_runebook.scp
22:28:Loading scripts/war script/sistema_de_news.scp
22:28:Loading scripts/war script/sistema_bandagem.scp
22:28:Loading scripts/war script/sistema_arena_x1.scp
22:28:Loading scripts/war script/roupas.scp
22:28:Loading scripts/war script/plates.scp
22:28:Loading scripts/war script/pisos e gates.scp
22:28:Loading scripts/war script/pedra_votacao.scp
22:28:Loading scripts/war script/pedras.scp
22:28:Loading scripts/war script/Jail Staff.scp
22:28:Loading scripts/war script/itens_uteis.scp
22:28:Loading scripts/war script/itens_pvp.scp
22:28:Loading scripts/war script/events.scp
22:28:Loading scripts/war script/comandos.scp
22:28:Loading scripts/war script/arena_warrior.scp
22:28:Loading scripts/war script/areas.scp
22:28:Loading scripts/war script/accountinfo.scp
22:28:Loaded 54 client encryption keys.
22:28:Server started on 'Rodrigo-PC' port 2593.
22:28:Monitoring IP '5.208.195.198'.
22:28:Monitoring IP '10.0.0.2'.
22:28:Loading save/spheredata...
22:28:WARNING:'save/spherestatics.scp' not found...
22:28:WARNING:Can't Load save/spherestatics
22:28:Loading save/spheremultis...
22:28:Loading save/sphereworld...
22:28:Loading save/spherechars...
22:28:GC: 3020 Objects accounted for
22:28:Auto-complete dictionary loaded (contains 142 words).
22:28:Option flags: CommandSysmessages + NoHouseMuteSpeech
22:28:Admin=me@my.email.com, URL=www.myshard.com, Lang=English, TZ=0
22:28:Startup complete. items=2993, chars=27
22:28:Press '?' for console commands
22:29:FATAL:Server terminated by error 5!

22:30:Sphere Version 0.56b-Nightly [WIN32] by www.sphereserver.com, compiled at Sep  9 2008 (16:35:28)
22:30:WARNING: --- WARNING ---

This is a nightly build of SphereServer. This build is to be used
for testing and/or bug reporting ONLY. DO NOT run this build on a
live shard unless you know what you are doing!
Nightly builds are automatically made every night from source and
might contain errors, might be unstable or even destroy your
shard as they are mostly untested!
 ---------------------------------

22:30:Expansion maps supported: T2A, LBR, AOS, SE
22:30:Allocating map sectors: 0=6144 1=6144 2=900 3=1280 4=32761
22:30:Indexing 259 scripts...
22:30:Loading scripts/sphere_defs.scp
22:30:Loading scripts/sphere_types.scp
22:30:Loading scripts/sphere_book.scp
22:30:Loading scripts/sphere_backward_compatibility.scp
22:30:Loading scripts/sphere_events_human.scp
22:30:Loading scripts/sphere_events_npcs.scp
22:30:Loading scripts/npcs/spherechar_se.scp
22:30:Loading scripts/npcs/spherechar_new_mounts.scp
22:30:Loading scripts/npcs/spherechar_mondains_legacy.scp
22:30:Loading scripts/npcs/spherechar_misc.scp
22:30:Loading scripts/npcs/spherechar_lbr.scp
22:30:Loading scripts/npcs/spherechar_human.scp
22:30:Loading scripts/npcs/spherechar_evil.scp
22:30:Loading scripts/npcs/spherechar_aos.scp
22:30:Loading scripts/npcs/spherechar_anim.scp
22:30:Loading scripts/npcs/spherechar.scp
22:30:Loading scripts/sphere_admin.scp
22:30:Loading scripts/sphere_dialog.scp
22:30:Loading scripts/items/sphere_item_resources.scp
22:30:Loading scripts/items/sphere_minor_artifacts.scp
22:30:Loading scripts/items/sphere_item_vegetation.scp
22:30:Loading scripts/items/sphere_item_unsorted.scp
22:30:Loading scripts/items/sphere_item_treasure_maps.scp
22:30:Loading scripts/items/sphere_item_ship_parts.scp
22:30:Loading scripts/items/sphere_item_provisions_weapons_se.scp
22:30:Loading scripts/items/sphere_item_provisions_weapons_ml.scp
22:30:Loading scripts/items/sphere_item_provisions_weapons_aos.scp
22:30:Loading scripts/items/sphere_item_provisions_weapons.scp
22:30:Loading scripts/items/sphere_item_provisions_potions.scp
22:30:Loading scripts/items/sphere_item_provisions_ore.scp
22:30:Loading scripts/items/sphere_item_provisions_misc.scp
22:30:Loading scripts/items/sphere_item_provisions_jewelry.scp
22:30:Loading scripts/items/sphere_item_provisions_deeds.scp
22:30:Loading scripts/items/sphere_item_provisions_deed.scp
22:30:Loading scripts/items/sphere_item_provisions_clothing_ml.scp
22:30:Loading scripts/items/sphere_item_provisions_clothing.scp
22:30:Loading scripts/items/sphere_item_provisions_beers.scp
22:30:Loading scripts/items/sphere_item_provisions_armor_se.scp
22:30:Loading scripts/items/sphere_item_provisions_armor_ml.scp
22:30:Loading scripts/items/sphere_item_provisions_armor_color.scp
22:30:Loading scripts/items/sphere_item_provisions_armor_aos.scp
22:30:Loading scripts/items/sphere_item_provisions_armor.scp
22:30:Loading scripts/items/sphere_item_provisions_alchemy_magic.scp
22:30:Loading scripts/items/sphere_item_profession_tailor_tanner.scp
22:30:Loading scripts/items/sphere_item_profession_cook_barkeep_baker.scp
22:30:Loading scripts/items/sphere_item_profession_cartographer.scp
22:30:Loading scripts/items/sphere_item_profession_barber.scp
22:30:Loading scripts/items/sphere_item_profession_alchemist_mage.scp
22:30:Loading scripts/items/sphere_item_profession.scp
22:30:Loading scripts/items/sphere_item_multis_stairs.scp
22:30:Loading scripts/items/sphere_item_multis_houses_ships.scp
22:30:Loading scripts/items/sphere_item_multis_foundations.scp
22:30:Loading scripts/items/sphere_item_ml_misc.scp
22:30:Loading scripts/items/sphere_item_ml_floor_wall.scp
22:30:Loading scripts/items/sphere_item_ml.scp
22:30:Loading scripts/items/sphere_item_misc_se.scp
22:30:Loading scripts/items/sphere_item_misc.scp
22:30:Loading scripts/items/sphere_item_magic_weapon.scp
22:30:Loading scripts/items/sphere_item_magic_wands.scp
22:30:Loading scripts/items/sphere_item_magic_necromancer_aos.scp
22:30:Loading scripts/items/sphere_item_magic_leather.scp
22:30:Loading scripts/items/sphere_item_magic_armor.scp
22:30:Loading scripts/items/sphere_item_icons_new.scp
22:30:Loading scripts/items/sphere_item_ground_tiles.scp
22:30:Loading scripts/items/sphere_item_eight_age.scp
22:30:Loading scripts/items/sphere_item_deco_signs.scp
22:30:Loading scripts/items/sphere_item_deco_misc.scp
22:30:Loading scripts/items/sphere_item_deco_mini_houses.scp
22:30:Loading scripts/items/sphere_item_deco_lightsources.scp
22:30:Loading scripts/items/sphere_item_deco_furniture.scp
22:30:Loading scripts/items/sphere_item_deco_fireplace_chimney_oven.scp
22:30:Loading scripts/items/sphere_item_deco_evilitem.scp
22:30:Loading scripts/items/sphere_item_deco_dungeons_traps_dead.scp
22:30:Loading scripts/items/sphere_item_deco_curtains_banners_tapestries.scp
22:30:Loading scripts/items/sphere_item_deco_carvings_statues.scp
22:30:Loading scripts/items/sphere_item_deco_carpet_rugs.scp
22:30:Loading scripts/items/sphere_item_christimas.scp
22:30:Loading scripts/items/sphere_item_char_icons.scp
22:30:Loading scripts/items/sphere_item_building_walls_se.scp
22:30:Loading scripts/items/sphere_item_building_walls.scp
22:30:Loading scripts/items/sphere_item_building_stairs_ml.scp
22:30:Loading scripts/items/sphere_item_building_stairs.scp
22:30:Loading scripts/items/sphere_item_building_roofs_se.scp
22:30:Loading scripts/items/sphere_item_building_roofs_ml.scp
22:30:Loading scripts/items/sphere_item_building_roofs_aos.scp
22:30:Loading scripts/items/sphere_item_building_roofs.scp
22:30:Loading scripts/items/sphere_item_building_other.scp
22:30:Loading scripts/items/sphere_item_building_floors_se.scp
22:30:Loading scripts/items/sphere_item_building_floors.scp
22:30:Loading scripts/items/sphere_item_building_fence.scp
22:30:Loading scripts/items/sphere_item_building_doors.scp
22:30:Loading scripts/items/sphere_item_boulders_rocks.scp
22:30:Loading scripts/items/sphere_item_aos_se.scp
22:30:Loading scripts/items/sphere_item_animations.scp
22:30:Loading scripts/sphere_region.scp
22:30:Loading scripts/maps/sphere_map0.scp
22:30:Loading scripts/maps/sphere_map1.scp
22:30:Loading scripts/maps/sphere_map_points0.scp
22:30:Loading scripts/maps/sphere_map_points1.scp
22:30:Loading scripts/sphere_menu.scp
22:30:Loading scripts/sphere_name.scp
22:30:Loading scripts/sphere_skillmenu.scp
22:30:Loading scripts/sphere_spawns.scp
22:30:Loading scripts/sphere_speech.scp
22:30:Loading scripts/sphere_skills.scp
22:30:Loading scripts/sphere_spells.scp
22:30:Loading scripts/sphere_newb.scp
22:30:Loading scripts/sphere_template.scp
22:30:Loading scripts/sphere_template_loot.scp
22:30:Loading scripts/sphere_template_vend.scp
22:30:Loading scripts/sphere_triggers.scp
22:30:Loading scripts/sphere_serv_triggers.scp
22:30:Loading scripts/speech/townyew.scp
22:30:Loading scripts/speech/townwind.scp
22:30:Loading scripts/speech/townvesper.scp
22:30:Loading scripts/speech/towntrinsic.scp
22:30:Loading scripts/speech/townskarabrae.scp
22:30:Loading scripts/speech/townserphold.scp
22:30:Loading scripts/speech/townnujelm.scp
22:30:Loading scripts/speech/townmoonglow.scp
22:30:Loading scripts/speech/townminoc.scp
22:30:Loading scripts/speech/townmagincia.scp
22:30:Loading scripts/speech/townjhelom.scp
22:30:Loading scripts/speech/towncove.scp
22:30:Loading scripts/speech/townbucsden.scp
22:30:Loading scripts/speech/townbritain.scp
22:30:Loading scripts/speech/spherespee.scp
22:30:Loading scripts/speech/speakshopkeep.scp
22:30:Loading scripts/speech/speakrehello.scp
22:30:Loading scripts/speech/speakorc.scp
22:30:Loading scripts/speech/speakneeds.scp
22:30:Loading scripts/speech/speakmaster.scp
22:30:Loading scripts/speech/speakhuman.scp
22:30:Loading scripts/speech/speakhorse.scp
22:30:Loading scripts/speech/jobweaver.scp
22:30:Loading scripts/speech/jobweaponstrainer.scp
22:30:Loading scripts/speech/jobweaponsmith.scp
22:30:Loading scripts/speech/jobwaiter.scp
22:30:Loading scripts/speech/jobvet.scp
22:30:Loading scripts/speech/jobveggie.scp
22:30:Loading scripts/speech/jobtinker.scp
22:30:Loading scripts/speech/jobthief.scp
22:30:Loading scripts/speech/jobtavernkeeper.scp
22:30:Loading scripts/speech/jobtanner.scp
22:30:Loading scripts/speech/jobshipwright.scp
22:30:Loading scripts/speech/jobshepherd.scp
22:30:Loading scripts/speech/jobservant.scp
22:30:Loading scripts/speech/jobsculptor.scp
22:30:Loading scripts/speech/jobscribe.scp
22:30:Loading scripts/speech/jobscholar.scp
22:30:Loading scripts/speech/jobsailor.scp
22:30:Loading scripts/speech/jobrunner.scp
22:30:Loading scripts/speech/jobrealtor.scp
22:30:Loading scripts/speech/jobranger.scp
22:30:Loading scripts/speech/jobrancher.scp
22:30:Loading scripts/speech/jobprovisioner.scp
22:30:Loading scripts/speech/jobprisoner.scp
22:30:Loading scripts/speech/jobpriest.scp
22:30:Loading scripts/speech/jobpirate.scp
22:30:Loading scripts/speech/jobparliament.scp
22:30:Loading scripts/speech/jobpaladin.scp
22:30:Loading scripts/speech/joboverseer.scp
22:30:Loading scripts/speech/jobnoble.scp
22:30:Loading scripts/speech/jobmonk.scp
22:30:Loading scripts/speech/jobminter.scp
22:30:Loading scripts/speech/jobminer.scp
22:30:Loading scripts/speech/jobmiller.scp
22:30:Loading scripts/speech/jobmayor.scp
22:30:Loading scripts/speech/jobmapmaker.scp
22:30:Loading scripts/speech/jobMageShop.scp
22:30:Loading scripts/speech/jobMageEvil.scp
22:30:Loading scripts/speech/jobMage.scp
22:30:Loading scripts/speech/joblaborer.scp
22:30:Loading scripts/speech/jobjudge.scp
22:30:Loading scripts/speech/jobjeweller.scp
22:30:Loading scripts/speech/jobjailor.scp
22:30:Loading scripts/speech/jobinnkeeper.scp
22:30:Loading scripts/speech/jobherbalist.scp
22:30:Loading scripts/speech/jobhealwand.scp
22:30:Loading scripts/speech/jobhealer.scp
22:30:Loading scripts/speech/jobGuard.scp
22:30:Loading scripts/speech/jobglassblower.scp
22:30:Loading scripts/speech/jobgambler.scp
22:30:Loading scripts/speech/jobfurtrader.scp
22:30:Loading scripts/speech/jobfarmer.scp
22:30:Loading scripts/speech/jobcobbler.scp
22:30:Loading scripts/speech/jobcashual.scp
22:30:Loading scripts/speech/jobcarpenter.scp
22:30:Loading scripts/speech/jobbutcher.scp
22:30:Loading scripts/speech/jobBrigand.scp
22:30:Loading scripts/speech/jobbowyer.scp
22:30:Loading scripts/speech/jobblacksmith.scp
22:30:Loading scripts/speech/jobbeggar.scp
22:30:Loading scripts/speech/jobbeekeeper.scp
22:30:Loading scripts/speech/jobbard.scp
22:30:Loading scripts/speech/jobbanker.scp
22:30:Loading scripts/speech/jobbaker.scp
22:30:Loading scripts/speech/jobartist.scp
22:30:Loading scripts/speech/jobarmourer.scp
22:30:Loading scripts/speech/jobarchitect.scp
22:30:Loading scripts/speech/jobanimal.scp
22:30:Loading scripts/speech/jobalchemist.scp
22:30:Loading scripts/speech/jobactor.scp
22:30:Loading scripts/sphere_msgs.scp
22:30:Loading scripts/stones/sphere_genericstone_types.scp
22:30:Loading scripts/stones/sphere_genericstone_items.scp
22:30:Loading scripts/stones/sphere_genericstone_functions.scp
22:30:Loading scripts/stones/sphere_genericstone_config.scp
22:30:Loading scripts/stones/guilds/sphere_guild_types.scp
22:30:Loading scripts/stones/guilds/sphere_guild_speech.scp
22:30:Loading scripts/stones/guilds/sphere_guild_promptconsole.scp
22:30:Loading scripts/stones/guilds/sphere_guild_items.scp
22:30:Loading scripts/stones/guilds/sphere_guild_functions_player.scp
22:30:Loading scripts/stones/guilds/sphere_guild_functions.scp
22:30:Loading scripts/stones/guilds/sphere_guild_events.scp
22:30:Loading scripts/stones/guilds/sphere_guild_dlg_warfarestatus.scp
22:30:Loading scripts/stones/guilds/sphere_guild_dlg_warfaredeclare.scp
22:30:Loading scripts/stones/guilds/sphere_guild_dlg_warfareadmin.scp
22:30:Loading scripts/stones/guilds/sphere_guild_dlg_master.scp
22:30:Loading scripts/stones/guilds/sphere_guild_dlg_main.scp
22:30:Loading scripts/stones/guilds/sphere_guild_dlg_guildlist.scp
22:30:Loading scripts/stones/guilds/sphere_guild_dlg_charter.scp
22:30:Loading scripts/stones/guilds/sphere_guild_dlg_charlist.scp
22:30:Loading scripts/stones/guilds/sphere_guild_dlg_align.scp
22:30:Loading scripts/stones/guilds/sphere_guild_config.scp
22:30:Loading scripts/stones/towns/sphere_town_types.scp
22:30:Loading scripts/stones/towns/sphere_town_speech.scp
22:30:Loading scripts/stones/towns/sphere_town_promptconsole.scp
22:30:Loading scripts/stones/towns/sphere_town_items.scp
22:30:Loading scripts/stones/towns/sphere_town_functions_player.scp
22:30:Loading scripts/stones/towns/sphere_town_functions.scp
22:30:Loading scripts/stones/towns/sphere_town_events.scp
22:30:Loading scripts/stones/towns/sphere_town_dlg_warfarestatus.scp
22:30:Loading scripts/stones/towns/sphere_town_dlg_warfaredeclare.scp
22:30:Loading scripts/stones/towns/sphere_town_dlg_warfareadmin.scp
22:30:Loading scripts/stones/towns/sphere_town_dlg_townlist.scp
22:30:Loading scripts/stones/towns/sphere_town_dlg_master.scp
22:30:Loading scripts/stones/towns/sphere_town_dlg_main.scp
22:30:Loading scripts/stones/towns/sphere_town_dlg_charter.scp
22:30:Loading scripts/stones/towns/sphere_town_dlg_charlist.scp
22:30:Loading scripts/stones/towns/sphere_town_dlg_align.scp
22:30:Loading scripts/stones/towns/sphere_town_config.scp
22:30:Loading scripts/war script/sistema_runebook.scp
22:30:Loading scripts/war script/sistema_de_news.scp
22:30:Loading scripts/war script/sistema_bandagem.scp
22:30:Loading scripts/war script/sistema_arena_x1.scp
22:30:Loading scripts/war script/roupas.scp
22:30:Loading scripts/war script/plates.scp
22:30:Loading scripts/war script/pisos e gates.scp
22:30:Loading scripts/war script/pedra_votacao.scp
22:30:Loading scripts/war script/pedras.scp
22:30:Loading scripts/war script/Jail Staff.scp
22:30:Loading scripts/war script/itens_uteis.scp
22:30:Loading scripts/war script/itens_pvp.scp
22:30:Loading scripts/war script/events.scp
22:30:Loading scripts/war script/comandos.scp
22:30:Loading scripts/war script/arena_warrior.scp
22:30:Loading scripts/war script/areas.scp
22:30:Loading scripts/war script/accountinfo.scp
22:30:Loaded 54 client encryption keys.
22:30:Server started on 'Rodrigo-PC' port 2593.
22:30:Monitoring IP '5.208.195.198'.
22:30:Monitoring IP '10.0.0.2'.
22:30:Loading save/spheredata...
22:30:WARNING:'save/spherestatics.scp' not found...
22:30:WARNING:Can't Load save/spherestatics
22:30:Loading save/spheremultis...
22:30:Loading save/sphereworld...
22:30:Loading save/spherechars...
22:30:GC: 3020 Objects accounted for
22:30:Auto-complete dictionary loaded (contains 142 words).
22:30:Option flags: CommandSysmessages + NoHouseMuteSpeech
22:30:Admin=me@my.email.com, URL=www.myshard.com, Lang=English, TZ=0
22:30:Startup complete. items=2993, chars=27
22:30:Press '?' for console commands
22:30:FATAL:Server terminated by error 5!

22:31:Sphere Version 0.56b-Nightly [WIN32] by www.sphereserver.com, compiled at Sep  9 2008 (16:35:28)
22:31:WARNING: --- WARNING ---

This is a nightly build of SphereServer. This build is to be used
for testing and/or bug reporting ONLY. DO NOT run this build on a
live shard unless you know what you are doing!
Nightly builds are automatically made every night from source and
might contain errors, might be unstable or even destroy your
shard as they are mostly untested!
 ---------------------------------

22:31:Expansion maps supported: T2A, LBR, AOS, SE
22:31:Allocating map sectors: 0=6144 1=6144 2=900 3=1280 4=32761
22:31:Indexing 259 scripts...
22:31:Loading scripts/sphere_defs.scp
22:31:Loading scripts/sphere_types.scp
22:31:Loading scripts/sphere_book.scp
22:31:Loading scripts/sphere_backward_compatibility.scp
22:31:Loading scripts/sphere_events_human.scp
22:31:Loading scripts/sphere_events_npcs.scp
22:31:Loading scripts/npcs/spherechar_se.scp
22:31:Loading scripts/npcs/spherechar_new_mounts.scp
22:31:Loading scripts/npcs/spherechar_mondains_legacy.scp
22:31:Loading scripts/npcs/spherechar_misc.scp
22:31:Loading scripts/npcs/spherechar_lbr.scp
22:31:Loading scripts/npcs/spherechar_human.scp
22:31:Loading scripts/npcs/spherechar_evil.scp
22:31:Loading scripts/npcs/spherechar_aos.scp
22:31:Loading scripts/npcs/spherechar_anim.scp
22:31:Loading scripts/npcs/spherechar.scp
22:31:Loading scripts/sphere_admin.scp
22:31:Loading scripts/sphere_dialog.scp
22:31:Loading scripts/items/sphere_item_resources.scp
22:31:Loading scripts/items/sphere_minor_artifacts.scp
22:31:Loading scripts/items/sphere_item_vegetation.scp
22:31:Loading scripts/items/sphere_item_unsorted.scp
22:31:Loading scripts/items/sphere_item_treasure_maps.scp
22:31:Loading scripts/items/sphere_item_ship_parts.scp
22:31:Loading scripts/items/sphere_item_provisions_weapons_se.scp
22:31:Loading scripts/items/sphere_item_provisions_weapons_ml.scp
22:31:Loading scripts/items/sphere_item_provisions_weapons_aos.scp
22:31:Loading scripts/items/sphere_item_provisions_weapons.scp
22:31:Loading scripts/items/sphere_item_provisions_potions.scp
22:31:Loading scripts/items/sphere_item_provisions_ore.scp
22:31:Loading scripts/items/sphere_item_provisions_misc.scp
22:31:Loading scripts/items/sphere_item_provisions_jewelry.scp
22:31:Loading scripts/items/sphere_item_provisions_deeds.scp
22:31:Loading scripts/items/sphere_item_provisions_deed.scp
22:31:Loading scripts/items/sphere_item_provisions_clothing_ml.scp
22:31:Loading scripts/items/sphere_item_provisions_clothing.scp
22:31:Loading scripts/items/sphere_item_provisions_beers.scp
22:31:Loading scripts/items/sphere_item_provisions_armor_se.scp
22:31:Loading scripts/items/sphere_item_provisions_armor_ml.scp
22:31:Loading scripts/items/sphere_item_provisions_armor_color.scp
22:31:Loading scripts/items/sphere_item_provisions_armor_aos.scp
22:31:Loading scripts/items/sphere_item_provisions_armor.scp
22:31:Loading scripts/items/sphere_item_provisions_alchemy_magic.scp
22:31:Loading scripts/items/sphere_item_profession_tailor_tanner.scp
22:31:Loading scripts/items/sphere_item_profession_cook_barkeep_baker.scp
22:31:Loading scripts/items/sphere_item_profession_cartographer.scp
22:31:Loading scripts/items/sphere_item_profession_barber.scp
22:31:Loading scripts/items/sphere_item_profession_alchemist_mage.scp
22:31:Loading scripts/items/sphere_item_profession.scp
22:31:Loading scripts/items/sphere_item_multis_stairs.scp
22:31:Loading scripts/items/sphere_item_multis_houses_ships.scp
22:31:Loading scripts/items/sphere_item_multis_foundations.scp
22:31:Loading scripts/items/sphere_item_ml_misc.scp
22:31:Loading scripts/items/sphere_item_ml_floor_wall.scp
22:31:Loading scripts/items/sphere_item_ml.scp
22:31:Loading scripts/items/sphere_item_misc_se.scp
22:31:Loading scripts/items/sphere_item_misc.scp
22:31:Loading scripts/items/sphere_item_magic_weapon.scp
22:31:Loading scripts/items/sphere_item_magic_wands.scp
22:31:Loading scripts/items/sphere_item_magic_necromancer_aos.scp
22:31:Loading scripts/items/sphere_item_magic_leather.scp
22:31:Loading scripts/items/sphere_item_magic_armor.scp
22:31:Loading scripts/items/sphere_item_icons_new.scp
22:31:Loading scripts/items/sphere_item_ground_tiles.scp
22:31:Loading scripts/items/sphere_item_eight_age.scp
22:31:Loading scripts/items/sphere_item_deco_signs.scp
22:31:Loading scripts/items/sphere_item_deco_misc.scp
22:31:Loading scripts/items/sphere_item_deco_mini_houses.scp
22:31:Loading scripts/items/sphere_item_deco_lightsources.scp
22:31:Loading scripts/items/sphere_item_deco_furniture.scp
22:31:Loading scripts/items/sphere_item_deco_fireplace_chimney_oven.scp
22:31:Loading scripts/items/sphere_item_deco_evilitem.scp
22:31:Loading scripts/items/sphere_item_deco_dungeons_traps_dead.scp
22:31:Loading scripts/items/sphere_item_deco_curtains_banners_tapestries.scp
22:31:Loading scripts/items/sphere_item_deco_carvings_statues.scp
22:31:Loading scripts/items/sphere_item_deco_carpet_rugs.scp
22:31:Loading scripts/items/sphere_item_christimas.scp
22:31:Loading scripts/items/sphere_item_char_icons.scp
22:31:Loading scripts/items/sphere_item_building_walls_se.scp
22:31:Loading scripts/items/sphere_item_building_walls.scp
22:31:Loading scripts/items/sphere_item_building_stairs_ml.scp
22:31:Loading scripts/items/sphere_item_building_stairs.scp
22:31:Loading scripts/items/sphere_item_building_roofs_se.scp
22:31:Loading scripts/items/sphere_item_building_roofs_ml.scp
22:31:Loading scripts/items/sphere_item_building_roofs_aos.scp
22:31:Loading scripts/items/sphere_item_building_roofs.scp
22:31:Loading scripts/items/sphere_item_building_other.scp
22:31:Loading scripts/items/sphere_item_building_floors_se.scp
22:31:Loading scripts/items/sphere_item_building_floors.scp
22:31:Loading scripts/items/sphere_item_building_fence.scp
22:31:Loading scripts/items/sphere_item_building_doors.scp
22:31:Loading scripts/items/sphere_item_boulders_rocks.scp
22:31:Loading scripts/items/sphere_item_aos_se.scp
22:31:Loading scripts/items/sphere_item_animations.scp
22:31:Loading scripts/sphere_region.scp
22:31:Loading scripts/maps/sphere_map0.scp
22:31:Loading scripts/maps/sphere_map1.scp
22:31:Loading scripts/maps/sphere_map_points0.scp
22:31:Loading scripts/maps/sphere_map_points1.scp
22:31:Loading scripts/sphere_menu.scp
22:31:Loading scripts/sphere_name.scp
22:31:Loading scripts/sphere_skillmenu.scp
22:31:Loading scripts/sphere_spawns.scp
22:31:Loading scripts/sphere_speech.scp
22:31:Loading scripts/sphere_skills.scp
22:31:Loading scripts/sphere_spells.scp
22:31:Loading scripts/sphere_newb.scp
22:31:Loading scripts/sphere_template.scp
22:31:Loading scripts/sphere_template_loot.scp
22:31:Loading scripts/sphere_template_vend.scp
22:31:Loading scripts/sphere_triggers.scp
22:31:Loading scripts/sphere_serv_triggers.scp
22:31:Loading scripts/speech/townyew.scp
22:31:Loading scripts/speech/townwind.scp
22:31:Loading scripts/speech/townvesper.scp
22:31:Loading scripts/speech/towntrinsic.scp
22:31:Loading scripts/speech/townskarabrae.scp
22:31:Loading scripts/speech/townserphold.scp
22:31:Loading scripts/speech/townnujelm.scp
22:31:Loading scripts/speech/townmoonglow.scp
22:31:Loading scripts/speech/townminoc.scp
22:31:Loading scripts/speech/townmagincia.scp
22:31:Loading scripts/speech/townjhelom.scp
22:31:Loading scripts/speech/towncove.scp
22:31:Loading scripts/speech/townbucsden.scp
22:31:Loading scripts/speech/townbritain.scp
22:31:Loading scripts/speech/spherespee.scp
22:31:Loading scripts/speech/speakshopkeep.scp
22:31:Loading scripts/speech/speakrehello.scp
22:31:Loading scripts/speech/speakorc.scp
22:31:Loading scripts/speech/speakneeds.scp
22:31:Loading scripts/speech/speakmaster.scp
22:31:Loading scripts/speech/speakhuman.scp
22:31:Loading scripts/speech/speakhorse.scp
22:31:Loading scripts/speech/jobweaver.scp
22:31:Loading scripts/speech/jobweaponstrainer.scp
22:31:Loading scripts/speech/jobweaponsmith.scp
22:31:Loading scripts/speech/jobwaiter.scp
22:31:Loading scripts/speech/jobvet.scp
22:31:Loading scripts/speech/jobveggie.scp
22:31:Loading scripts/speech/jobtinker.scp
22:31:Loading scripts/speech/jobthief.scp
22:31:Loading scripts/speech/jobtavernkeeper.scp
22:31:Loading scripts/speech/jobtanner.scp
22:31:Loading scripts/speech/jobshipwright.scp
22:31:Loading scripts/speech/jobshepherd.scp
22:31:Loading scripts/speech/jobservant.scp
22:31:Loading scripts/speech/jobsculptor.scp
22:31:Loading scripts/speech/jobscribe.scp
22:31:Loading scripts/speech/jobscholar.scp
22:31:Loading scripts/speech/jobsailor.scp
22:31:Loading scripts/speech/jobrunner.scp
22:31:Loading scripts/speech/jobrealtor.scp
22:31:Loading scripts/speech/jobranger.scp
22:31:Loading scripts/speech/jobrancher.scp
22:31:Loading scripts/speech/jobprovisioner.scp
22:31:Loading scripts/speech/jobprisoner.scp
22:31:Loading scripts/speech/jobpriest.scp
22:31:Loading scripts/speech/jobpirate.scp
22:31:Loading scripts/speech/jobparliament.scp
22:31:Loading scripts/speech/jobpaladin.scp
22:31:Loading scripts/speech/joboverseer.scp
22:31:Loading scripts/speech/jobnoble.scp
22:31:Loading scripts/speech/jobmonk.scp
22:31:Loading scripts/speech/jobminter.scp
22:31:Loading scripts/speech/jobminer.scp
22:31:Loading scripts/speech/jobmiller.scp
22:31:Loading scripts/speech/jobmayor.scp
22:31:Loading scripts/speech/jobmapmaker.scp
22:31:Loading scripts/speech/jobMageShop.scp
22:31:Loading scripts/speech/jobMageEvil.scp
22:31:Loading scripts/speech/jobMage.scp
22:31:Loading scripts/speech/joblaborer.scp
22:31:Loading scripts/speech/jobjudge.scp
22:31:Loading scripts/speech/jobjeweller.scp
22:31:Loading scripts/speech/jobjailor.scp
22:31:Loading scripts/speech/jobinnkeeper.scp
22:31:Loading scripts/speech/jobherbalist.scp
22:31:Loading scripts/speech/jobhealwand.scp
22:31:Loading scripts/speech/jobhealer.scp
22:31:Loading scripts/speech/jobGuard.scp
22:31:Loading scripts/speech/jobglassblower.scp
22:31:Loading scripts/speech/jobgambler.scp
22:31:Loading scripts/speech/jobfurtrader.scp
22:31:Loading scripts/speech/jobfarmer.scp
22:31:Loading scripts/speech/jobcobbler.scp
22:31:Loading scripts/speech/jobcashual.scp
22:31:Loading scripts/speech/jobcarpenter.scp
22:31:Loading scripts/speech/jobbutcher.scp
22:31:Loading scripts/speech/jobBrigand.scp
22:31:Loading scripts/speech/jobbowyer.scp
22:31:Loading scripts/speech/jobblacksmith.scp
22:31:Loading scripts/speech/jobbeggar.scp
22:31:Loading scripts/speech/jobbeekeeper.scp
22:31:Loading scripts/speech/jobbard.scp
22:31:Loading scripts/speech/jobbanker.scp
22:31:Loading scripts/speech/jobbaker.scp
22:31:Loading scripts/speech/jobartist.scp
22:31:Loading scripts/speech/jobarmourer.scp
22:31:Loading scripts/speech/jobarchitect.scp
22:31:Loading scripts/speech/jobanimal.scp
22:31:Loading scripts/speech/jobalchemist.scp
22:31:Loading scripts/speech/jobactor.scp
22:31:Loading scripts/sphere_msgs.scp
22:31:Loading scripts/stones/sphere_genericstone_types.scp
22:31:Loading scripts/stones/sphere_genericstone_items.scp
22:31:Loading scripts/stones/sphere_genericstone_functions.scp
22:31:Loading scripts/stones/sphere_genericstone_config.scp
22:31:Loading scripts/stones/guilds/sphere_guild_types.scp
22:31:Loading scripts/stones/guilds/sphere_guild_speech.scp
22:31:Loading scripts/stones/guilds/sphere_guild_promptconsole.scp
22:31:Loading scripts/stones/guilds/sphere_guild_items.scp
22:31:Loading scripts/stones/guilds/sphere_guild_functions_player.scp
22:31:Loading scripts/stones/guilds/sphere_guild_functions.scp
22:31:Loading scripts/stones/guilds/sphere_guild_events.scp
22:31:Loading scripts/stones/guilds/sphere_guild_dlg_warfarestatus.scp
22:31:Loading scripts/stones/guilds/sphere_guild_dlg_warfaredeclare.scp
22:31:Loading scripts/stones/guilds/sphere_guild_dlg_warfareadmin.scp
22:31:Loading scripts/stones/guilds/sphere_guild_dlg_master.scp
22:31:Loading scripts/stones/guilds/sphere_guild_dlg_main.scp
22:31:Loading scripts/stones/guilds/sphere_guild_dlg_guildlist.scp
22:31:Loading scripts/stones/guilds/sphere_guild_dlg_charter.scp
22:31:Loading scripts/stones/guilds/sphere_guild_dlg_charlist.scp
22:31:Loading scripts/stones/guilds/sphere_guild_dlg_align.scp
22:31:Loading scripts/stones/guilds/sphere_guild_config.scp
22:31:Loading scripts/stones/towns/sphere_town_types.scp
22:31:Loading scripts/stones/towns/sphere_town_speech.scp
22:31:Loading scripts/stones/towns/sphere_town_promptconsole.scp
22:31:Loading scripts/stones/towns/sphere_town_items.scp
22:31:Loading scripts/stones/towns/sphere_town_functions_player.scp
22:31:Loading scripts/stones/towns/sphere_town_functions.scp
22:31:Loading scripts/stones/towns/sphere_town_events.scp
22:31:Loading scripts/stones/towns/sphere_town_dlg_warfarestatus.scp
22:31:Loading scripts/stones/towns/sphere_town_dlg_warfaredeclare.scp
22:31:Loading scripts/stones/towns/sphere_town_dlg_warfareadmin.scp
22:31:Loading scripts/stones/towns/sphere_town_dlg_townlist.scp
22:31:Loading scripts/stones/towns/sphere_town_dlg_master.scp
22:31:Loading scripts/stones/towns/sphere_town_dlg_main.scp
22:31:Loading scripts/stones/towns/sphere_town_dlg_charter.scp
22:31:Loading scripts/stones/towns/sphere_town_dlg_charlist.scp
22:31:Loading scripts/stones/towns/sphere_town_dlg_align.scp
22:31:Loading scripts/stones/towns/sphere_town_config.scp
22:31:Loading scripts/war script/sistema_runebook.scp
22:31:Loading scripts/war script/sistema_de_news.scp
22:31:Loading scripts/war script/sistema_bandagem.scp
22:31:Loading scripts/war script/sistema_arena_x1.scp
22:31:Loading scripts/war script/roupas.scp
22:31:Loading scripts/war script/plates.scp
22:31:Loading scripts/war script/pisos e gates.scp
22:31:Loading scripts/war script/pedra_votacao.scp
22:31:Loading scripts/war script/pedras.scp
22:31:Loading scripts/war script/Jail Staff.scp
22:31:Loading scripts/war script/itens_uteis.scp
22:31:Loading scripts/war script/itens_pvp.scp
22:31:Loading scripts/war script/events.scp
22:31:Loading scripts/war script/comandos.scp
22:31:Loading scripts/war script/arena_warrior.scp
22:31:Loading scripts/war script/areas.scp
22:31:Loading scripts/war script/accountinfo.scp
22:31:Loaded 54 client encryption keys.
22:31:Server started on 'Rodrigo-PC' port 2593.
22:31:Monitoring IP '5.208.195.198'.
22:31:Monitoring IP '10.0.0.2'.
22:31:Loading save/spheredata...
22:31:WARNING:'save/spherestatics.scp' not found...
22:31:WARNING:Can't Load save/spherestatics
22:31:Loading save/spheremultis...
22:31:Loading save/sphereworld...
22:31:Loading save/spherechars...
22:31:GC: 3020 Objects accounted for
22:31:Auto-complete dictionary loaded (contains 142 words).
22:31:Option flags: CommandSysmessages + NoHouseMuteSpeech
22:31:Admin=me@my.email.com, URL=www.myshard.com, Lang=English, TZ=0
22:31:Startup complete. items=2993, chars=27
22:31:Press '?' for console commands
22:32:FATAL:Server terminated by error 5!

22:32:Sphere Version 0.56b-Nightly [WIN32] by www.sphereserver.com, compiled at Sep  9 2008 (16:35:28)
22:32:WARNING: --- WARNING ---

This is a nightly build of SphereServer. This build is to be used
for testing and/or bug reporting ONLY. DO NOT run this build on a
live shard unless you know what you are doing!
Nightly builds are automatically made every night from source and
might contain errors, might be unstable or even destroy your
shard as they are mostly untested!
 ---------------------------------

22:32:Expansion maps supported: T2A, LBR, AOS, SE
22:32:Allocating map sectors: 0=6144 1=6144 2=900 3=1280 4=32761
22:32:Indexing 259 scripts...
22:32:Loading scripts/sphere_defs.scp
22:32:Loading scripts/sphere_types.scp
22:32:Loading scripts/sphere_book.scp
22:32:Loading scripts/sphere_backward_compatibility.scp
22:32:Loading scripts/sphere_events_human.scp
22:32:Loading scripts/sphere_events_npcs.scp
22:32:Loading scripts/npcs/spherechar_se.scp
22:32:Loading scripts/npcs/spherechar_new_mounts.scp
22:32:Loading scripts/npcs/spherechar_mondains_legacy.scp
22:32:Loading scripts/npcs/spherechar_misc.scp
22:32:Loading scripts/npcs/spherechar_lbr.scp
22:32:Loading scripts/npcs/spherechar_human.scp
22:32:Loading scripts/npcs/spherechar_evil.scp
22:32:Loading scripts/npcs/spherechar_aos.scp
22:32:Loading scripts/npcs/spherechar_anim.scp
22:32:Loading scripts/npcs/spherechar.scp
22:32:Loading scripts/sphere_admin.scp
22:32:Loading scripts/sphere_dialog.scp
22:32:Loading scripts/items/sphere_item_resources.scp
22:32:Loading scripts/items/sphere_minor_artifacts.scp
22:32:Loading scripts/items/sphere_item_vegetation.scp
22:32:Loading scripts/items/sphere_item_unsorted.scp
22:32:Loading scripts/items/sphere_item_treasure_maps.scp
22:32:Loading scripts/items/sphere_item_ship_parts.scp
22:32:Loading scripts/items/sphere_item_provisions_weapons_se.scp
22:32:Loading scripts/items/sphere_item_provisions_weapons_ml.scp
22:32:Loading scripts/items/sphere_item_provisions_weapons_aos.scp
22:32:Loading scripts/items/sphere_item_provisions_weapons.scp
22:32:Loading scripts/items/sphere_item_provisions_potions.scp
22:32:Loading scripts/items/sphere_item_provisions_ore.scp
22:32:Loading scripts/items/sphere_item_provisions_misc.scp
22:32:Loading scripts/items/sphere_item_provisions_jewelry.scp
22:32:Loading scripts/items/sphere_item_provisions_deeds.scp
22:32:Loading scripts/items/sphere_item_provisions_deed.scp
22:32:Loading scripts/items/sphere_item_provisions_clothing_ml.scp
22:32:Loading scripts/items/sphere_item_provisions_clothing.scp
22:32:Loading scripts/items/sphere_item_provisions_beers.scp
22:32:Loading scripts/items/sphere_item_provisions_armor_se.scp
22:32:Loading scripts/items/sphere_item_provisions_armor_ml.scp
22:32:Loading scripts/items/sphere_item_provisions_armor_color.scp
22:32:Loading scripts/items/sphere_item_provisions_armor_aos.scp
22:32:Loading scripts/items/sphere_item_provisions_armor.scp
22:32:Loading scripts/items/sphere_item_provisions_alchemy_magic.scp
22:32:Loading scripts/items/sphere_item_profession_tailor_tanner.scp
22:32:Loading scripts/items/sphere_item_profession_cook_barkeep_baker.scp
22:32:Loading scripts/items/sphere_item_profession_cartographer.scp
22:32:Loading scripts/items/sphere_item_profession_barber.scp
22:32:Loading scripts/items/sphere_item_profession_alchemist_mage.scp
22:32:Loading scripts/items/sphere_item_profession.scp
22:32:Loading scripts/items/sphere_item_multis_stairs.scp
22:32:Loading scripts/items/sphere_item_multis_houses_ships.scp
22:32:Loading scripts/items/sphere_item_multis_foundations.scp
22:32:Loading scripts/items/sphere_item_ml_misc.scp
22:32:Loading scripts/items/sphere_item_ml_floor_wall.scp
22:32:Loading scripts/items/sphere_item_ml.scp
22:32:Loading scripts/items/sphere_item_misc_se.scp
22:32:Loading scripts/items/sphere_item_misc.scp
22:32:Loading scripts/items/sphere_item_magic_weapon.scp
22:32:Loading scripts/items/sphere_item_magic_wands.scp
22:32:Loading scripts/items/sphere_item_magic_necromancer_aos.scp
22:32:Loading scripts/items/sphere_item_magic_leather.scp
22:32:Loading scripts/items/sphere_item_magic_armor.scp
22:32:Loading scripts/items/sphere_item_icons_new.scp
22:32:Loading scripts/items/sphere_item_ground_tiles.scp
22:32:Loading scripts/items/sphere_item_eight_age.scp
22:32:Loading scripts/items/sphere_item_deco_signs.scp
22:32:Loading scripts/items/sphere_item_deco_misc.scp
22:32:Loading scripts/items/sphere_item_deco_mini_houses.scp
22:32:Loading scripts/items/sphere_item_deco_lightsources.scp
22:32:Loading scripts/items/sphere_item_deco_furniture.scp
22:32:Loading scripts/items/sphere_item_deco_fireplace_chimney_oven.scp
22:32:Loading scripts/items/sphere_item_deco_evilitem.scp
22:32:Loading scripts/items/sphere_item_deco_dungeons_traps_dead.scp
22:32:Loading scripts/items/sphere_item_deco_curtains_banners_tapestries.scp
22:32:Loading scripts/items/sphere_item_deco_carvings_statues.scp
22:32:Loading scripts/items/sphere_item_deco_carpet_rugs.scp
22:32:Loading scripts/items/sphere_item_christimas.scp
22:32:Loading scripts/items/sphere_item_char_icons.scp
22:32:Loading scripts/items/sphere_item_building_walls_se.scp
22:32:Loading scripts/items/sphere_item_building_walls.scp
22:32:Loading scripts/items/sphere_item_building_stairs_ml.scp
22:32:Loading scripts/items/sphere_item_building_stairs.scp
22:32:Loading scripts/items/sphere_item_building_roofs_se.scp
22:32:Loading scripts/items/sphere_item_building_roofs_ml.scp
22:32:Loading scripts/items/sphere_item_building_roofs_aos.scp
22:32:Loading scripts/items/sphere_item_building_roofs.scp
22:32:Loading scripts/items/sphere_item_building_other.scp
22:32:Loading scripts/items/sphere_item_building_floors_se.scp
22:32:Loading scripts/items/sphere_item_building_floors.scp
22:32:Loading scripts/items/sphere_item_building_fence.scp
22:32:Loading scripts/items/sphere_item_building_doors.scp
22:32:Loading scripts/items/sphere_item_boulders_rocks.scp
22:32:Loading scripts/items/sphere_item_aos_se.scp
22:32:Loading scripts/items/sphere_item_animations.scp
22:32:Loading scripts/sphere_region.scp
22:32:Loading scripts/maps/sphere_map0.scp
22:32:Loading scripts/maps/sphere_map1.scp
22:32:Loading scripts/maps/sphere_map_points0.scp
22:32:Loading scripts/maps/sphere_map_points1.scp
22:32:Loading scripts/sphere_menu.scp
22:32:Loading scripts/sphere_name.scp
22:32:Loading scripts/sphere_skillmenu.scp
22:32:Loading scripts/sphere_spawns.scp
22:32:Loading scripts/sphere_speech.scp
22:32:Loading scripts/sphere_skills.scp
22:32:Loading scripts/sphere_spells.scp
22:32:Loading scripts/sphere_newb.scp
22:32:Loading scripts/sphere_template.scp
22:32:Loading scripts/sphere_template_loot.scp
22:32:Loading scripts/sphere_template_vend.scp
22:32:Loading scripts/sphere_triggers.scp
22:32:Loading scripts/sphere_serv_triggers.scp
22:32:Loading scripts/speech/townyew.scp
22:32:Loading scripts/speech/townwind.scp
22:32:Loading scripts/speech/townvesper.scp
22:32:Loading scripts/speech/towntrinsic.scp
22:32:Loading scripts/speech/townskarabrae.scp
22:32:Loading scripts/speech/townserphold.scp
22:32:Loading scripts/speech/townnujelm.scp
22:32:Loading scripts/speech/townmoonglow.scp
22:32:Loading scripts/speech/townminoc.scp
22:32:Loading scripts/speech/townmagincia.scp
22:32:Loading scripts/speech/townjhelom.scp
22:32:Loading scripts/speech/towncove.scp
22:32:Loading scripts/speech/townbucsden.scp
22:32:Loading scripts/speech/townbritain.scp
22:32:Loading scripts/speech/spherespee.scp
22:32:Loading scripts/speech/speakshopkeep.scp
22:32:Loading scripts/speech/speakrehello.scp
22:32:Loading scripts/speech/speakorc.scp
22:32:Loading scripts/speech/speakneeds.scp
22:32:Loading scripts/speech/speakmaster.scp
22:32:Loading scripts/speech/speakhuman.scp
22:32:Loading scripts/speech/speakhorse.scp
22:32:Loading scripts/speech/jobweaver.scp
22:32:Loading scripts/speech/jobweaponstrainer.scp
22:32:Loading scripts/speech/jobweaponsmith.scp
22:32:Loading scripts/speech/jobwaiter.scp
22:32:Loading scripts/speech/jobvet.scp
22:32:Loading scripts/speech/jobveggie.scp
22:32:Loading scripts/speech/jobtinker.scp
22:32:Loading scripts/speech/jobthief.scp
22:32:Loading scripts/speech/jobtavernkeeper.scp
22:32:Loading scripts/speech/jobtanner.scp
22:32:Loading scripts/speech/jobshipwright.scp
22:32:Loading scripts/speech/jobshepherd.scp
22:32:Loading scripts/speech/jobservant.scp
22:32:Loading scripts/speech/jobsculptor.scp
22:32:Loading scripts/speech/jobscribe.scp
22:32:Loading scripts/speech/jobscholar.scp
22:32:Loading scripts/speech/jobsailor.scp
22:32:Loading scripts/speech/jobrunner.scp
22:32:Loading scripts/speech/jobrealtor.scp
22:32:Loading scripts/speech/jobranger.scp
22:32:Loading scripts/speech/jobrancher.scp
22:32:Loading scripts/speech/jobprovisioner.scp
22:32:Loading scripts/speech/jobprisoner.scp
22:32:Loading scripts/speech/jobpriest.scp
22:32:Loading scripts/speech/jobpirate.scp
22:32:Loading scripts/speech/jobparliament.scp
22:32:Loading scripts/speech/jobpaladin.scp
22:32:Loading scripts/speech/joboverseer.scp
22:32:Loading scripts/speech/jobnoble.scp
22:32:Loading scripts/speech/jobmonk.scp
22:32:Loading scripts/speech/jobminter.scp
22:32:Loading scripts/speech/jobminer.scp
22:32:Loading scripts/speech/jobmiller.scp
22:32:Loading scripts/speech/jobmayor.scp
22:32:Loading scripts/speech/jobmapmaker.scp
22:32:Loading scripts/speech/jobMageShop.scp
22:32:Loading scripts/speech/jobMageEvil.scp
22:32:Loading scripts/speech/jobMage.scp
22:32:Loading scripts/speech/joblaborer.scp
22:32:Loading scripts/speech/jobjudge.scp
22:32:Loading scripts/speech/jobjeweller.scp
22:32:Loading scripts/speech/jobjailor.scp
22:32:Loading scripts/speech/jobinnkeeper.scp
22:32:Loading scripts/speech/jobherbalist.scp
22:32:Loading scripts/speech/jobhealwand.scp
22:32:Loading scripts/speech/jobhealer.scp
22:32:Loading scripts/speech/jobGuard.scp
22:32:Loading scripts/speech/jobglassblower.scp
22:32:Loading scripts/speech/jobgambler.scp
22:32:Loading scripts/speech/jobfurtrader.scp
22:32:Loading scripts/speech/jobfarmer.scp
22:32:Loading scripts/speech/jobcobbler.scp
22:32:Loading scripts/speech/jobcashual.scp
22:32:Loading scripts/speech/jobcarpenter.scp
22:32:Loading scripts/speech/jobbutcher.scp
22:32:Loading scripts/speech/jobBrigand.scp
22:32:Loading scripts/speech/jobbowyer.scp
22:32:Loading scripts/speech/jobblacksmith.scp
22:32:Loading scripts/speech/jobbeggar.scp
22:32:Loading scripts/speech/jobbeekeeper.scp
22:32:Loading scripts/speech/jobbard.scp
22:32:Loading scripts/speech/jobbanker.scp
22:32:Loading scripts/speech/jobbaker.scp
22:32:Loading scripts/speech/jobartist.scp
22:32:Loading scripts/speech/jobarmourer.scp
22:32:Loading scripts/speech/jobarchitect.scp
22:32:Loading scripts/speech/jobanimal.scp
22:32:Loading scripts/speech/jobalchemist.scp
22:32:Loading scripts/speech/jobactor.scp
22:32:Loading scripts/sphere_msgs.scp
22:32:Loading scripts/stones/sphere_genericstone_types.scp
22:32:Loading scripts/stones/sphere_genericstone_items.scp
22:32:Loading scripts/stones/sphere_genericstone_functions.scp
22:32:Loading scripts/stones/sphere_genericstone_config.scp
22:32:Loading scripts/stones/guilds/sphere_guild_types.scp
22:32:Loading scripts/stones/guilds/sphere_guild_speech.scp
22:32:Loading scripts/stones/guilds/sphere_guild_promptconsole.scp
22:32:Loading scripts/stones/guilds/sphere_guild_items.scp
22:32:Loading scripts/stones/guilds/sphere_guild_functions_player.scp
22:32:Loading scripts/stones/guilds/sphere_guild_functions.scp
22:32:Loading scripts/stones/guilds/sphere_guild_events.scp
22:32:Loading scripts/stones/guilds/sphere_guild_dlg_warfarestatus.scp
22:32:Loading scripts/stones/guilds/sphere_guild_dlg_warfaredeclare.scp
22:32:Loading scripts/stones/guilds/sphere_guild_dlg_warfareadmin.scp
22:32:Loading scripts/stones/guilds/sphere_guild_dlg_master.scp
22:32:Loading scripts/stones/guilds/sphere_guild_dlg_main.scp
22:32:Loading scripts/stones/guilds/sphere_guild_dlg_guildlist.scp
22:32:Loading scripts/stones/guilds/sphere_guild_dlg_charter.scp
22:32:Loading scripts/stones/guilds/sphere_guild_dlg_charlist.scp
22:32:Loading scripts/stones/guilds/sphere_guild_dlg_align.scp
22:32:Loading scripts/stones/guilds/sphere_guild_config.scp
22:32:Loading scripts/stones/towns/sphere_town_types.scp
22:32:Loading scripts/stones/towns/sphere_town_speech.scp
22:32:Loading scripts/stones/towns/sphere_town_promptconsole.scp
22:32:Loading scripts/stones/towns/sphere_town_items.scp
22:32:Loading scripts/stones/towns/sphere_town_functions_player.scp
22:32:Loading scripts/stones/towns/sphere_town_functions.scp
22:32:Loading scripts/stones/towns/sphere_town_events.scp
22:32:Loading scripts/stones/towns/sphere_town_dlg_warfarestatus.scp
22:32:Loading scripts/stones/towns/sphere_town_dlg_warfaredeclare.scp
22:32:Loading scripts/stones/towns/sphere_town_dlg_warfareadmin.scp
22:32:Loading scripts/stones/towns/sphere_town_dlg_townlist.scp
22:32:Loading scripts/stones/towns/sphere_town_dlg_master.scp
22:32:Loading scripts/stones/towns/sphere_town_dlg_main.scp
22:32:Loading scripts/stones/towns/sphere_town_dlg_charter.scp
22:32:Loading scripts/stones/towns/sphere_town_dlg_charlist.scp
22:32:Loading scripts/stones/towns/sphere_town_dlg_align.scp
22:32:Loading scripts/stones/towns/sphere_town_config.scp
22:32:Loading scripts/war script/sistema_runebook.scp
22:32:Loading scripts/war script/sistema_de_news.scp
22:32:Loading scripts/war script/sistema_bandagem.scp
22:32:Loading scripts/war script/sistema_arena_x1.scp
22:32:Loading scripts/war script/roupas.scp
22:32:Loading scripts/war script/plates.scp
22:32:Loading scripts/war script/pisos e gates.scp
22:32:Loading scripts/war script/pedra_votacao.scp
22:32:Loading scripts/war script/pedras.scp
22:32:Loading scripts/war script/Jail Staff.scp
22:32:Loading scripts/war script/itens_uteis.scp
22:32:Loading scripts/war script/itens_pvp.scp
22:32:Loading scripts/war script/events.scp
22:32:Loading scripts/war script/comandos.scp
22:32:Loading scripts/war script/arena_warrior.scp
22:32:Loading scripts/war script/areas.scp
22:32:Loading scripts/war script/accountinfo.scp
22:32:Loaded 54 client encryption keys.
22:32:Server started on 'Rodrigo-PC' port 2593.
22:32:Monitoring IP '5.208.195.198'.
22:32:Monitoring IP '10.0.0.2'.
22:32:Loading save/spheredata...
22:32:WARNING:'save/spherestatics.scp' not found...
22:32:WARNING:Can't Load save/spherestatics
22:32:Loading save/spheremultis...
22:32:Loading save/sphereworld...
22:32:Loading save/spherechars...
22:32:GC: 3020 Objects accounted for
22:32:Auto-complete dictionary loaded (contains 142 words).
22:32:Option flags: CommandSysmessages + NoHouseMuteSpeech
22:32:Admin=me@my.email.com, URL=www.myshard.com, Lang=English, TZ=0
22:32:Startup complete. items=2993, chars=27
22:32:Press '?' for console commands
22:33:FATAL:Server terminated by error 5!

22:34:Sphere Version 0.56b-Nightly [WIN32] by www.sphereserver.com, compiled at Sep  9 2008 (16:35:28)
22:34:WARNING: --- WARNING ---

This is a nightly build of SphereServer. This build is to be used
for testing and/or bug reporting ONLY. DO NOT run this build on a
live shard unless you know what you are doing!
Nightly builds are automatically made every night from source and
might contain errors, might be unstable or even destroy your
shard as they are mostly untested!
 ---------------------------------

22:34:Expansion maps supported: T2A, LBR, AOS, SE
22:34:Allocating map sectors: 0=6144 1=6144 2=900 3=1280 4=32761
22:34:Indexing 259 scripts...
22:34:Loading scripts/sphere_defs.scp
22:34:Loading scripts/sphere_types.scp
22:34:Loading scripts/sphere_book.scp
22:34:Loading scripts/sphere_backward_compatibility.scp
22:34:Loading scripts/sphere_events_human.scp
22:34:Loading scripts/sphere_events_npcs.scp
22:34:Loading scripts/npcs/spherechar_se.scp
22:34:Loading scripts/npcs/spherechar_new_mounts.scp
22:34:Loading scripts/npcs/spherechar_mondains_legacy.scp
22:34:Loading scripts/npcs/spherechar_misc.scp
22:34:Loading scripts/npcs/spherechar_lbr.scp
22:34:Loading scripts/npcs/spherechar_human.scp
22:34:Loading scripts/npcs/spherechar_evil.scp
22:34:Loading scripts/npcs/spherechar_aos.scp
22:34:Loading scripts/npcs/spherechar_anim.scp
22:34:Loading scripts/npcs/spherechar.scp
22:34:Loading scripts/sphere_admin.scp
22:34:Loading scripts/sphere_dialog.scp
22:34:Loading scripts/items/sphere_item_resources.scp
22:34:Loading scripts/items/sphere_minor_artifacts.scp
22:34:Loading scripts/items/sphere_item_vegetation.scp
22:34:Loading scripts/items/sphere_item_unsorted.scp
22:34:Loading scripts/items/sphere_item_treasure_maps.scp
22:34:Loading scripts/items/sphere_item_ship_parts.scp
22:34:Loading scripts/items/sphere_item_provisions_weapons_se.scp
22:34:Loading scripts/items/sphere_item_provisions_weapons_ml.scp
22:34:Loading scripts/items/sphere_item_provisions_weapons_aos.scp
22:34:Loading scripts/items/sphere_item_provisions_weapons.scp
22:34:Loading scripts/items/sphere_item_provisions_potions.scp
22:34:Loading scripts/items/sphere_item_provisions_ore.scp
22:34:Loading scripts/items/sphere_item_provisions_misc.scp
22:34:Loading scripts/items/sphere_item_provisions_jewelry.scp
22:34:Loading scripts/items/sphere_item_provisions_deeds.scp
22:34:Loading scripts/items/sphere_item_provisions_deed.scp
22:34:Loading scripts/items/sphere_item_provisions_clothing_ml.scp
22:34:Loading scripts/items/sphere_item_provisions_clothing.scp
22:34:Loading scripts/items/sphere_item_provisions_beers.scp
22:34:Loading scripts/items/sphere_item_provisions_armor_se.scp
22:34:Loading scripts/items/sphere_item_provisions_armor_ml.scp
22:34:Loading scripts/items/sphere_item_provisions_armor_color.scp
22:34:Loading scripts/items/sphere_item_provisions_armor_aos.scp
22:34:Loading scripts/items/sphere_item_provisions_armor.scp
22:34:Loading scripts/items/sphere_item_provisions_alchemy_magic.scp
22:34:Loading scripts/items/sphere_item_profession_tailor_tanner.scp
22:34:Loading scripts/items/sphere_item_profession_cook_barkeep_baker.scp
22:34:Loading scripts/items/sphere_item_profession_cartographer.scp
22:34:Loading scripts/items/sphere_item_profession_barber.scp
22:34:Loading scripts/items/sphere_item_profession_alchemist_mage.scp
22:34:Loading scripts/items/sphere_item_profession.scp
22:34:Loading scripts/items/sphere_item_multis_stairs.scp
22:34:Loading scripts/items/sphere_item_multis_houses_ships.scp
22:34:Loading scripts/items/sphere_item_multis_foundations.scp
22:34:Loading scripts/items/sphere_item_ml_misc.scp
22:34:Loading scripts/items/sphere_item_ml_floor_wall.scp
22:34:Loading scripts/items/sphere_item_ml.scp
22:34:Loading scripts/items/sphere_item_misc_se.scp
22:34:Loading scripts/items/sphere_item_misc.scp
22:34:Loading scripts/items/sphere_item_magic_weapon.scp
22:34:Loading scripts/items/sphere_item_magic_wands.scp
22:34:Loading scripts/items/sphere_item_magic_necromancer_aos.scp
22:34:Loading scripts/items/sphere_item_magic_leather.scp
22:34:Loading scripts/items/sphere_item_magic_armor.scp
22:34:Loading scripts/items/sphere_item_icons_new.scp
22:34:Loading scripts/items/sphere_item_ground_tiles.scp
22:34:Loading scripts/items/sphere_item_eight_age.scp
22:34:Loading scripts/items/sphere_item_deco_signs.scp
22:34:Loading scripts/items/sphere_item_deco_misc.scp
22:34:Loading scripts/items/sphere_item_deco_mini_houses.scp
22:34:Loading scripts/items/sphere_item_deco_lightsources.scp
22:34:Loading scripts/items/sphere_item_deco_furniture.scp
22:34:Loading scripts/items/sphere_item_deco_fireplace_chimney_oven.scp
22:34:Loading scripts/items/sphere_item_deco_evilitem.scp
22:34:Loading scripts/items/sphere_item_deco_dungeons_traps_dead.scp
22:34:Loading scripts/items/sphere_item_deco_curtains_banners_tapestries.scp
22:34:Loading scripts/items/sphere_item_deco_carvings_statues.scp
22:34:Loading scripts/items/sphere_item_deco_carpet_rugs.scp
22:34:Loading scripts/items/sphere_item_christimas.scp
22:34:Loading scripts/items/sphere_item_char_icons.scp
22:34:Loading scripts/items/sphere_item_building_walls_se.scp
22:34:Loading scripts/items/sphere_item_building_walls.scp
22:34:Loading scripts/items/sphere_item_building_stairs_ml.scp
22:34:Loading scripts/items/sphere_item_building_stairs.scp
22:34:Loading scripts/items/sphere_item_building_roofs_se.scp
22:34:Loading scripts/items/sphere_item_building_roofs_ml.scp
22:34:Loading scripts/items/sphere_item_building_roofs_aos.scp
22:34:Loading scripts/items/sphere_item_building_roofs.scp
22:34:Loading scripts/items/sphere_item_building_other.scp
22:34:Loading scripts/items/sphere_item_building_floors_se.scp
22:34:Loading scripts/items/sphere_item_building_floors.scp
22:34:Loading scripts/items/sphere_item_building_fence.scp
22:34:Loading scripts/items/sphere_item_building_doors.scp
22:34:Loading scripts/items/sphere_item_boulders_rocks.scp
22:34:Loading scripts/items/sphere_item_aos_se.scp
22:34:Loading scripts/items/sphere_item_animations.scp
22:34:Loading scripts/sphere_region.scp
22:34:Loading scripts/maps/sphere_map0.scp
22:34:Loading scripts/maps/sphere_map1.scp
22:34:Loading scripts/maps/sphere_map_points0.scp
22:34:Loading scripts/maps/sphere_map_points1.scp
22:34:Loading scripts/sphere_menu.scp
22:34:Loading scripts/sphere_name.scp
22:34:Loading scripts/sphere_skillmenu.scp
22:34:Loading scripts/sphere_spawns.scp
22:34:Loading scripts/sphere_speech.scp
22:34:Loading scripts/sphere_skills.scp
22:34:Loading scripts/sphere_spells.scp
22:34:Loading scripts/sphere_newb.scp
22:34:Loading scripts/sphere_template.scp
22:34:Loading scripts/sphere_template_loot.scp
22:34:Loading scripts/sphere_template_vend.scp
22:34:Loading scripts/sphere_triggers.scp
22:34:Loading scripts/sphere_serv_triggers.scp
22:34:Loading scripts/speech/townyew.scp
22:34:Loading scripts/speech/townwind.scp
22:34:Loading scripts/speech/townvesper.scp
22:34:Loading scripts/speech/towntrinsic.scp
22:34:Loading scripts/speech/townskarabrae.scp
22:34:Loading scripts/speech/townserphold.scp
22:34:Loading scripts/speech/townnujelm.scp
22:34:Loading scripts/speech/townmoonglow.scp
22:34:Loading scripts/speech/townminoc.scp
22:34:Loading scripts/speech/townmagincia.scp
22:34:Loading scripts/speech/townjhelom.scp
22:34:Loading scripts/speech/towncove.scp
22:34:Loading scripts/speech/townbucsden.scp
22:34:Loading scripts/speech/townbritain.scp
22:34:Loading scripts/speech/spherespee.scp
22:34:Loading scripts/speech/speakshopkeep.scp
22:34:Loading scripts/speech/speakrehello.scp
22:34:Loading scripts/speech/speakorc.scp
22:34:Loading scripts/speech/speakneeds.scp
22:34:Loading scripts/speech/speakmaster.scp
22:34:Loading scripts/speech/speakhuman.scp
22:34:Loading scripts/speech/speakhorse.scp
22:34:Loading scripts/speech/jobweaver.scp
22:34:Loading scripts/speech/jobweaponstrainer.scp
22:34:Loading scripts/speech/jobweaponsmith.scp
22:34:Loading scripts/speech/jobwaiter.scp
22:34:Loading scripts/speech/jobvet.scp
22:34:Loading scripts/speech/jobveggie.scp
22:34:Loading scripts/speech/jobtinker.scp
22:34:Loading scripts/speech/jobthief.scp
22:34:Loading scripts/speech/jobtavernkeeper.scp
22:34:Loading scripts/speech/jobtanner.scp
22:34:Loading scripts/speech/jobshipwright.scp
22:34:Loading scripts/speech/jobshepherd.scp
22:34:Loading scripts/speech/jobservant.scp
22:34:Loading scripts/speech/jobsculptor.scp
22:34:Loading scripts/speech/jobscribe.scp
22:34:Loading scripts/speech/jobscholar.scp
22:34:Loading scripts/speech/jobsailor.scp
22:34:Loading scripts/speech/jobrunner.scp
22:34:Loading scripts/speech/jobrealtor.scp
22:34:Loading scripts/speech/jobranger.scp
22:34:Loading scripts/speech/jobrancher.scp
22:34:Loading scripts/speech/jobprovisioner.scp
22:34:Loading scripts/speech/jobprisoner.scp
22:34:Loading scripts/speech/jobpriest.scp
22:34:Loading scripts/speech/jobpirate.scp
22:34:Loading scripts/speech/jobparliament.scp
22:34:Loading scripts/speech/jobpaladin.scp
22:34:Loading scripts/speech/joboverseer.scp
22:34:Loading scripts/speech/jobnoble.scp
22:34:Loading scripts/speech/jobmonk.scp
22:34:Loading scripts/speech/jobminter.scp
22:34:Loading scripts/speech/jobminer.scp
22:34:Loading scripts/speech/jobmiller.scp
22:34:Loading scripts/speech/jobmayor.scp
22:34:Loading scripts/speech/jobmapmaker.scp
22:34:Loading scripts/speech/jobMageShop.scp
22:34:Loading scripts/speech/jobMageEvil.scp
22:34:Loading scripts/speech/jobMage.scp
22:34:Loading scripts/speech/joblaborer.scp
22:34:Loading scripts/speech/jobjudge.scp
22:34:Loading scripts/speech/jobjeweller.scp
22:34:Loading scripts/speech/jobjailor.scp
22:34:Loading scripts/speech/jobinnkeeper.scp
22:34:Loading scripts/speech/jobherbalist.scp
22:34:Loading scripts/speech/jobhealwand.scp
22:34:Loading scripts/speech/jobhealer.scp
22:34:Loading scripts/speech/jobGuard.scp
22:34:Loading scripts/speech/jobglassblower.scp
22:34:Loading scripts/speech/jobgambler.scp
22:34:Loading scripts/speech/jobfurtrader.scp
22:34:Loading scripts/speech/jobfarmer.scp
22:34:Loading scripts/speech/jobcobbler.scp
22:34:Loading scripts/speech/jobcashual.scp
22:34:Loading scripts/speech/jobcarpenter.scp
22:34:Loading scripts/speech/jobbutcher.scp
22:34:Loading scripts/speech/jobBrigand.scp
22:34:Loading scripts/speech/jobbowyer.scp
22:34:Loading scripts/speech/jobblacksmith.scp
22:34:Loading scripts/speech/jobbeggar.scp
22:34:Loading scripts/speech/jobbeekeeper.scp
22:34:Loading scripts/speech/jobbard.scp
22:34:Loading scripts/speech/jobbanker.scp
22:34:Loading scripts/speech/jobbaker.scp
22:34:Loading scripts/speech/jobartist.scp
22:34:Loading scripts/speech/jobarmourer.scp
22:34:Loading scripts/speech/jobarchitect.scp
22:34:Loading scripts/speech/jobanimal.scp
22:34:Loading scripts/speech/jobalchemist.scp
22:34:Loading scripts/speech/jobactor.scp
22:34:Loading scripts/sphere_msgs.scp
22:34:Loading scripts/stones/sphere_genericstone_types.scp
22:34:Loading scripts/stones/sphere_genericstone_items.scp
22:34:Loading scripts/stones/sphere_genericstone_functions.scp
22:34:Loading scripts/stones/sphere_genericstone_config.scp
22:34:Loading scripts/stones/guilds/sphere_guild_types.scp
22:34:Loading scripts/stones/guilds/sphere_guild_speech.scp
22:34:Loading scripts/stones/guilds/sphere_guild_promptconsole.scp
22:34:Loading scripts/stones/guilds/sphere_guild_items.scp
22:34:Loading scripts/stones/guilds/sphere_guild_functions_player.scp
22:34:Loading scripts/stones/guilds/sphere_guild_functions.scp
22:34:Loading scripts/stones/guilds/sphere_guild_events.scp
22:34:Loading scripts/stones/guilds/sphere_guild_dlg_warfarestatus.scp
22:34:Loading scripts/stones/guilds/sphere_guild_dlg_warfaredeclare.scp
22:34:Loading scripts/stones/guilds/sphere_guild_dlg_warfareadmin.scp
22:34:Loading scripts/stones/guilds/sphere_guild_dlg_master.scp
22:34:Loading scripts/stones/guilds/sphere_guild_dlg_main.scp
22:34:Loading scripts/stones/guilds/sphere_guild_dlg_guildlist.scp
22:34:Loading scripts/stones/guilds/sphere_guild_dlg_charter.scp
22:34:Loading scripts/stones/guilds/sphere_guild_dlg_charlist.scp
22:34:Loading scripts/stones/guilds/sphere_guild_dlg_align.scp
22:34:Loading scripts/stones/guilds/sphere_guild_config.scp
22:34:Loading scripts/stones/towns/sphere_town_types.scp
22:34:Loading scripts/stones/towns/sphere_town_speech.scp
22:34:Loading scripts/stones/towns/sphere_town_promptconsole.scp
22:34:Loading scripts/stones/towns/sphere_town_items.scp
22:34:Loading scripts/stones/towns/sphere_town_functions_player.scp
22:34:Loading scripts/stones/towns/sphere_town_functions.scp
22:34:Loading scripts/stones/towns/sphere_town_events.scp
22:34:Loading scripts/stones/towns/sphere_town_dlg_warfarestatus.scp
22:34:Loading scripts/stones/towns/sphere_town_dlg_warfaredeclare.scp
22:34:Loading scripts/stones/towns/sphere_town_dlg_warfareadmin.scp
22:34:Loading scripts/stones/towns/sphere_town_dlg_townlist.scp
22:34:Loading scripts/stones/towns/sphere_town_dlg_master.scp
22:34:Loading scripts/stones/towns/sphere_town_dlg_main.scp
22:34:Loading scripts/stones/towns/sphere_town_dlg_charter.scp
22:34:Loading scripts/stones/towns/sphere_town_dlg_charlist.scp
22:34:Loading scripts/stones/towns/sphere_town_dlg_align.scp
22:34:Loading scripts/stones/towns/sphere_town_config.scp
22:34:Loading scripts/war script/sistema_runebook.scp
22:34:Loading scripts/war script/sistema_de_news.scp
22:34:Loading scripts/war script/sistema_bandagem.scp
22:34:Loading scripts/war script/sistema_arena_x1.scp
22:34:Loading scripts/war script/roupas.scp
22:34:Loading scripts/war script/plates.scp
22:34:Loading scripts/war script/pisos e gates.scp
22:34:Loading scripts/war script/pedra_votacao.scp
22:34:Loading scripts/war script/pedras.scp
22:34:Loading scripts/war script/Jail Staff.scp
22:34:Loading scripts/war script/itens_uteis.scp
22:34:Loading scripts/war script/itens_pvp.scp
22:34:Loading scripts/war script/events.scp
22:34:Loading scripts/war script/comandos.scp
22:34:Loading scripts/war script/arena_warrior.scp
22:34:Loading scripts/war script/areas.scp
22:34:Loading scripts/war script/accountinfo.scp
22:34:Loaded 54 client encryption keys.
22:34:Server started on 'Rodrigo-PC' port 2593.
22:34:Monitoring IP '5.208.195.198'.
22:34:Monitoring IP '10.0.0.2'.
22:34:Loading save/spheredata...
22:34:WARNING:'save/spherestatics.scp' not found...
22:34:WARNING:Can't Load save/spherestatics
22:34:Loading save/spheremultis...
22:34:Loading save/sphereworld...
22:34:Loading save/spherechars...
22:34:GC: 3020 Objects accounted for
22:34:Auto-complete dictionary loaded (contains 142 words).
22:34:Option flags: CommandSysmessages + NoHouseMuteSpeech
22:34:Admin=me@my.email.com, URL=www.myshard.com, Lang=English, TZ=0
22:34:Startup complete. items=2993, chars=27
22:34:Press '?' for console commands
22:34:230:Client connected [Total:1] ('5.208.195.198' 1/1)
22:34:230:Login 'teste'
22:34:234:Client connected [Total:2] ('127.0.0.1' 1/1)
22:34:230:Client disconnected [Total:1] ('5.208.195.198' 0/0)
22:34:234:Login 'teste'
22:34:234:Setup_Start acct='teste', char='LeBron James', IP='127.0.0.1'
22:34:234:Client disconnected [Total:0] ('127.0.0.1' 0/0)
22:34:240:Client connected [Total:1] ('5.208.195.198' 1/1)
22:34:240:Login 'teste'
22:34:240:Client disconnected [Total:0] ('5.208.195.198' 0/0)
22:35:FATAL:Server terminated by error 5!
