
09:46:Sphere Version 0.56b-Nightly [WIN32] by www.sphereserver.com, compiled at Sep  9 2008 (16:35:28)
09:46:WARNING: --- WARNING ---

This is a nightly build of SphereServer. This build is to be used
for testing and/or bug reporting ONLY. DO NOT run this build on a
live shard unless you know what you are doing!
Nightly builds are automatically made every night from source and
might contain errors, might be unstable or even destroy your
shard as they are mostly untested!
 ---------------------------------

09:46:Expansion maps supported: T2A, LBR, AOS, SE
09:46:Allocating map sectors: 0=6144 1=6144 2=900 3=1280 4=32761
09:46:Indexing 259 scripts...
09:46:Loading scripts/sphere_defs.scp
09:46:Loading scripts/sphere_types.scp
09:46:Loading scripts/sphere_book.scp
09:46:Loading scripts/sphere_backward_compatibility.scp
09:46:Loading scripts/sphere_events_human.scp
09:46:Loading scripts/sphere_events_npcs.scp
09:46:Loading scripts/npcs/spherechar_se.scp
09:46:Loading scripts/npcs/spherechar_new_mounts.scp
09:46:Loading scripts/npcs/spherechar_mondains_legacy.scp
09:46:Loading scripts/npcs/spherechar_misc.scp
09:46:Loading scripts/npcs/spherechar_lbr.scp
09:46:Loading scripts/npcs/spherechar_human.scp
09:46:Loading scripts/npcs/spherechar_evil.scp
09:46:Loading scripts/npcs/spherechar_aos.scp
09:46:Loading scripts/npcs/spherechar_anim.scp
09:46:Loading scripts/npcs/spherechar.scp
09:46:Loading scripts/sphere_admin.scp
09:46:Loading scripts/sphere_dialog.scp
09:46:Loading scripts/items/sphere_item_resources.scp
09:46:Loading scripts/items/sphere_minor_artifacts.scp
09:46:Loading scripts/items/sphere_item_vegetation.scp
09:46:Loading scripts/items/sphere_item_unsorted.scp
09:46:Loading scripts/items/sphere_item_treasure_maps.scp
09:46:Loading scripts/items/sphere_item_ship_parts.scp
09:46:Loading scripts/items/sphere_item_provisions_weapons_se.scp
09:46:Loading scripts/items/sphere_item_provisions_weapons_ml.scp
09:46:Loading scripts/items/sphere_item_provisions_weapons_aos.scp
09:46:Loading scripts/items/sphere_item_provisions_weapons.scp
09:46:Loading scripts/items/sphere_item_provisions_potions.scp
09:46:Loading scripts/items/sphere_item_provisions_ore.scp
09:46:Loading scripts/items/sphere_item_provisions_misc.scp
09:46:Loading scripts/items/sphere_item_provisions_jewelry.scp
09:46:Loading scripts/items/sphere_item_provisions_deeds.scp
09:46:Loading scripts/items/sphere_item_provisions_deed.scp
09:46:Loading scripts/items/sphere_item_provisions_clothing_ml.scp
09:46:Loading scripts/items/sphere_item_provisions_clothing.scp
09:46:Loading scripts/items/sphere_item_provisions_beers.scp
09:46:Loading scripts/items/sphere_item_provisions_armor_se.scp
09:46:Loading scripts/items/sphere_item_provisions_armor_ml.scp
09:46:Loading scripts/items/sphere_item_provisions_armor_color.scp
09:46:Loading scripts/items/sphere_item_provisions_armor_aos.scp
09:46:Loading scripts/items/sphere_item_provisions_armor.scp
09:46:Loading scripts/items/sphere_item_provisions_alchemy_magic.scp
09:46:Loading scripts/items/sphere_item_profession_tailor_tanner.scp
09:46:Loading scripts/items/sphere_item_profession_cook_barkeep_baker.scp
09:46:Loading scripts/items/sphere_item_profession_cartographer.scp
09:46:Loading scripts/items/sphere_item_profession_barber.scp
09:46:Loading scripts/items/sphere_item_profession_alchemist_mage.scp
09:46:Loading scripts/items/sphere_item_profession.scp
09:46:Loading scripts/items/sphere_item_multis_stairs.scp
09:46:Loading scripts/items/sphere_item_multis_houses_ships.scp
09:46:Loading scripts/items/sphere_item_multis_foundations.scp
09:46:Loading scripts/items/sphere_item_ml_misc.scp
09:46:Loading scripts/items/sphere_item_ml_floor_wall.scp
09:46:Loading scripts/items/sphere_item_ml.scp
09:46:Loading scripts/items/sphere_item_misc_se.scp
09:46:Loading scripts/items/sphere_item_misc.scp
09:46:Loading scripts/items/sphere_item_magic_weapon.scp
09:46:Loading scripts/items/sphere_item_magic_wands.scp
09:46:Loading scripts/items/sphere_item_magic_necromancer_aos.scp
09:46:Loading scripts/items/sphere_item_magic_leather.scp
09:46:Loading scripts/items/sphere_item_magic_armor.scp
09:46:Loading scripts/items/sphere_item_icons_new.scp
09:46:Loading scripts/items/sphere_item_ground_tiles.scp
09:46:Loading scripts/items/sphere_item_eight_age.scp
09:46:Loading scripts/items/sphere_item_deco_signs.scp
09:46:Loading scripts/items/sphere_item_deco_misc.scp
09:46:Loading scripts/items/sphere_item_deco_mini_houses.scp
09:46:Loading scripts/items/sphere_item_deco_lightsources.scp
09:46:Loading scripts/items/sphere_item_deco_furniture.scp
09:46:Loading scripts/items/sphere_item_deco_fireplace_chimney_oven.scp
09:46:Loading scripts/items/sphere_item_deco_evilitem.scp
09:46:Loading scripts/items/sphere_item_deco_dungeons_traps_dead.scp
09:46:Loading scripts/items/sphere_item_deco_curtains_banners_tapestries.scp
09:46:Loading scripts/items/sphere_item_deco_carvings_statues.scp
09:46:Loading scripts/items/sphere_item_deco_carpet_rugs.scp
09:46:Loading scripts/items/sphere_item_christimas.scp
09:46:Loading scripts/items/sphere_item_char_icons.scp
09:46:Loading scripts/items/sphere_item_building_walls_se.scp
09:46:Loading scripts/items/sphere_item_building_walls.scp
09:46:Loading scripts/items/sphere_item_building_stairs_ml.scp
09:46:Loading scripts/items/sphere_item_building_stairs.scp
09:46:Loading scripts/items/sphere_item_building_roofs_se.scp
09:46:Loading scripts/items/sphere_item_building_roofs_ml.scp
09:46:Loading scripts/items/sphere_item_building_roofs_aos.scp
09:46:Loading scripts/items/sphere_item_building_roofs.scp
09:46:Loading scripts/items/sphere_item_building_other.scp
09:46:Loading scripts/items/sphere_item_building_floors_se.scp
09:46:Loading scripts/items/sphere_item_building_floors.scp
09:46:Loading scripts/items/sphere_item_building_fence.scp
09:46:Loading scripts/items/sphere_item_building_doors.scp
09:46:Loading scripts/items/sphere_item_boulders_rocks.scp
09:46:Loading scripts/items/sphere_item_aos_se.scp
09:46:Loading scripts/items/sphere_item_animations.scp
09:46:Loading scripts/sphere_region.scp
09:46:Loading scripts/maps/sphere_map0.scp
09:46:Loading scripts/maps/sphere_map1.scp
09:46:Loading scripts/maps/sphere_map_points0.scp
09:46:Loading scripts/maps/sphere_map_points1.scp
09:46:Loading scripts/sphere_menu.scp
09:46:Loading scripts/sphere_name.scp
09:46:Loading scripts/sphere_skillmenu.scp
09:46:Loading scripts/sphere_spawns.scp
09:46:Loading scripts/sphere_speech.scp
09:46:Loading scripts/sphere_skills.scp
09:46:Loading scripts/sphere_spells.scp
09:46:Loading scripts/sphere_newb.scp
09:46:Loading scripts/sphere_template.scp
09:46:Loading scripts/sphere_template_loot.scp
09:46:Loading scripts/sphere_template_vend.scp
09:46:Loading scripts/sphere_triggers.scp
09:46:Loading scripts/sphere_serv_triggers.scp
09:46:Loading scripts/speech/townyew.scp
09:46:Loading scripts/speech/townwind.scp
09:46:Loading scripts/speech/townvesper.scp
09:46:Loading scripts/speech/towntrinsic.scp
09:46:Loading scripts/speech/townskarabrae.scp
09:46:Loading scripts/speech/townserphold.scp
09:46:Loading scripts/speech/townnujelm.scp
09:46:Loading scripts/speech/townmoonglow.scp
09:46:Loading scripts/speech/townminoc.scp
09:46:Loading scripts/speech/townmagincia.scp
09:46:Loading scripts/speech/townjhelom.scp
09:46:Loading scripts/speech/towncove.scp
09:46:Loading scripts/speech/townbucsden.scp
09:46:Loading scripts/speech/townbritain.scp
09:46:Loading scripts/speech/spherespee.scp
09:46:Loading scripts/speech/speakshopkeep.scp
09:46:Loading scripts/speech/speakrehello.scp
09:46:Loading scripts/speech/speakorc.scp
09:46:Loading scripts/speech/speakneeds.scp
09:46:Loading scripts/speech/speakmaster.scp
09:46:Loading scripts/speech/speakhuman.scp
09:46:Loading scripts/speech/speakhorse.scp
09:46:Loading scripts/speech/jobweaver.scp
09:46:Loading scripts/speech/jobweaponstrainer.scp
09:46:Loading scripts/speech/jobweaponsmith.scp
09:46:Loading scripts/speech/jobwaiter.scp
09:46:Loading scripts/speech/jobvet.scp
09:46:Loading scripts/speech/jobveggie.scp
09:46:Loading scripts/speech/jobtinker.scp
09:46:Loading scripts/speech/jobthief.scp
09:46:Loading scripts/speech/jobtavernkeeper.scp
09:46:Loading scripts/speech/jobtanner.scp
09:46:Loading scripts/speech/jobshipwright.scp
09:46:Loading scripts/speech/jobshepherd.scp
09:46:Loading scripts/speech/jobservant.scp
09:46:Loading scripts/speech/jobsculptor.scp
09:46:Loading scripts/speech/jobscribe.scp
09:46:Loading scripts/speech/jobscholar.scp
09:46:Loading scripts/speech/jobsailor.scp
09:46:Loading scripts/speech/jobrunner.scp
09:46:Loading scripts/speech/jobrealtor.scp
09:46:Loading scripts/speech/jobranger.scp
09:46:Loading scripts/speech/jobrancher.scp
09:46:Loading scripts/speech/jobprovisioner.scp
09:46:Loading scripts/speech/jobprisoner.scp
09:46:Loading scripts/speech/jobpriest.scp
09:46:Loading scripts/speech/jobpirate.scp
09:46:Loading scripts/speech/jobparliament.scp
09:46:Loading scripts/speech/jobpaladin.scp
09:46:Loading scripts/speech/joboverseer.scp
09:46:Loading scripts/speech/jobnoble.scp
09:46:Loading scripts/speech/jobmonk.scp
09:46:Loading scripts/speech/jobminter.scp
09:46:Loading scripts/speech/jobminer.scp
09:46:Loading scripts/speech/jobmiller.scp
09:46:Loading scripts/speech/jobmayor.scp
09:46:Loading scripts/speech/jobmapmaker.scp
09:46:Loading scripts/speech/jobMageShop.scp
09:46:Loading scripts/speech/jobMageEvil.scp
09:46:Loading scripts/speech/jobMage.scp
09:46:Loading scripts/speech/joblaborer.scp
09:46:Loading scripts/speech/jobjudge.scp
09:46:Loading scripts/speech/jobjeweller.scp
09:46:Loading scripts/speech/jobjailor.scp
09:46:Loading scripts/speech/jobinnkeeper.scp
09:46:Loading scripts/speech/jobherbalist.scp
09:46:Loading scripts/speech/jobhealwand.scp
09:46:Loading scripts/speech/jobhealer.scp
09:46:Loading scripts/speech/jobGuard.scp
09:46:Loading scripts/speech/jobglassblower.scp
09:46:Loading scripts/speech/jobgambler.scp
09:46:Loading scripts/speech/jobfurtrader.scp
09:46:Loading scripts/speech/jobfarmer.scp
09:46:Loading scripts/speech/jobcobbler.scp
09:46:Loading scripts/speech/jobcashual.scp
09:46:Loading scripts/speech/jobcarpenter.scp
09:46:Loading scripts/speech/jobbutcher.scp
09:46:Loading scripts/speech/jobBrigand.scp
09:46:Loading scripts/speech/jobbowyer.scp
09:46:Loading scripts/speech/jobblacksmith.scp
09:46:Loading scripts/speech/jobbeggar.scp
09:46:Loading scripts/speech/jobbeekeeper.scp
09:46:Loading scripts/speech/jobbard.scp
09:46:Loading scripts/speech/jobbanker.scp
09:46:Loading scripts/speech/jobbaker.scp
09:46:Loading scripts/speech/jobartist.scp
09:46:Loading scripts/speech/jobarmourer.scp
09:46:Loading scripts/speech/jobarchitect.scp
09:46:Loading scripts/speech/jobanimal.scp
09:46:Loading scripts/speech/jobalchemist.scp
09:46:Loading scripts/speech/jobactor.scp
09:46:Loading scripts/sphere_msgs.scp
09:46:Loading scripts/stones/sphere_genericstone_types.scp
09:46:Loading scripts/stones/sphere_genericstone_items.scp
09:46:Loading scripts/stones/sphere_genericstone_functions.scp
09:46:Loading scripts/stones/sphere_genericstone_config.scp
09:46:Loading scripts/stones/guilds/sphere_guild_types.scp
09:46:Loading scripts/stones/guilds/sphere_guild_speech.scp
09:46:Loading scripts/stones/guilds/sphere_guild_promptconsole.scp
09:46:Loading scripts/stones/guilds/sphere_guild_items.scp
09:46:Loading scripts/stones/guilds/sphere_guild_functions_player.scp
09:46:Loading scripts/stones/guilds/sphere_guild_functions.scp
09:46:Loading scripts/stones/guilds/sphere_guild_events.scp
09:46:Loading scripts/stones/guilds/sphere_guild_dlg_warfarestatus.scp
09:46:Loading scripts/stones/guilds/sphere_guild_dlg_warfaredeclare.scp
09:46:Loading scripts/stones/guilds/sphere_guild_dlg_warfareadmin.scp
09:46:Loading scripts/stones/guilds/sphere_guild_dlg_master.scp
09:46:Loading scripts/stones/guilds/sphere_guild_dlg_main.scp
09:46:Loading scripts/stones/guilds/sphere_guild_dlg_guildlist.scp
09:46:Loading scripts/stones/guilds/sphere_guild_dlg_charter.scp
09:46:Loading scripts/stones/guilds/sphere_guild_dlg_charlist.scp
09:46:Loading scripts/stones/guilds/sphere_guild_dlg_align.scp
09:46:Loading scripts/stones/guilds/sphere_guild_config.scp
09:46:Loading scripts/stones/towns/sphere_town_types.scp
09:46:Loading scripts/stones/towns/sphere_town_speech.scp
09:46:Loading scripts/stones/towns/sphere_town_promptconsole.scp
09:46:Loading scripts/stones/towns/sphere_town_items.scp
09:46:Loading scripts/stones/towns/sphere_town_functions_player.scp
09:46:Loading scripts/stones/towns/sphere_town_functions.scp
09:46:Loading scripts/stones/towns/sphere_town_events.scp
09:46:Loading scripts/stones/towns/sphere_town_dlg_warfarestatus.scp
09:46:Loading scripts/stones/towns/sphere_town_dlg_warfaredeclare.scp
09:46:Loading scripts/stones/towns/sphere_town_dlg_warfareadmin.scp
09:46:Loading scripts/stones/towns/sphere_town_dlg_townlist.scp
09:46:Loading scripts/stones/towns/sphere_town_dlg_master.scp
09:46:Loading scripts/stones/towns/sphere_town_dlg_main.scp
09:46:Loading scripts/stones/towns/sphere_town_dlg_charter.scp
09:46:Loading scripts/stones/towns/sphere_town_dlg_charlist.scp
09:46:Loading scripts/stones/towns/sphere_town_dlg_align.scp
09:46:Loading scripts/stones/towns/sphere_town_config.scp
09:46:Loading scripts/war script/sistema_runebook.scp
09:46:Loading scripts/war script/sistema_de_news.scp
09:46:Loading scripts/war script/sistema_bandagem.scp
09:46:Loading scripts/war script/sistema_arena_x1.scp
09:46:Loading scripts/war script/roupas.scp
09:46:Loading scripts/war script/plates.scp
09:46:Loading scripts/war script/pisos e gates.scp
09:46:Loading scripts/war script/pedra_votacao.scp
09:46:Loading scripts/war script/pedras.scp
09:46:Loading scripts/war script/Jail Staff.scp
09:46:Loading scripts/war script/itens_uteis.scp
09:46:Loading scripts/war script/itens_pvp.scp
09:46:Loading scripts/war script/events.scp
09:46:Loading scripts/war script/comandos.scp
09:46:Loading scripts/war script/arena_warrior.scp
09:46:Loading scripts/war script/areas.scp
09:46:Loading scripts/war script/accountinfo.scp
09:46:Loaded 54 client encryption keys.
09:46:Server started on 'DESKTOP-DE6N0I2' port 2593.
09:46:Monitoring IP '192.168.5.1'.
09:46:Monitoring IP '192.168.146.1'.
09:46:Monitoring IP '192.168.56.1'.
09:46:Monitoring IP '192.168.0.187'.
09:46:Loading save/spheredata...
09:46:Loading save/spherestatics...
09:46:Loading save/spheremultis...
09:46:Loading save/sphereworld...
09:46:Loading save/spherechars...
09:46:GC: 3059 Objects accounted for
09:46:Auto-complete dictionary loaded (contains 142 words).
09:46:Option flags: CommandSysmessages + NoHouseMuteSpeech
09:46:Admin=me@my.email.com, URL=www.myshard.com, Lang=English, TZ=0
09:46:Startup complete. items=3030, chars=29
09:46:Press '?' for console commands
09:46:FATAL:Server terminated by error 5!

09:47:Sphere Version 0.56b-Nightly [WIN32] by www.sphereserver.com, compiled at Sep  9 2008 (16:35:28)
09:47:WARNING: --- WARNING ---

This is a nightly build of SphereServer. This build is to be used
for testing and/or bug reporting ONLY. DO NOT run this build on a
live shard unless you know what you are doing!
Nightly builds are automatically made every night from source and
might contain errors, might be unstable or even destroy your
shard as they are mostly untested!
 ---------------------------------

09:47:Expansion maps supported: T2A, LBR, AOS, SE
09:47:Allocating map sectors: 0=6144 1=6144 2=900 3=1280 4=32761
09:47:Indexing 259 scripts...
09:47:Loading scripts/sphere_defs.scp
09:47:Loading scripts/sphere_types.scp
09:47:Loading scripts/sphere_book.scp
09:47:Loading scripts/sphere_backward_compatibility.scp
09:47:Loading scripts/sphere_events_human.scp
09:47:Loading scripts/sphere_events_npcs.scp
09:47:Loading scripts/npcs/spherechar_se.scp
09:47:Loading scripts/npcs/spherechar_new_mounts.scp
09:47:Loading scripts/npcs/spherechar_mondains_legacy.scp
09:47:Loading scripts/npcs/spherechar_misc.scp
09:47:Loading scripts/npcs/spherechar_lbr.scp
09:47:Loading scripts/npcs/spherechar_human.scp
09:47:Loading scripts/npcs/spherechar_evil.scp
09:47:Loading scripts/npcs/spherechar_aos.scp
09:47:Loading scripts/npcs/spherechar_anim.scp
09:47:Loading scripts/npcs/spherechar.scp
09:47:Loading scripts/sphere_admin.scp
09:47:Loading scripts/sphere_dialog.scp
09:47:Loading scripts/items/sphere_item_resources.scp
09:47:Loading scripts/items/sphere_minor_artifacts.scp
09:47:Loading scripts/items/sphere_item_vegetation.scp
09:47:Loading scripts/items/sphere_item_unsorted.scp
09:47:Loading scripts/items/sphere_item_treasure_maps.scp
09:47:Loading scripts/items/sphere_item_ship_parts.scp
09:47:Loading scripts/items/sphere_item_provisions_weapons_se.scp
09:47:Loading scripts/items/sphere_item_provisions_weapons_ml.scp
09:47:Loading scripts/items/sphere_item_provisions_weapons_aos.scp
09:47:Loading scripts/items/sphere_item_provisions_weapons.scp
09:47:Loading scripts/items/sphere_item_provisions_potions.scp
09:47:Loading scripts/items/sphere_item_provisions_ore.scp
09:47:Loading scripts/items/sphere_item_provisions_misc.scp
09:47:Loading scripts/items/sphere_item_provisions_jewelry.scp
09:47:Loading scripts/items/sphere_item_provisions_deeds.scp
09:47:Loading scripts/items/sphere_item_provisions_deed.scp
09:47:Loading scripts/items/sphere_item_provisions_clothing_ml.scp
09:47:Loading scripts/items/sphere_item_provisions_clothing.scp
09:47:Loading scripts/items/sphere_item_provisions_beers.scp
09:47:Loading scripts/items/sphere_item_provisions_armor_se.scp
09:47:Loading scripts/items/sphere_item_provisions_armor_ml.scp
09:47:Loading scripts/items/sphere_item_provisions_armor_color.scp
09:47:Loading scripts/items/sphere_item_provisions_armor_aos.scp
09:47:Loading scripts/items/sphere_item_provisions_armor.scp
09:47:Loading scripts/items/sphere_item_provisions_alchemy_magic.scp
09:47:Loading scripts/items/sphere_item_profession_tailor_tanner.scp
09:47:Loading scripts/items/sphere_item_profession_cook_barkeep_baker.scp
09:47:Loading scripts/items/sphere_item_profession_cartographer.scp
09:47:Loading scripts/items/sphere_item_profession_barber.scp
09:47:Loading scripts/items/sphere_item_profession_alchemist_mage.scp
09:47:Loading scripts/items/sphere_item_profession.scp
09:47:Loading scripts/items/sphere_item_multis_stairs.scp
09:47:Loading scripts/items/sphere_item_multis_houses_ships.scp
09:47:Loading scripts/items/sphere_item_multis_foundations.scp
09:47:Loading scripts/items/sphere_item_ml_misc.scp
09:47:Loading scripts/items/sphere_item_ml_floor_wall.scp
09:47:Loading scripts/items/sphere_item_ml.scp
09:47:Loading scripts/items/sphere_item_misc_se.scp
09:47:Loading scripts/items/sphere_item_misc.scp
09:47:Loading scripts/items/sphere_item_magic_weapon.scp
09:47:Loading scripts/items/sphere_item_magic_wands.scp
09:47:Loading scripts/items/sphere_item_magic_necromancer_aos.scp
09:47:Loading scripts/items/sphere_item_magic_leather.scp
09:47:Loading scripts/items/sphere_item_magic_armor.scp
09:47:Loading scripts/items/sphere_item_icons_new.scp
09:47:Loading scripts/items/sphere_item_ground_tiles.scp
09:47:Loading scripts/items/sphere_item_eight_age.scp
09:47:Loading scripts/items/sphere_item_deco_signs.scp
09:47:Loading scripts/items/sphere_item_deco_misc.scp
09:47:Loading scripts/items/sphere_item_deco_mini_houses.scp
09:47:Loading scripts/items/sphere_item_deco_lightsources.scp
09:47:Loading scripts/items/sphere_item_deco_furniture.scp
09:47:Loading scripts/items/sphere_item_deco_fireplace_chimney_oven.scp
09:47:Loading scripts/items/sphere_item_deco_evilitem.scp
09:47:Loading scripts/items/sphere_item_deco_dungeons_traps_dead.scp
09:47:Loading scripts/items/sphere_item_deco_curtains_banners_tapestries.scp
09:47:Loading scripts/items/sphere_item_deco_carvings_statues.scp
09:47:Loading scripts/items/sphere_item_deco_carpet_rugs.scp
09:47:Loading scripts/items/sphere_item_christimas.scp
09:47:Loading scripts/items/sphere_item_char_icons.scp
09:47:Loading scripts/items/sphere_item_building_walls_se.scp
09:47:Loading scripts/items/sphere_item_building_walls.scp
09:47:Loading scripts/items/sphere_item_building_stairs_ml.scp
09:47:Loading scripts/items/sphere_item_building_stairs.scp
09:47:Loading scripts/items/sphere_item_building_roofs_se.scp
09:47:Loading scripts/items/sphere_item_building_roofs_ml.scp
09:47:Loading scripts/items/sphere_item_building_roofs_aos.scp
09:47:Loading scripts/items/sphere_item_building_roofs.scp
09:47:Loading scripts/items/sphere_item_building_other.scp
09:47:Loading scripts/items/sphere_item_building_floors_se.scp
09:47:Loading scripts/items/sphere_item_building_floors.scp
09:47:Loading scripts/items/sphere_item_building_fence.scp
09:47:Loading scripts/items/sphere_item_building_doors.scp
09:47:Loading scripts/items/sphere_item_boulders_rocks.scp
09:47:Loading scripts/items/sphere_item_aos_se.scp
09:47:Loading scripts/items/sphere_item_animations.scp
09:47:Loading scripts/sphere_region.scp
09:47:Loading scripts/maps/sphere_map0.scp
09:47:Loading scripts/maps/sphere_map1.scp
09:47:Loading scripts/maps/sphere_map_points0.scp
09:47:Loading scripts/maps/sphere_map_points1.scp
09:47:Loading scripts/sphere_menu.scp
09:47:Loading scripts/sphere_name.scp
09:47:Loading scripts/sphere_skillmenu.scp
09:47:Loading scripts/sphere_spawns.scp
09:47:Loading scripts/sphere_speech.scp
09:47:Loading scripts/sphere_skills.scp
09:47:Loading scripts/sphere_spells.scp
09:47:Loading scripts/sphere_newb.scp
09:47:Loading scripts/sphere_template.scp
09:47:Loading scripts/sphere_template_loot.scp
09:47:Loading scripts/sphere_template_vend.scp
09:47:Loading scripts/sphere_triggers.scp
09:47:Loading scripts/sphere_serv_triggers.scp
09:47:Loading scripts/speech/townyew.scp
09:47:Loading scripts/speech/townwind.scp
09:47:Loading scripts/speech/townvesper.scp
09:47:Loading scripts/speech/towntrinsic.scp
09:47:Loading scripts/speech/townskarabrae.scp
09:47:Loading scripts/speech/townserphold.scp
09:47:Loading scripts/speech/townnujelm.scp
09:47:Loading scripts/speech/townmoonglow.scp
09:47:Loading scripts/speech/townminoc.scp
09:47:Loading scripts/speech/townmagincia.scp
09:47:Loading scripts/speech/townjhelom.scp
09:47:Loading scripts/speech/towncove.scp
09:47:Loading scripts/speech/townbucsden.scp
09:47:Loading scripts/speech/townbritain.scp
09:47:Loading scripts/speech/spherespee.scp
09:47:Loading scripts/speech/speakshopkeep.scp
09:47:Loading scripts/speech/speakrehello.scp
09:47:Loading scripts/speech/speakorc.scp
09:47:Loading scripts/speech/speakneeds.scp
09:47:Loading scripts/speech/speakmaster.scp
09:47:Loading scripts/speech/speakhuman.scp
09:47:Loading scripts/speech/speakhorse.scp
09:47:Loading scripts/speech/jobweaver.scp
09:47:Loading scripts/speech/jobweaponstrainer.scp
09:47:Loading scripts/speech/jobweaponsmith.scp
09:47:Loading scripts/speech/jobwaiter.scp
09:47:Loading scripts/speech/jobvet.scp
09:47:Loading scripts/speech/jobveggie.scp
09:47:Loading scripts/speech/jobtinker.scp
09:47:Loading scripts/speech/jobthief.scp
09:47:Loading scripts/speech/jobtavernkeeper.scp
09:47:Loading scripts/speech/jobtanner.scp
09:47:Loading scripts/speech/jobshipwright.scp
09:47:Loading scripts/speech/jobshepherd.scp
09:47:Loading scripts/speech/jobservant.scp
09:47:Loading scripts/speech/jobsculptor.scp
09:47:Loading scripts/speech/jobscribe.scp
09:47:Loading scripts/speech/jobscholar.scp
09:47:Loading scripts/speech/jobsailor.scp
09:47:Loading scripts/speech/jobrunner.scp
09:47:Loading scripts/speech/jobrealtor.scp
09:47:Loading scripts/speech/jobranger.scp
09:47:Loading scripts/speech/jobrancher.scp
09:47:Loading scripts/speech/jobprovisioner.scp
09:47:Loading scripts/speech/jobprisoner.scp
09:47:Loading scripts/speech/jobpriest.scp
09:47:Loading scripts/speech/jobpirate.scp
09:47:Loading scripts/speech/jobparliament.scp
09:47:Loading scripts/speech/jobpaladin.scp
09:47:Loading scripts/speech/joboverseer.scp
09:47:Loading scripts/speech/jobnoble.scp
09:47:Loading scripts/speech/jobmonk.scp
09:47:Loading scripts/speech/jobminter.scp
09:47:Loading scripts/speech/jobminer.scp
09:47:Loading scripts/speech/jobmiller.scp
09:47:Loading scripts/speech/jobmayor.scp
09:47:Loading scripts/speech/jobmapmaker.scp
09:47:Loading scripts/speech/jobMageShop.scp
09:47:Loading scripts/speech/jobMageEvil.scp
09:47:Loading scripts/speech/jobMage.scp
09:47:Loading scripts/speech/joblaborer.scp
09:47:Loading scripts/speech/jobjudge.scp
09:47:Loading scripts/speech/jobjeweller.scp
09:47:Loading scripts/speech/jobjailor.scp
09:47:Loading scripts/speech/jobinnkeeper.scp
09:47:Loading scripts/speech/jobherbalist.scp
09:47:Loading scripts/speech/jobhealwand.scp
09:47:Loading scripts/speech/jobhealer.scp
09:47:Loading scripts/speech/jobGuard.scp
09:47:Loading scripts/speech/jobglassblower.scp
09:47:Loading scripts/speech/jobgambler.scp
09:47:Loading scripts/speech/jobfurtrader.scp
09:47:Loading scripts/speech/jobfarmer.scp
09:47:Loading scripts/speech/jobcobbler.scp
09:47:Loading scripts/speech/jobcashual.scp
09:47:Loading scripts/speech/jobcarpenter.scp
09:47:Loading scripts/speech/jobbutcher.scp
09:47:Loading scripts/speech/jobBrigand.scp
09:47:Loading scripts/speech/jobbowyer.scp
09:47:Loading scripts/speech/jobblacksmith.scp
09:47:Loading scripts/speech/jobbeggar.scp
09:47:Loading scripts/speech/jobbeekeeper.scp
09:47:Loading scripts/speech/jobbard.scp
09:47:Loading scripts/speech/jobbanker.scp
09:47:Loading scripts/speech/jobbaker.scp
09:47:Loading scripts/speech/jobartist.scp
09:47:Loading scripts/speech/jobarmourer.scp
09:47:Loading scripts/speech/jobarchitect.scp
09:47:Loading scripts/speech/jobanimal.scp
09:47:Loading scripts/speech/jobalchemist.scp
09:47:Loading scripts/speech/jobactor.scp
09:47:Loading scripts/sphere_msgs.scp
09:47:Loading scripts/stones/sphere_genericstone_types.scp
09:47:Loading scripts/stones/sphere_genericstone_items.scp
09:47:Loading scripts/stones/sphere_genericstone_functions.scp
09:47:Loading scripts/stones/sphere_genericstone_config.scp
09:47:Loading scripts/stones/guilds/sphere_guild_types.scp
09:47:Loading scripts/stones/guilds/sphere_guild_speech.scp
09:47:Loading scripts/stones/guilds/sphere_guild_promptconsole.scp
09:47:Loading scripts/stones/guilds/sphere_guild_items.scp
09:47:Loading scripts/stones/guilds/sphere_guild_functions_player.scp
09:47:Loading scripts/stones/guilds/sphere_guild_functions.scp
09:47:Loading scripts/stones/guilds/sphere_guild_events.scp
09:47:Loading scripts/stones/guilds/sphere_guild_dlg_warfarestatus.scp
09:47:Loading scripts/stones/guilds/sphere_guild_dlg_warfaredeclare.scp
09:47:Loading scripts/stones/guilds/sphere_guild_dlg_warfareadmin.scp
09:47:Loading scripts/stones/guilds/sphere_guild_dlg_master.scp
09:47:Loading scripts/stones/guilds/sphere_guild_dlg_main.scp
09:47:Loading scripts/stones/guilds/sphere_guild_dlg_guildlist.scp
09:47:Loading scripts/stones/guilds/sphere_guild_dlg_charter.scp
09:47:Loading scripts/stones/guilds/sphere_guild_dlg_charlist.scp
09:47:Loading scripts/stones/guilds/sphere_guild_dlg_align.scp
09:47:Loading scripts/stones/guilds/sphere_guild_config.scp
09:47:Loading scripts/stones/towns/sphere_town_types.scp
09:47:Loading scripts/stones/towns/sphere_town_speech.scp
09:47:Loading scripts/stones/towns/sphere_town_promptconsole.scp
09:47:Loading scripts/stones/towns/sphere_town_items.scp
09:47:Loading scripts/stones/towns/sphere_town_functions_player.scp
09:47:Loading scripts/stones/towns/sphere_town_functions.scp
09:47:Loading scripts/stones/towns/sphere_town_events.scp
09:47:Loading scripts/stones/towns/sphere_town_dlg_warfarestatus.scp
09:47:Loading scripts/stones/towns/sphere_town_dlg_warfaredeclare.scp
09:47:Loading scripts/stones/towns/sphere_town_dlg_warfareadmin.scp
09:47:Loading scripts/stones/towns/sphere_town_dlg_townlist.scp
09:47:Loading scripts/stones/towns/sphere_town_dlg_master.scp
09:47:Loading scripts/stones/towns/sphere_town_dlg_main.scp
09:47:Loading scripts/stones/towns/sphere_town_dlg_charter.scp
09:47:Loading scripts/stones/towns/sphere_town_dlg_charlist.scp
09:47:Loading scripts/stones/towns/sphere_town_dlg_align.scp
09:47:Loading scripts/stones/towns/sphere_town_config.scp
09:47:Loading scripts/war script/sistema_runebook.scp
09:47:Loading scripts/war script/sistema_de_news.scp
09:47:Loading scripts/war script/sistema_bandagem.scp
09:47:Loading scripts/war script/sistema_arena_x1.scp
09:47:Loading scripts/war script/roupas.scp
09:47:Loading scripts/war script/plates.scp
09:47:Loading scripts/war script/pisos e gates.scp
09:47:Loading scripts/war script/pedra_votacao.scp
09:47:Loading scripts/war script/pedras.scp
09:47:Loading scripts/war script/Jail Staff.scp
09:47:Loading scripts/war script/itens_uteis.scp
09:47:Loading scripts/war script/itens_pvp.scp
09:47:Loading scripts/war script/events.scp
09:47:Loading scripts/war script/comandos.scp
09:47:Loading scripts/war script/arena_warrior.scp
09:47:Loading scripts/war script/areas.scp
09:47:Loading scripts/war script/accountinfo.scp
09:47:Loaded 54 client encryption keys.
09:47:Server started on 'DESKTOP-DE6N0I2' port 2593.
09:47:Monitoring IP '192.168.5.1'.
09:47:Monitoring IP '192.168.146.1'.
09:47:Monitoring IP '192.168.56.1'.
09:47:Monitoring IP '192.168.0.187'.
09:47:Loading save/spheredata...
09:47:Loading save/spherestatics...
09:47:Loading save/spheremultis...
09:47:Loading save/sphereworld...
09:47:Loading save/spherechars...
09:47:GC: 3059 Objects accounted for
09:47:Auto-complete dictionary loaded (contains 142 words).
09:47:Option flags: CommandSysmessages + NoHouseMuteSpeech
09:47:Admin=me@my.email.com, URL=www.myshard.com, Lang=English, TZ=0
09:47:Startup complete. items=3030, chars=29
09:47:Press '?' for console commands
09:47:494:Client connected [Total:1] ('127.0.0.1' 1/1)
09:47:494:Login 'rodrigo10'
09:47:494:Client disconnected [Total:0] ('127.0.0.1' 0/0)
09:47:494:Client connected [Total:1] ('127.0.0.1' 1/1)
09:47:494:Login 'rodrigo10'
09:47:494:Setup_Start acct='rodrigo10', char='eL DiGuInhO', IP='127.0.0.1'
10:08:GC: 3062 Objects accounted for
10:08:World data saved   (save/sphereworld.scp).
10:08:Player data saved  (save/spherechars.scp).
10:08:Multi data saved   (save/spheremultis.scp).
10:08:Context data saved (save/spheredata.scp).
10:08:World save completed, took 0.3118 seconds
10:29:GC: 3064 Objects accounted for
10:29:World data saved   (save/sphereworld.scp).
10:29:Player data saved  (save/spherechars.scp).
10:29:Multi data saved   (save/spheremultis.scp).
10:29:Context data saved (save/spheredata.scp).
10:29:World save completed, took 0.2566 seconds
10:30:494:Client disconnected [Total:0] ('127.0.0.1' 0/0)
10:30:ERROR:Undefined keyword 'stop'
10:30:ERROR:Undefined keyword 'stop'
10:30:ERROR:Undefined keyword 'quit'
10:30:ERROR:Undefined keyword 'exit'
10:30:FATAL:Server terminated by error 5!
